{"/home/travis/build/kaizhu256/node-swagger-ui-lite/test.js":{"path":"/home/travis/build/kaizhu256/node-swagger-ui-lite/test.js","s":{"1":2,"2":2,"3":2,"4":2,"5":2,"6":2,"7":2,"8":2,"9":2,"10":2,"11":2,"12":0,"13":0,"14":0,"15":0,"16":0,"17":2,"18":0,"19":2,"20":0,"21":2,"22":0,"23":2,"24":0,"25":0,"26":0,"27":0,"28":0,"29":0,"30":0,"31":0,"32":0,"33":2,"34":2,"35":2,"36":2,"37":2,"38":2,"39":2,"40":2,"41":1,"42":1,"43":1,"44":1,"45":1,"46":1,"47":1,"48":1,"49":1,"50":1,"51":1,"52":1,"53":1,"54":1,"55":1,"56":7,"57":1,"58":1,"59":1,"60":12,"61":11,"62":1,"63":1,"64":1,"65":42,"66":26,"67":1,"68":1,"69":1,"70":1,"71":1,"72":1,"73":1,"74":2,"75":2,"76":1,"77":1,"78":1,"79":1,"80":1,"81":1,"82":1,"83":1},"b":{"1":[2,1,1,1,1],"2":[0,0],"3":[0,0],"4":[0,0,0],"5":[0,0],"6":[0,0],"7":[0,2],"8":[2,1],"9":[1,1],"10":[11,1],"11":[26,16],"12":[1,1]},"f":{"1":2,"2":2,"3":0,"4":0,"5":0,"6":0,"7":0,"8":2,"9":2,"10":2,"11":2,"12":1,"13":1,"14":7,"15":12,"16":42,"17":2},"fnMap":{"1":{"name":"(anonymous_1)","line":4,"loc":{"start":{"line":4,"column":1},"end":{"line":4,"column":23}},"skip":true},"2":{"name":"(anonymous_2)","line":9,"loc":{"start":{"line":9,"column":5},"end":{"line":9,"column":17}},"skip":true},"3":{"name":"(anonymous_3)","line":27,"loc":{"start":{"line":27,"column":24},"end":{"line":27,"column":51}},"skip":true},"4":{"name":"(anonymous_4)","line":54,"loc":{"start":{"line":54,"column":26},"end":{"line":54,"column":41}},"skip":true},"5":{"name":"(anonymous_5)","line":62,"loc":{"start":{"line":62,"column":21},"end":{"line":62,"column":38}},"skip":true},"6":{"name":"(anonymous_6)","line":68,"loc":{"start":{"line":68,"column":16},"end":{"line":68,"column":28}},"skip":true},"7":{"name":"(anonymous_7)","line":77,"loc":{"start":{"line":77,"column":41},"end":{"line":77,"column":53}},"skip":true},"8":{"name":"(anonymous_8)","line":97,"loc":{"start":{"line":97,"column":1},"end":{"line":97,"column":18}}},"9":{"name":"(anonymous_9)","line":103,"loc":{"start":{"line":103,"column":1},"end":{"line":103,"column":13}}},"10":{"name":"(anonymous_10)","line":114,"loc":{"start":{"line":114,"column":1},"end":{"line":114,"column":13}}},"11":{"name":"(anonymous_11)","line":115,"loc":{"start":{"line":115,"column":41},"end":{"line":115,"column":69}}},"12":{"name":"(anonymous_12)","line":125,"loc":{"start":{"line":125,"column":27},"end":{"line":125,"column":39}}},"13":{"name":"(anonymous_13)","line":130,"loc":{"start":{"line":130,"column":16},"end":{"line":130,"column":33}}},"14":{"name":"(anonymous_14)","line":148,"loc":{"start":{"line":148,"column":22},"end":{"line":148,"column":37}}},"15":{"name":"(anonymous_15)","line":188,"loc":{"start":{"line":188,"column":11},"end":{"line":188,"column":29}}},"16":{"name":"(anonymous_16)","line":195,"loc":{"start":{"line":195,"column":45},"end":{"line":195,"column":60}}},"17":{"name":"(anonymous_17)","line":214,"loc":{"start":{"line":214,"column":38},"end":{"line":214,"column":66}}}},"statementMap":{"1":{"start":{"line":4,"column":0},"end":{"line":93,"column":9},"skip":true},"2":{"start":{"line":6,"column":4},"end":{"line":6,"column":21},"skip":true},"3":{"start":{"line":7,"column":4},"end":{"line":7,"column":14},"skip":true},"4":{"start":{"line":9,"column":4},"end":{"line":13,"column":9},"skip":true},"5":{"start":{"line":10,"column":8},"end":{"line":12,"column":27},"skip":true},"6":{"start":{"line":11,"column":12},"end":{"line":11,"column":51},"skip":true},"7":{"start":{"line":14,"column":4},"end":{"line":14,"column":39},"skip":true},"8":{"start":{"line":16,"column":4},"end":{"line":16,"column":15},"skip":true},"9":{"start":{"line":18,"column":4},"end":{"line":24,"column":6},"skip":true},"10":{"start":{"line":25,"column":4},"end":{"line":25,"column":35},"skip":true},"11":{"start":{"line":27,"column":4},"end":{"line":53,"column":6},"skip":true},"12":{"start":{"line":31,"column":8},"end":{"line":31,"column":18},"skip":true},"13":{"start":{"line":32,"column":8},"end":{"line":34,"column":9},"skip":true},"14":{"start":{"line":33,"column":12},"end":{"line":33,"column":19},"skip":true},"15":{"start":{"line":35,"column":8},"end":{"line":51,"column":10},"skip":true},"16":{"start":{"line":52,"column":8},"end":{"line":52,"column":20},"skip":true},"17":{"start":{"line":54,"column":4},"end":{"line":61,"column":6},"skip":true},"18":{"start":{"line":60,"column":8},"end":{"line":60,"column":32},"skip":true},"19":{"start":{"line":62,"column":4},"end":{"line":67,"column":6},"skip":true},"20":{"start":{"line":66,"column":8},"end":{"line":66,"column":21},"skip":true},"21":{"start":{"line":68,"column":4},"end":{"line":73,"column":6},"skip":true},"22":{"start":{"line":72,"column":8},"end":{"line":72,"column":15},"skip":true},"23":{"start":{"line":75,"column":4},"end":{"line":92,"column":5},"skip":true},"24":{"start":{"line":76,"column":8},"end":{"line":76,"column":37},"skip":true},"25":{"start":{"line":77,"column":8},"end":{"line":91,"column":10},"skip":true},"26":{"start":{"line":82,"column":12},"end":{"line":82,"column":24},"skip":true},"27":{"start":{"line":83,"column":12},"end":{"line":83,"column":44},"skip":true},"28":{"start":{"line":85,"column":12},"end":{"line":85,"column":62},"skip":true},"29":{"start":{"line":86,"column":12},"end":{"line":86,"column":49},"skip":true},"30":{"start":{"line":87,"column":12},"end":{"line":87,"column":49},"skip":true},"31":{"start":{"line":88,"column":12},"end":{"line":88,"column":31},"skip":true},"32":{"start":{"line":90,"column":12},"end":{"line":90,"column":30},"skip":true},"33":{"start":{"line":97,"column":0},"end":{"line":244,"column":5}},"34":{"start":{"line":103,"column":0},"end":{"line":109,"column":5}},"35":{"start":{"line":105,"column":0},"end":{"line":105,"column":69}},"36":{"start":{"line":106,"column":0},"end":{"line":106,"column":25}},"37":{"start":{"line":108,"column":0},"end":{"line":108,"column":28}},"38":{"start":{"line":114,"column":0},"end":{"line":240,"column":5}},"39":{"start":{"line":115,"column":4},"end":{"line":212,"column":6}},"40":{"start":{"line":119,"column":8},"end":{"line":122,"column":9}},"41":{"start":{"line":120,"column":12},"end":{"line":120,"column":35}},"42":{"start":{"line":121,"column":12},"end":{"line":121,"column":19}},"43":{"start":{"line":123,"column":8},"end":{"line":123,"column":21}},"44":{"start":{"line":124,"column":8},"end":{"line":124,"column":64}},"45":{"start":{"line":125,"column":8},"end":{"line":152,"column":10}},"46":{"start":{"line":126,"column":12},"end":{"line":126,"column":18}},"47":{"start":{"line":127,"column":12},"end":{"line":127,"column":25}},"48":{"start":{"line":128,"column":12},"end":{"line":128,"column":27}},"49":{"start":{"line":129,"column":12},"end":{"line":129,"column":23}},"50":{"start":{"line":130,"column":12},"end":{"line":135,"column":14}},"51":{"start":{"line":134,"column":16},"end":{"line":134,"column":29}},"52":{"start":{"line":136,"column":12},"end":{"line":136,"column":25}},"53":{"start":{"line":137,"column":12},"end":{"line":137,"column":27}},"54":{"start":{"line":139,"column":12},"end":{"line":139,"column":44}},"55":{"start":{"line":140,"column":12},"end":{"line":150,"column":15}},"56":{"start":{"line":149,"column":16},"end":{"line":149,"column":27}},"57":{"start":{"line":151,"column":12},"end":{"line":151,"column":32}},"58":{"start":{"line":154,"column":8},"end":{"line":154,"column":27}},"59":{"start":{"line":155,"column":8},"end":{"line":193,"column":12}},"60":{"start":{"line":189,"column":12},"end":{"line":191,"column":13}},"61":{"start":{"line":190,"column":16},"end":{"line":190,"column":26}},"62":{"start":{"line":192,"column":12},"end":{"line":192,"column":26}},"63":{"start":{"line":194,"column":8},"end":{"line":194,"column":65}},"64":{"start":{"line":195,"column":8},"end":{"line":199,"column":11}},"65":{"start":{"line":196,"column":12},"end":{"line":198,"column":13}},"66":{"start":{"line":197,"column":16},"end":{"line":197,"column":44}},"67":{"start":{"line":200,"column":8},"end":{"line":200,"column":42}},"68":{"start":{"line":201,"column":8},"end":{"line":201,"column":44}},"69":{"start":{"line":202,"column":8},"end":{"line":202,"column":40}},"70":{"start":{"line":203,"column":8},"end":{"line":203,"column":42}},"71":{"start":{"line":204,"column":8},"end":{"line":204,"column":33}},"72":{"start":{"line":205,"column":8},"end":{"line":210,"column":10}},"73":{"start":{"line":211,"column":8},"end":{"line":211,"column":44}},"74":{"start":{"line":214,"column":4},"end":{"line":239,"column":6}},"75":{"start":{"line":218,"column":8},"end":{"line":221,"column":9}},"76":{"start":{"line":219,"column":12},"end":{"line":219,"column":35}},"77":{"start":{"line":220,"column":12},"end":{"line":220,"column":19}},"78":{"start":{"line":222,"column":8},"end":{"line":222,"column":72}},"79":{"start":{"line":223,"column":8},"end":{"line":223,"column":69}},"80":{"start":{"line":224,"column":8},"end":{"line":224,"column":70}},"81":{"start":{"line":225,"column":8},"end":{"line":225,"column":75}},"82":{"start":{"line":226,"column":8},"end":{"line":237,"column":10}},"83":{"start":{"line":238,"column":8},"end":{"line":238,"column":41}}},"branchMap":{"1":{"line":19,"type":"binary-expr","locations":[{"start":{"line":19,"column":8},"end":{"line":19,"column":34},"skip":true},{"start":{"line":20,"column":11},"end":{"line":20,"column":32},"skip":true},{"start":{"line":21,"column":11},"end":{"line":21,"column":54},"skip":true},{"start":{"line":22,"column":11},"end":{"line":22,"column":26},"skip":true},{"start":{"line":23,"column":11},"end":{"line":23,"column":65},"skip":true}]},"2":{"line":32,"type":"if","locations":[{"start":{"line":32,"column":8},"end":{"line":32,"column":8},"skip":true},{"start":{"line":32,"column":8},"end":{"line":32,"column":8},"skip":true}]},"3":{"line":37,"type":"cond-expr","locations":[{"start":{"line":43,"column":14},"end":{"line":43,"column":21},"skip":true},{"start":{"line":44,"column":14},"end":{"line":50,"column":13},"skip":true}]},"4":{"line":38,"type":"binary-expr","locations":[{"start":{"line":38,"column":16},"end":{"line":38,"column":23},"skip":true},{"start":{"line":39,"column":19},"end":{"line":39,"column":54},"skip":true},{"start":{"line":40,"column":19},"end":{"line":40,"column":52},"skip":true}]},"5":{"line":45,"type":"cond-expr","locations":[{"start":{"line":47,"column":18},"end":{"line":47,"column":25},"skip":true},{"start":{"line":49,"column":18},"end":{"line":49,"column":50},"skip":true}]},"6":{"line":60,"type":"binary-expr","locations":[{"start":{"line":60,"column":15},"end":{"line":60,"column":18},"skip":true},{"start":{"line":60,"column":22},"end":{"line":60,"column":31},"skip":true}]},"7":{"line":75,"type":"if","locations":[{"start":{"line":75,"column":4},"end":{"line":75,"column":4},"skip":true},{"start":{"line":75,"column":4},"end":{"line":75,"column":4},"skip":true}]},"8":{"line":105,"type":"binary-expr","locations":[{"start":{"line":105,"column":9},"end":{"line":105,"column":28}},{"start":{"line":105,"column":32},"end":{"line":105,"column":51}}]},"9":{"line":119,"type":"if","locations":[{"start":{"line":119,"column":8},"end":{"line":119,"column":8}},{"start":{"line":119,"column":8},"end":{"line":119,"column":8}}]},"10":{"line":189,"type":"if","locations":[{"start":{"line":189,"column":12},"end":{"line":189,"column":12}},{"start":{"line":189,"column":12},"end":{"line":189,"column":12}}]},"11":{"line":196,"type":"if","locations":[{"start":{"line":196,"column":12},"end":{"line":196,"column":12}},{"start":{"line":196,"column":12},"end":{"line":196,"column":12}}]},"12":{"line":218,"type":"if","locations":[{"start":{"line":218,"column":8},"end":{"line":218,"column":8}},{"start":{"line":218,"column":8},"end":{"line":218,"column":8}}]}},"code":["/* istanbul instrument in package swagger_ui */","/* istanbul ignore next */","/* jslint utility2:true */","(function (globalThis) {","    \"use strict\";","    var consoleError;","    var local;","    // init globalThis","    (function () {","        try {","            globalThis = Function(\"return this\")(); // jslint ignore:line","        } catch (ignore) {}","    }());","    globalThis.globalThis = globalThis;","    // init local","    local = {};","    // init isBrowser","    local.isBrowser = (","        typeof window === \"object\"","        && window === globalThis","        && typeof window.XMLHttpRequest === \"function\"","        && window.document","        && typeof window.document.querySelectorAll === \"function\"","    );","    globalThis.globalLocal = local;","    // init function","    local.assertThrow = function (passed, message) {","    /*","     * this function will throw the error <message> if <passed> is falsy","     */","        var error;","        if (passed) {","            return;","        }","        error = (","            // ternary-operator","            (","                message","                && typeof message.message === \"string\"","                && typeof message.stack === \"string\"","            )","            // if message is an error-object, then leave it as is","            ? message","            : new Error(","                typeof message === \"string\"","                // if message is a string, then leave it as is","                ? message","                // else JSON.stringify message","                : JSON.stringify(message, null, 4)","            )","        );","        throw error;","    };","    local.functionOrNop = function (fnc) {","    /*","     * this function will if <fnc> exists,","     * them return <fnc>,","     * else return <nop>","     */","        return fnc || local.nop;","    };","    local.identity = function (value) {","    /*","     * this function will return <value>","     */","        return value;","    };","    local.nop = function () {","    /*","     * this function will do nothing","     */","        return;","    };","    // init debug_inline","    if (!globalThis[\"debug\\u0049nline\"]) {","        consoleError = console.error;","        globalThis[\"debug\\u0049nline\"] = function () {","        /*","         * this function will both print <arguments> to stderr","         * and return <arguments>[0]","         */","            var argList;","            argList = Array.from(arguments); // jslint ignore:line","            // debug arguments","            globalThis[\"debug\\u0049nlineArguments\"] = argList;","            consoleError(\"\\n\\ndebug\\u0049nline\");","            consoleError.apply(console, argList);","            consoleError(\"\\n\");","            // return arg0 for inspection","            return argList[0];","        };","    }","}(this));","","","","(function (local) {","\"use strict\";","","","","// run shared js-env code - init-before","(function () {","// init local","local = (globalThis.utility2 || require(\"utility2\")).requireReadme();","globalThis.local = local;","// init test","local.testRunDefault(local);","}());","","","","// run shared js-env code - function","(function () {","    local.testCase_buildApidoc_default = function (options, onError) {","    /*","     * this function will test buildApidoc's default handling-behavior-behavior","     */","        if (local.isBrowser) {","            onError(null, options);","            return;","        }","        options = {};","        options.global = local.objectSetDefault({}, globalThis);","        options.polyfill = function () {","            var $;","            var Backbone;","            var Handlebars;","            var window;","            $ = function (value) {","            /*","             * this function will return <value>","             */","                return value;","            };","            Backbone = $;","            Handlebars = $;","            // jslint-hack","            $(Backbone, Handlebars, window);","            [","                \"Collection\",","                \"Model\",","                \"Router\",","                \"View\",","                \"extend\",","                \"registerHelper\",","                \"template\"","            ].forEach(function (key) {","                $[key] = $;","            });","            window = globalThis;","        };","        // coverage-hack","        options.polyfill();","        local.vm.runInThisContext(local.jslintAndPrint(","/* jslint ignore:start */","'\\","/*jslint\\n\\","    node: true\\n\\","*/\\n\\","\"use strict\";\\n\\","var $;\\n\\","var Backbone;\\n\\","var Handlebars;\\n\\","var window;\\n\\","$ = Backbone = Handlebars = function (arg0) {\\n\\","    return arg0;\\n\\","};\\n\\","// jslint-hack\\n\\","$(Backbone, Handlebars, window);\\n\\","[\\n\\","    \"Collection\",\\n\\","    \"Model\",\\n\\","    \"Router\",\\n\\","    \"View\",\\n\\","    \"extend\",\\n\\","    \"registerHelper\",\\n\\","    \"template\"\\n\\","].forEach(function (key) {\\n\\","    $[key] = $;\\n\\","});\\n\\","window = global;\\n\\","', 'polyfill.js'","/* jslint ignore:end */","        ) + local.fs.readFileSync(\"assets.swagger_ui.rollup.js\", \"utf8\")","        .replace((","            /^\\/\\/\\u0020init\\u0020lib\\u0020[\\S\\s]*?\\n\\n\\n\\n/gm","        ), function (match0) {","            if (match0.indexOf(\"init lib swagger\") < 0) {","                return \"\";","            }","            return match0;","        }));","        options.exports = local.objectSetDefault({}, globalThis);","        Object.keys(options.exports).forEach(function (key) {","            if (options.exports[key] === options.global[key]) {","                delete options.exports[key];","            }","        });","        delete options.exports.$.Backbone;","        delete options.exports.$.Handlebars;","        delete options.exports.Backbone;","        delete options.exports.Handlebars;","        delete options.exports.$;","        options.moduleDict = {","            exampleFileList: [\"assets.swagger_ui.rollup.js\"],","            swagger_ui: {","                exports: options.exports","            }","        };","        local.buildApidoc(options, onError);","    };","","    local.testCase_buildApp_default = function (options, onError) {","    /*","     * this function will test buildApp's default handling-behavior-behavior","     */","        if (local.isBrowser) {","            onError(null, options);","            return;","        }","        local.testCase_buildReadme_default(options, local.onErrorThrow);","        local.testCase_buildLib_default(options, local.onErrorThrow);","        local.testCase_buildTest_default(options, local.onErrorThrow);","        local.testCase_buildCustomOrg_default(options, local.onErrorThrow);","        options = {","            assetsList: [{","                file: \"/assets.swagger_ui.html\",","                url: \"/assets.swagger_ui.html\"","            }, {","                file: \"/assets.swagger_ui.petstore.json\",","                url: \"/assets.swagger_ui.petstore.json\"","            }, {","                file: \"/assets.swagger_ui.rollup.js\",","                url: \"/assets.swagger_ui.rollup.js\"","            }]","        };","        local.buildApp(options, onError);","    };","}());","","","","}());",""],"l":{"4":2,"6":2,"7":2,"9":2,"10":2,"11":2,"14":2,"16":2,"18":2,"25":2,"27":2,"31":1,"32":1,"33":1,"35":1,"52":1,"54":2,"60":1,"62":2,"66":1,"68":2,"72":1,"75":2,"76":1,"77":1,"82":1,"83":1,"85":1,"86":1,"87":1,"88":1,"90":1,"97":2,"103":2,"105":2,"106":2,"108":2,"114":2,"115":2,"119":2,"120":1,"121":1,"123":1,"124":1,"125":1,"126":1,"127":1,"128":1,"129":1,"130":1,"134":1,"136":1,"137":1,"139":1,"140":1,"149":7,"151":1,"154":1,"155":1,"189":12,"190":11,"192":1,"194":1,"195":1,"196":42,"197":26,"200":1,"201":1,"202":1,"203":1,"204":1,"205":1,"211":1,"214":2,"218":2,"219":1,"220":1,"222":1,"223":1,"224":1,"225":1,"226":1,"238":1}},"/home/travis/build/kaizhu256/node-swagger-ui-lite/lib.swagger_ui.js":{"path":"/home/travis/build/kaizhu256/node-swagger-ui-lite/lib.swagger_ui.js","s":{"1":1,"2":1,"3":1,"4":1,"5":1,"6":1,"7":1,"8":1,"9":1,"10":1,"11":1,"12":0,"13":0,"14":0,"15":0,"16":0,"17":1,"18":0,"19":1,"20":0,"21":1,"22":0,"23":1,"24":0,"25":0,"26":0,"27":0,"28":0,"29":0,"30":0,"31":0,"32":0,"33":1,"34":1,"35":1,"36":1,"37":0,"38":1,"39":1,"40":1,"41":1,"42":1,"43":1,"44":1,"45":1,"46":1,"47":1,"48":1,"49":1,"50":1,"51":1,"52":1,"53":1,"54":1,"55":1,"56":1,"57":1,"58":1,"59":1,"60":1,"61":1,"62":1,"63":1,"64":1,"65":1,"66":1,"67":1,"68":1,"69":1,"70":1,"71":1,"72":0,"73":1,"74":1,"75":15,"76":15,"77":3,"78":1},"b":{"1":[1,0,0,0,0],"2":[0,0],"3":[0,0],"4":[0,0,0],"5":[0,0],"6":[0,0],"7":[0,1],"8":[1,1],"9":[0,1],"10":[0,1],"11":[1,1],"12":[3,12],"13":[3,3]},"f":{"1":1,"2":1,"3":0,"4":0,"5":0,"6":0,"7":0,"8":1,"9":1,"10":1,"11":15},"fnMap":{"1":{"name":"(anonymous_1)","line":14,"loc":{"start":{"line":14,"column":1},"end":{"line":14,"column":23}},"skip":true},"2":{"name":"(anonymous_2)","line":19,"loc":{"start":{"line":19,"column":5},"end":{"line":19,"column":17}},"skip":true},"3":{"name":"(anonymous_3)","line":37,"loc":{"start":{"line":37,"column":24},"end":{"line":37,"column":51}},"skip":true},"4":{"name":"(anonymous_4)","line":64,"loc":{"start":{"line":64,"column":26},"end":{"line":64,"column":41}},"skip":true},"5":{"name":"(anonymous_5)","line":72,"loc":{"start":{"line":72,"column":21},"end":{"line":72,"column":38}},"skip":true},"6":{"name":"(anonymous_6)","line":78,"loc":{"start":{"line":78,"column":16},"end":{"line":78,"column":28}},"skip":true},"7":{"name":"(anonymous_7)","line":87,"loc":{"start":{"line":87,"column":41},"end":{"line":87,"column":53}},"skip":true},"8":{"name":"(anonymous_8)","line":107,"loc":{"start":{"line":107,"column":1},"end":{"line":107,"column":18}}},"9":{"name":"(anonymous_9)","line":114,"loc":{"start":{"line":114,"column":1},"end":{"line":114,"column":13}},"skip":true},"10":{"name":"(anonymous_10)","line":171,"loc":{"start":{"line":171,"column":1},"end":{"line":171,"column":13}},"skip":true},"11":{"name":"(anonymous_11)","line":177,"loc":{"start":{"line":177,"column":50},"end":{"line":177,"column":66}},"skip":true}},"statementMap":{"1":{"start":{"line":14,"column":0},"end":{"line":103,"column":9},"skip":true},"2":{"start":{"line":16,"column":4},"end":{"line":16,"column":21},"skip":true},"3":{"start":{"line":17,"column":4},"end":{"line":17,"column":14},"skip":true},"4":{"start":{"line":19,"column":4},"end":{"line":23,"column":9},"skip":true},"5":{"start":{"line":20,"column":8},"end":{"line":22,"column":27},"skip":true},"6":{"start":{"line":21,"column":12},"end":{"line":21,"column":51},"skip":true},"7":{"start":{"line":24,"column":4},"end":{"line":24,"column":39},"skip":true},"8":{"start":{"line":26,"column":4},"end":{"line":26,"column":15},"skip":true},"9":{"start":{"line":28,"column":4},"end":{"line":34,"column":6},"skip":true},"10":{"start":{"line":35,"column":4},"end":{"line":35,"column":35},"skip":true},"11":{"start":{"line":37,"column":4},"end":{"line":63,"column":6},"skip":true},"12":{"start":{"line":41,"column":8},"end":{"line":41,"column":18},"skip":true},"13":{"start":{"line":42,"column":8},"end":{"line":44,"column":9},"skip":true},"14":{"start":{"line":43,"column":12},"end":{"line":43,"column":19},"skip":true},"15":{"start":{"line":45,"column":8},"end":{"line":61,"column":10},"skip":true},"16":{"start":{"line":62,"column":8},"end":{"line":62,"column":20},"skip":true},"17":{"start":{"line":64,"column":4},"end":{"line":71,"column":6},"skip":true},"18":{"start":{"line":70,"column":8},"end":{"line":70,"column":32},"skip":true},"19":{"start":{"line":72,"column":4},"end":{"line":77,"column":6},"skip":true},"20":{"start":{"line":76,"column":8},"end":{"line":76,"column":21},"skip":true},"21":{"start":{"line":78,"column":4},"end":{"line":83,"column":6},"skip":true},"22":{"start":{"line":82,"column":8},"end":{"line":82,"column":15},"skip":true},"23":{"start":{"line":85,"column":4},"end":{"line":102,"column":5},"skip":true},"24":{"start":{"line":86,"column":8},"end":{"line":86,"column":37},"skip":true},"25":{"start":{"line":87,"column":8},"end":{"line":101,"column":10},"skip":true},"26":{"start":{"line":92,"column":12},"end":{"line":92,"column":24},"skip":true},"27":{"start":{"line":93,"column":12},"end":{"line":93,"column":44},"skip":true},"28":{"start":{"line":95,"column":12},"end":{"line":95,"column":62},"skip":true},"29":{"start":{"line":96,"column":12},"end":{"line":96,"column":49},"skip":true},"30":{"start":{"line":97,"column":12},"end":{"line":97,"column":49},"skip":true},"31":{"start":{"line":98,"column":12},"end":{"line":98,"column":31},"skip":true},"32":{"start":{"line":100,"column":12},"end":{"line":100,"column":30},"skip":true},"33":{"start":{"line":107,"column":0},"end":{"line":192,"column":5}},"34":{"start":{"line":114,"column":0},"end":{"line":165,"column":5},"skip":true},"35":{"start":{"line":116,"column":0},"end":{"line":121,"column":2},"skip":true},"36":{"start":{"line":123,"column":0},"end":{"line":156,"column":1},"skip":true},"37":{"start":{"line":124,"column":4},"end":{"line":124,"column":43},"skip":true},"38":{"start":{"line":127,"column":4},"end":{"line":127,"column":37},"skip":true},"39":{"start":{"line":128,"column":4},"end":{"line":128,"column":37},"skip":true},"40":{"start":{"line":129,"column":4},"end":{"line":129,"column":51},"skip":true},"41":{"start":{"line":130,"column":4},"end":{"line":130,"column":39},"skip":true},"42":{"start":{"line":131,"column":4},"end":{"line":131,"column":37},"skip":true},"43":{"start":{"line":132,"column":4},"end":{"line":132,"column":35},"skip":true},"44":{"start":{"line":133,"column":4},"end":{"line":133,"column":31},"skip":true},"45":{"start":{"line":134,"column":4},"end":{"line":134,"column":37},"skip":true},"46":{"start":{"line":135,"column":4},"end":{"line":135,"column":37},"skip":true},"47":{"start":{"line":136,"column":4},"end":{"line":136,"column":29},"skip":true},"48":{"start":{"line":137,"column":4},"end":{"line":137,"column":33},"skip":true},"49":{"start":{"line":138,"column":4},"end":{"line":138,"column":35},"skip":true},"50":{"start":{"line":139,"column":4},"end":{"line":139,"column":31},"skip":true},"51":{"start":{"line":140,"column":4},"end":{"line":140,"column":29},"skip":true},"52":{"start":{"line":141,"column":4},"end":{"line":141,"column":33},"skip":true},"53":{"start":{"line":142,"column":4},"end":{"line":142,"column":47},"skip":true},"54":{"start":{"line":143,"column":4},"end":{"line":143,"column":41},"skip":true},"55":{"start":{"line":144,"column":4},"end":{"line":144,"column":33},"skip":true},"56":{"start":{"line":145,"column":4},"end":{"line":145,"column":37},"skip":true},"57":{"start":{"line":146,"column":4},"end":{"line":146,"column":53},"skip":true},"58":{"start":{"line":147,"column":4},"end":{"line":147,"column":37},"skip":true},"59":{"start":{"line":148,"column":4},"end":{"line":148,"column":31},"skip":true},"60":{"start":{"line":149,"column":4},"end":{"line":149,"column":31},"skip":true},"61":{"start":{"line":150,"column":4},"end":{"line":150,"column":31},"skip":true},"62":{"start":{"line":151,"column":4},"end":{"line":151,"column":33},"skip":true},"63":{"start":{"line":152,"column":4},"end":{"line":152,"column":29},"skip":true},"64":{"start":{"line":153,"column":4},"end":{"line":153,"column":33},"skip":true},"65":{"start":{"line":154,"column":4},"end":{"line":154,"column":27},"skip":true},"66":{"start":{"line":155,"column":4},"end":{"line":155,"column":41},"skip":true},"67":{"start":{"line":158,"column":0},"end":{"line":158,"column":20},"skip":true},"68":{"start":{"line":159,"column":0},"end":{"line":159,"column":25},"skip":true},"69":{"start":{"line":164,"column":0},"end":{"line":164,"column":7},"skip":true},"70":{"start":{"line":171,"column":0},"end":{"line":188,"column":5},"skip":true},"71":{"start":{"line":172,"column":4},"end":{"line":174,"column":5},"skip":true},"72":{"start":{"line":173,"column":8},"end":{"line":173,"column":15},"skip":true},"73":{"start":{"line":176,"column":4},"end":{"line":176,"column":46},"skip":true},"74":{"start":{"line":177,"column":4},"end":{"line":184,"column":7},"skip":true},"75":{"start":{"line":178,"column":8},"end":{"line":178,"column":26},"skip":true},"76":{"start":{"line":179,"column":8},"end":{"line":183,"column":9},"skip":true},"77":{"start":{"line":180,"column":12},"end":{"line":182,"column":14},"skip":true},"78":{"start":{"line":185,"column":4},"end":{"line":187,"column":6},"skip":true}},"branchMap":{"1":{"line":29,"type":"binary-expr","locations":[{"start":{"line":29,"column":8},"end":{"line":29,"column":34},"skip":true},{"start":{"line":30,"column":11},"end":{"line":30,"column":32},"skip":true},{"start":{"line":31,"column":11},"end":{"line":31,"column":54},"skip":true},{"start":{"line":32,"column":11},"end":{"line":32,"column":26},"skip":true},{"start":{"line":33,"column":11},"end":{"line":33,"column":65},"skip":true}]},"2":{"line":42,"type":"if","locations":[{"start":{"line":42,"column":8},"end":{"line":42,"column":8},"skip":true},{"start":{"line":42,"column":8},"end":{"line":42,"column":8},"skip":true}]},"3":{"line":47,"type":"cond-expr","locations":[{"start":{"line":53,"column":14},"end":{"line":53,"column":21},"skip":true},{"start":{"line":54,"column":14},"end":{"line":60,"column":13},"skip":true}]},"4":{"line":48,"type":"binary-expr","locations":[{"start":{"line":48,"column":16},"end":{"line":48,"column":23},"skip":true},{"start":{"line":49,"column":19},"end":{"line":49,"column":54},"skip":true},{"start":{"line":50,"column":19},"end":{"line":50,"column":52},"skip":true}]},"5":{"line":55,"type":"cond-expr","locations":[{"start":{"line":57,"column":18},"end":{"line":57,"column":25},"skip":true},{"start":{"line":59,"column":18},"end":{"line":59,"column":50},"skip":true}]},"6":{"line":70,"type":"binary-expr","locations":[{"start":{"line":70,"column":15},"end":{"line":70,"column":18},"skip":true},{"start":{"line":70,"column":22},"end":{"line":70,"column":31},"skip":true}]},"7":{"line":85,"type":"if","locations":[{"start":{"line":85,"column":4},"end":{"line":85,"column":4},"skip":true},{"start":{"line":85,"column":4},"end":{"line":85,"column":4},"skip":true}]},"8":{"line":117,"type":"binary-expr","locations":[{"start":{"line":117,"column":4},"end":{"line":117,"column":30},"skip":true},{"start":{"line":120,"column":7},"end":{"line":120,"column":29},"skip":true}]},"9":{"line":123,"type":"if","locations":[{"start":{"line":123,"column":0},"end":{"line":123,"column":0},"skip":true},{"start":{"line":123,"column":0},"end":{"line":123,"column":0},"skip":true}]},"10":{"line":172,"type":"if","locations":[{"start":{"line":172,"column":4},"end":{"line":172,"column":4},"skip":true},{"start":{"line":172,"column":4},"end":{"line":172,"column":4},"skip":true}]},"11":{"line":176,"type":"binary-expr","locations":[{"start":{"line":176,"column":23},"end":{"line":176,"column":39},"skip":true},{"start":{"line":176,"column":43},"end":{"line":176,"column":45},"skip":true}]},"12":{"line":179,"type":"if","locations":[{"start":{"line":179,"column":8},"end":{"line":179,"column":8},"skip":true},{"start":{"line":179,"column":8},"end":{"line":179,"column":8},"skip":true}]},"13":{"line":181,"type":"binary-expr","locations":[{"start":{"line":181,"column":16},"end":{"line":181,"column":38},"skip":true},{"start":{"line":181,"column":42},"end":{"line":181,"column":95},"skip":true}]}},"code":["//#!/usr/bin/env node","/*"," * lib.swagger_ui.js (2018.8.11)"," * https://github.com/kaizhu256/node-swagger-ui-lite"," * this zero-dependency package will provide a rollup, single-script version of the swagger-ui client (v2.1.5), with a working web-demo"," *"," */","","","","/* istanbul instrument in package swagger_ui */","/* istanbul ignore next */","/* jslint utility2:true */","(function (globalThis) {","    \"use strict\";","    var consoleError;","    var local;","    // init globalThis","    (function () {","        try {","            globalThis = Function(\"return this\")(); // jslint ignore:line","        } catch (ignore) {}","    }());","    globalThis.globalThis = globalThis;","    // init local","    local = {};","    // init isBrowser","    local.isBrowser = (","        typeof window === \"object\"","        && window === globalThis","        && typeof window.XMLHttpRequest === \"function\"","        && window.document","        && typeof window.document.querySelectorAll === \"function\"","    );","    globalThis.globalLocal = local;","    // init function","    local.assertThrow = function (passed, message) {","    /*","     * this function will throw the error <message> if <passed> is falsy","     */","        var error;","        if (passed) {","            return;","        }","        error = (","            // ternary-operator","            (","                message","                && typeof message.message === \"string\"","                && typeof message.stack === \"string\"","            )","            // if message is an error-object, then leave it as is","            ? message","            : new Error(","                typeof message === \"string\"","                // if message is a string, then leave it as is","                ? message","                // else JSON.stringify message","                : JSON.stringify(message, null, 4)","            )","        );","        throw error;","    };","    local.functionOrNop = function (fnc) {","    /*","     * this function will if <fnc> exists,","     * them return <fnc>,","     * else return <nop>","     */","        return fnc || local.nop;","    };","    local.identity = function (value) {","    /*","     * this function will return <value>","     */","        return value;","    };","    local.nop = function () {","    /*","     * this function will do nothing","     */","        return;","    };","    // init debug_inline","    if (!globalThis[\"debug\\u0049nline\"]) {","        consoleError = console.error;","        globalThis[\"debug\\u0049nline\"] = function () {","        /*","         * this function will both print <arguments> to stderr","         * and return <arguments>[0]","         */","            var argList;","            argList = Array.from(arguments); // jslint ignore:line","            // debug arguments","            globalThis[\"debug\\u0049nlineArguments\"] = argList;","            consoleError(\"\\n\\ndebug\\u0049nline\");","            consoleError.apply(console, argList);","            consoleError(\"\\n\");","            // return arg0 for inspection","            return argList[0];","        };","    }","}(this));","","","","(function (local) {","\"use strict\";","","","","/* istanbul ignore next */","// run shared js-env code - init-before","(function () {","// init local","local = (","    globalThis.utility2_rollup","    // || globalThis.utility2_rollup_old","    // || require(\"./assets.utility2.rollup.js\")","    || globalThis.globalLocal",");","// init exports","if (local.isBrowser) {","    globalThis.utility2_swagger_ui = local;","} else {","    // require builtins","    local.assert = require(\"assert\");","    local.buffer = require(\"buffer\");","    local.child_process = require(\"child_process\");","    local.cluster = require(\"cluster\");","    local.crypto = require(\"crypto\");","    local.dgram = require(\"dgram\");","    local.dns = require(\"dns\");","    local.domain = require(\"domain\");","    local.events = require(\"events\");","    local.fs = require(\"fs\");","    local.http = require(\"http\");","    local.https = require(\"https\");","    local.net = require(\"net\");","    local.os = require(\"os\");","    local.path = require(\"path\");","    local.querystring = require(\"querystring\");","    local.readline = require(\"readline\");","    local.repl = require(\"repl\");","    local.stream = require(\"stream\");","    local.string_decoder = require(\"string_decoder\");","    local.timers = require(\"timers\");","    local.tls = require(\"tls\");","    local.tty = require(\"tty\");","    local.url = require(\"url\");","    local.util = require(\"util\");","    local.vm = require(\"vm\");","    local.zlib = require(\"zlib\");","    module.exports = local;","    module.exports.__dirname = __dirname;","}","// init lib main","local.local = local;","local.swagger_ui = local;","","","","/* validateLineSortedReset */","return;","}());","","","","// run node js-env code - init-after","/* istanbul ignore next */","(function () {","    if (local.isBrowser) {","        return;","    }","    // init assets","    local.assetsDict = local.assetsDict || {};","    local.fs.readdirSync(local.__dirname).forEach(function (file) {","        file = \"/\" + file;","        if (file.indexOf(\"/assets.\") === 0) {","            local.assetsDict[file] = (","                local.assetsDict[file] || local.fs.readFileSync(local.__dirname + file, \"utf8\")","            );","        }","    });","    local.assetsDict[\"/assets.swagger_ui.html\"] = (","        local.assetsDict[\"/assets.index.template.html\"]","    );","}());","","","","}());",""],"l":{"14":1,"16":1,"17":1,"19":1,"20":1,"21":1,"24":1,"26":1,"28":1,"35":1,"37":1,"41":1,"42":1,"43":1,"45":1,"62":1,"64":1,"70":1,"72":1,"76":1,"78":1,"82":1,"85":1,"86":1,"87":1,"92":1,"93":1,"95":1,"96":1,"97":1,"98":1,"100":1,"107":1,"114":1,"116":1,"123":1,"124":1,"127":1,"128":1,"129":1,"130":1,"131":1,"132":1,"133":1,"134":1,"135":1,"136":1,"137":1,"138":1,"139":1,"140":1,"141":1,"142":1,"143":1,"144":1,"145":1,"146":1,"147":1,"148":1,"149":1,"150":1,"151":1,"152":1,"153":1,"154":1,"155":1,"158":1,"159":1,"164":1,"171":1,"172":1,"173":1,"176":1,"177":1,"178":15,"179":15,"180":3,"185":1}},"/home/travis/build/kaizhu256/node-swagger-ui-lite/example.js":{"path":"/home/travis/build/kaizhu256/node-swagger-ui-lite/example.js","s":{"1":2,"2":2,"3":2,"4":2,"5":2,"6":2,"7":2,"8":2,"9":2,"10":2,"11":2,"12":0,"13":0,"14":0,"15":0,"16":0,"17":2,"18":0,"19":2,"20":0,"21":2,"22":0,"23":2,"24":0,"25":0,"26":0,"27":0,"28":0,"29":0,"30":0,"31":0,"32":0,"33":2,"34":2,"35":2,"36":2,"37":2,"38":2,"39":1,"40":1,"41":1,"42":0,"43":1,"44":1,"45":1,"46":1,"47":1,"48":1,"49":1,"50":1,"51":1,"52":1,"53":1,"54":1,"55":1,"56":1,"57":1,"58":1,"59":1,"60":1,"61":1,"62":1,"63":1,"64":1,"65":1,"66":1,"67":1,"68":1,"69":1,"70":1,"71":1,"72":1,"73":3,"74":3,"75":3,"76":1,"77":1,"78":1,"79":0,"80":0,"81":0,"82":0,"83":0,"84":0,"85":1,"86":1,"87":1,"88":1,"89":0,"90":0,"91":0,"92":0,"93":0,"94":0,"95":0,"96":0,"97":0,"98":0,"99":0,"100":0,"101":0,"102":0,"103":0},"b":{"1":[2,1,1,1,1],"2":[0,0],"3":[0,0],"4":[0,0,0],"5":[0,0],"6":[0,0],"7":[0,2],"8":[2,2,2],"9":[1,0],"10":[0,1],"11":[1,0],"12":[3,2],"13":[1,2],"14":[1,1],"15":[0,0,0,0,0],"16":[1,0],"17":[1,0],"18":[0,0],"19":[0,0],"20":[0,0],"21":[0,0],"22":[0,0],"23":[0,0]},"f":{"1":2,"2":2,"3":0,"4":0,"5":0,"6":0,"7":0,"8":2,"9":2,"10":2,"11":1,"12":3,"13":0,"14":0},"fnMap":{"1":{"name":"(anonymous_1)","line":121,"loc":{"start":{"line":121,"column":1},"end":{"line":121,"column":23}},"skip":true},"2":{"name":"(anonymous_2)","line":126,"loc":{"start":{"line":126,"column":5},"end":{"line":126,"column":17}},"skip":true},"3":{"name":"(anonymous_3)","line":144,"loc":{"start":{"line":144,"column":24},"end":{"line":144,"column":51}},"skip":true},"4":{"name":"(anonymous_4)","line":171,"loc":{"start":{"line":171,"column":26},"end":{"line":171,"column":41}},"skip":true},"5":{"name":"(anonymous_5)","line":179,"loc":{"start":{"line":179,"column":21},"end":{"line":179,"column":38}},"skip":true},"6":{"name":"(anonymous_6)","line":185,"loc":{"start":{"line":185,"column":16},"end":{"line":185,"column":28}},"skip":true},"7":{"name":"(anonymous_7)","line":194,"loc":{"start":{"line":194,"column":41},"end":{"line":194,"column":53}},"skip":true},"8":{"name":"(anonymous_8)","line":214,"loc":{"start":{"line":214,"column":1},"end":{"line":214,"column":18}}},"9":{"name":"(anonymous_9)","line":220,"loc":{"start":{"line":220,"column":1},"end":{"line":220,"column":13}}},"10":{"name":"(anonymous_10)","line":235,"loc":{"start":{"line":235,"column":1},"end":{"line":235,"column":13}},"skip":true},"11":{"name":"(anonymous_11)","line":245,"loc":{"start":{"line":245,"column":1},"end":{"line":245,"column":13}},"skip":true},"12":{"name":"(anonymous_12)","line":286,"loc":{"start":{"line":286,"column":10},"end":{"line":286,"column":26}},"skip":true},"13":{"name":"(anonymous_13)","line":307,"loc":{"start":{"line":307,"column":3},"end":{"line":307,"column":29}},"skip":true},"14":{"name":"(anonymous_14)","line":344,"loc":{"start":{"line":344,"column":24},"end":{"line":344,"column":53}},"skip":true}},"statementMap":{"1":{"start":{"line":121,"column":0},"end":{"line":210,"column":9},"skip":true},"2":{"start":{"line":123,"column":4},"end":{"line":123,"column":21},"skip":true},"3":{"start":{"line":124,"column":4},"end":{"line":124,"column":14},"skip":true},"4":{"start":{"line":126,"column":4},"end":{"line":130,"column":9},"skip":true},"5":{"start":{"line":127,"column":8},"end":{"line":129,"column":27},"skip":true},"6":{"start":{"line":128,"column":12},"end":{"line":128,"column":51},"skip":true},"7":{"start":{"line":131,"column":4},"end":{"line":131,"column":39},"skip":true},"8":{"start":{"line":133,"column":4},"end":{"line":133,"column":15},"skip":true},"9":{"start":{"line":135,"column":4},"end":{"line":141,"column":6},"skip":true},"10":{"start":{"line":142,"column":4},"end":{"line":142,"column":35},"skip":true},"11":{"start":{"line":144,"column":4},"end":{"line":170,"column":6},"skip":true},"12":{"start":{"line":148,"column":8},"end":{"line":148,"column":18},"skip":true},"13":{"start":{"line":149,"column":8},"end":{"line":151,"column":9},"skip":true},"14":{"start":{"line":150,"column":12},"end":{"line":150,"column":19},"skip":true},"15":{"start":{"line":152,"column":8},"end":{"line":168,"column":10},"skip":true},"16":{"start":{"line":169,"column":8},"end":{"line":169,"column":20},"skip":true},"17":{"start":{"line":171,"column":4},"end":{"line":178,"column":6},"skip":true},"18":{"start":{"line":177,"column":8},"end":{"line":177,"column":32},"skip":true},"19":{"start":{"line":179,"column":4},"end":{"line":184,"column":6},"skip":true},"20":{"start":{"line":183,"column":8},"end":{"line":183,"column":21},"skip":true},"21":{"start":{"line":185,"column":4},"end":{"line":190,"column":6},"skip":true},"22":{"start":{"line":189,"column":8},"end":{"line":189,"column":15},"skip":true},"23":{"start":{"line":192,"column":4},"end":{"line":209,"column":5},"skip":true},"24":{"start":{"line":193,"column":8},"end":{"line":193,"column":37},"skip":true},"25":{"start":{"line":194,"column":8},"end":{"line":208,"column":10},"skip":true},"26":{"start":{"line":199,"column":12},"end":{"line":199,"column":24},"skip":true},"27":{"start":{"line":200,"column":12},"end":{"line":200,"column":44},"skip":true},"28":{"start":{"line":202,"column":12},"end":{"line":202,"column":62},"skip":true},"29":{"start":{"line":203,"column":12},"end":{"line":203,"column":49},"skip":true},"30":{"start":{"line":204,"column":12},"end":{"line":204,"column":49},"skip":true},"31":{"start":{"line":205,"column":12},"end":{"line":205,"column":31},"skip":true},"32":{"start":{"line":207,"column":12},"end":{"line":207,"column":30},"skip":true},"33":{"start":{"line":214,"column":0},"end":{"line":357,"column":5}},"34":{"start":{"line":220,"column":0},"end":{"line":229,"column":5}},"35":{"start":{"line":222,"column":0},"end":{"line":226,"column":2}},"36":{"start":{"line":228,"column":0},"end":{"line":228,"column":25}},"37":{"start":{"line":235,"column":0},"end":{"line":239,"column":5},"skip":true},"38":{"start":{"line":236,"column":0},"end":{"line":238,"column":1},"skip":true},"39":{"start":{"line":237,"column":4},"end":{"line":237,"column":11},"skip":true},"40":{"start":{"line":245,"column":0},"end":{"line":353,"column":5},"skip":true},"41":{"start":{"line":246,"column":0},"end":{"line":248,"column":1},"skip":true},"42":{"start":{"line":247,"column":4},"end":{"line":247,"column":11},"skip":true},"43":{"start":{"line":250,"column":0},"end":{"line":250,"column":23},"skip":true},"44":{"start":{"line":252,"column":0},"end":{"line":252,"column":33},"skip":true},"45":{"start":{"line":253,"column":0},"end":{"line":253,"column":33},"skip":true},"46":{"start":{"line":254,"column":0},"end":{"line":254,"column":47},"skip":true},"47":{"start":{"line":255,"column":0},"end":{"line":255,"column":35},"skip":true},"48":{"start":{"line":256,"column":0},"end":{"line":256,"column":33},"skip":true},"49":{"start":{"line":257,"column":0},"end":{"line":257,"column":31},"skip":true},"50":{"start":{"line":258,"column":0},"end":{"line":258,"column":27},"skip":true},"51":{"start":{"line":259,"column":0},"end":{"line":259,"column":33},"skip":true},"52":{"start":{"line":260,"column":0},"end":{"line":260,"column":33},"skip":true},"53":{"start":{"line":261,"column":0},"end":{"line":261,"column":25},"skip":true},"54":{"start":{"line":262,"column":0},"end":{"line":262,"column":29},"skip":true},"55":{"start":{"line":263,"column":0},"end":{"line":263,"column":31},"skip":true},"56":{"start":{"line":264,"column":0},"end":{"line":264,"column":27},"skip":true},"57":{"start":{"line":265,"column":0},"end":{"line":265,"column":25},"skip":true},"58":{"start":{"line":266,"column":0},"end":{"line":266,"column":29},"skip":true},"59":{"start":{"line":267,"column":0},"end":{"line":267,"column":43},"skip":true},"60":{"start":{"line":268,"column":0},"end":{"line":268,"column":37},"skip":true},"61":{"start":{"line":269,"column":0},"end":{"line":269,"column":29},"skip":true},"62":{"start":{"line":270,"column":0},"end":{"line":270,"column":33},"skip":true},"63":{"start":{"line":271,"column":0},"end":{"line":271,"column":49},"skip":true},"64":{"start":{"line":272,"column":0},"end":{"line":272,"column":33},"skip":true},"65":{"start":{"line":273,"column":0},"end":{"line":273,"column":27},"skip":true},"66":{"start":{"line":274,"column":0},"end":{"line":274,"column":27},"skip":true},"67":{"start":{"line":275,"column":0},"end":{"line":275,"column":27},"skip":true},"68":{"start":{"line":276,"column":0},"end":{"line":276,"column":29},"skip":true},"69":{"start":{"line":277,"column":0},"end":{"line":277,"column":25},"skip":true},"70":{"start":{"line":278,"column":0},"end":{"line":278,"column":29},"skip":true},"71":{"start":{"line":281,"column":0},"end":{"line":281,"column":42},"skip":true},"72":{"start":{"line":282,"column":0},"end":{"line":295,"column":3},"skip":true},"73":{"start":{"line":287,"column":4},"end":{"line":287,"column":22},"skip":true},"74":{"start":{"line":288,"column":4},"end":{"line":288,"column":58},"skip":true},"75":{"start":{"line":289,"column":4},"end":{"line":294,"column":5},"skip":true},"76":{"start":{"line":290,"column":8},"end":{"line":293,"column":10},"skip":true},"77":{"start":{"line":298,"column":0},"end":{"line":301,"column":28},"skip":true},"78":{"start":{"line":304,"column":0},"end":{"line":320,"column":3},"skip":true},"79":{"start":{"line":308,"column":4},"end":{"line":319,"column":5},"skip":true},"80":{"start":{"line":310,"column":8},"end":{"line":310,"column":48},"skip":true},"81":{"start":{"line":312,"column":8},"end":{"line":312,"column":33},"skip":true},"82":{"start":{"line":314,"column":8},"end":{"line":314,"column":28},"skip":true},"83":{"start":{"line":316,"column":8},"end":{"line":316,"column":23},"skip":true},"84":{"start":{"line":318,"column":8},"end":{"line":318,"column":22},"skip":true},"85":{"start":{"line":321,"column":0},"end":{"line":321,"column":65},"skip":true},"86":{"start":{"line":322,"column":0},"end":{"line":322,"column":56},"skip":true},"87":{"start":{"line":324,"column":0},"end":{"line":326,"column":1},"skip":true},"88":{"start":{"line":325,"column":4},"end":{"line":325,"column":11},"skip":true},"89":{"start":{"line":328,"column":0},"end":{"line":331,"column":2},"skip":true},"90":{"start":{"line":332,"column":0},"end":{"line":332,"column":74},"skip":true},"91":{"start":{"line":335,"column":0},"end":{"line":337,"column":1},"skip":true},"92":{"start":{"line":336,"column":4},"end":{"line":336,"column":74},"skip":true},"93":{"start":{"line":339,"column":0},"end":{"line":341,"column":1},"skip":true},"94":{"start":{"line":340,"column":4},"end":{"line":340,"column":11},"skip":true},"95":{"start":{"line":342,"column":0},"end":{"line":342,"column":46},"skip":true},"96":{"start":{"line":343,"column":0},"end":{"line":343,"column":61},"skip":true},"97":{"start":{"line":344,"column":0},"end":{"line":352,"column":28},"skip":true},"98":{"start":{"line":345,"column":4},"end":{"line":345,"column":53},"skip":true},"99":{"start":{"line":346,"column":4},"end":{"line":349,"column":5},"skip":true},"100":{"start":{"line":347,"column":8},"end":{"line":347,"column":67},"skip":true},"101":{"start":{"line":348,"column":8},"end":{"line":348,"column":15},"skip":true},"102":{"start":{"line":350,"column":4},"end":{"line":350,"column":30},"skip":true},"103":{"start":{"line":351,"column":4},"end":{"line":351,"column":19},"skip":true}},"branchMap":{"1":{"line":136,"type":"binary-expr","locations":[{"start":{"line":136,"column":8},"end":{"line":136,"column":34},"skip":true},{"start":{"line":137,"column":11},"end":{"line":137,"column":32},"skip":true},{"start":{"line":138,"column":11},"end":{"line":138,"column":54},"skip":true},{"start":{"line":139,"column":11},"end":{"line":139,"column":26},"skip":true},{"start":{"line":140,"column":11},"end":{"line":140,"column":65},"skip":true}]},"2":{"line":149,"type":"if","locations":[{"start":{"line":149,"column":8},"end":{"line":149,"column":8},"skip":true},{"start":{"line":149,"column":8},"end":{"line":149,"column":8},"skip":true}]},"3":{"line":154,"type":"cond-expr","locations":[{"start":{"line":160,"column":14},"end":{"line":160,"column":21},"skip":true},{"start":{"line":161,"column":14},"end":{"line":167,"column":13},"skip":true}]},"4":{"line":155,"type":"binary-expr","locations":[{"start":{"line":155,"column":16},"end":{"line":155,"column":23},"skip":true},{"start":{"line":156,"column":19},"end":{"line":156,"column":54},"skip":true},{"start":{"line":157,"column":19},"end":{"line":157,"column":52},"skip":true}]},"5":{"line":162,"type":"cond-expr","locations":[{"start":{"line":164,"column":18},"end":{"line":164,"column":25},"skip":true},{"start":{"line":166,"column":18},"end":{"line":166,"column":50},"skip":true}]},"6":{"line":177,"type":"binary-expr","locations":[{"start":{"line":177,"column":15},"end":{"line":177,"column":18},"skip":true},{"start":{"line":177,"column":22},"end":{"line":177,"column":31},"skip":true}]},"7":{"line":192,"type":"if","locations":[{"start":{"line":192,"column":4},"end":{"line":192,"column":4},"skip":true},{"start":{"line":192,"column":4},"end":{"line":192,"column":4},"skip":true}]},"8":{"line":223,"type":"binary-expr","locations":[{"start":{"line":223,"column":4},"end":{"line":223,"column":30}},{"start":{"line":224,"column":7},"end":{"line":224,"column":37}},{"start":{"line":225,"column":7},"end":{"line":225,"column":40}}]},"9":{"line":236,"type":"if","locations":[{"start":{"line":236,"column":0},"end":{"line":236,"column":0},"skip":true},{"start":{"line":236,"column":0},"end":{"line":236,"column":0},"skip":true}]},"10":{"line":246,"type":"if","locations":[{"start":{"line":246,"column":0},"end":{"line":246,"column":0},"skip":true},{"start":{"line":246,"column":0},"end":{"line":246,"column":0},"skip":true}]},"11":{"line":281,"type":"binary-expr","locations":[{"start":{"line":281,"column":19},"end":{"line":281,"column":35},"skip":true},{"start":{"line":281,"column":39},"end":{"line":281,"column":41},"skip":true}]},"12":{"line":288,"type":"binary-expr","locations":[{"start":{"line":288,"column":29},"end":{"line":288,"column":51},"skip":true},{"start":{"line":288,"column":55},"end":{"line":288,"column":57},"skip":true}]},"13":{"line":289,"type":"if","locations":[{"start":{"line":289,"column":4},"end":{"line":289,"column":4},"skip":true},{"start":{"line":289,"column":4},"end":{"line":289,"column":4},"skip":true}]},"14":{"line":299,"type":"binary-expr","locations":[{"start":{"line":299,"column":4},"end":{"line":299,"column":45},"skip":true},{"start":{"line":300,"column":4},"end":{"line":301,"column":27},"skip":true}]},"15":{"line":308,"type":"switch","locations":[{"start":{"line":309,"column":4},"end":{"line":310,"column":48},"skip":true},{"start":{"line":311,"column":4},"end":{"line":312,"column":33},"skip":true},{"start":{"line":313,"column":4},"end":{"line":314,"column":28},"skip":true},{"start":{"line":315,"column":4},"end":{"line":316,"column":23},"skip":true},{"start":{"line":317,"column":4},"end":{"line":318,"column":22},"skip":true}]},"16":{"line":324,"type":"if","locations":[{"start":{"line":324,"column":0},"end":{"line":324,"column":0},"skip":true},{"start":{"line":324,"column":0},"end":{"line":324,"column":0},"skip":true}]},"17":{"line":324,"type":"binary-expr","locations":[{"start":{"line":324,"column":4},"end":{"line":324,"column":27},"skip":true},{"start":{"line":324,"column":31},"end":{"line":324,"column":57},"skip":true}]},"18":{"line":329,"type":"binary-expr","locations":[{"start":{"line":329,"column":4},"end":{"line":329,"column":42},"skip":true},{"start":{"line":330,"column":7},"end":{"line":330,"column":48},"skip":true}]},"19":{"line":332,"type":"binary-expr","locations":[{"start":{"line":332,"column":35},"end":{"line":332,"column":67},"skip":true},{"start":{"line":332,"column":71},"end":{"line":332,"column":73},"skip":true}]},"20":{"line":335,"type":"if","locations":[{"start":{"line":335,"column":0},"end":{"line":335,"column":0},"skip":true},{"start":{"line":335,"column":0},"end":{"line":335,"column":0},"skip":true}]},"21":{"line":339,"type":"if","locations":[{"start":{"line":339,"column":0},"end":{"line":339,"column":0},"skip":true},{"start":{"line":339,"column":0},"end":{"line":339,"column":0},"skip":true}]},"22":{"line":342,"type":"binary-expr","locations":[{"start":{"line":342,"column":19},"end":{"line":342,"column":35},"skip":true},{"start":{"line":342,"column":39},"end":{"line":342,"column":45},"skip":true}]},"23":{"line":346,"type":"if","locations":[{"start":{"line":346,"column":4},"end":{"line":346,"column":4},"skip":true},{"start":{"line":346,"column":4},"end":{"line":346,"column":4},"skip":true}]}},"code":["","","","","","","","","","","","","","","","","","","","","","","","","","","","","","","","","","","","","","","","","","","","","","","","","","","","","","","","","","","","","","","","","","","","","","","","","","","","","","","","","","","","","","","","","","","","","","","","","","","","","","","/*","example.js","","this script will run a web-demo of swagger-ui-lite","","instruction","    1. save this script as example.js","    2. run the shell-command:","        $ npm install kaizhu256/node-swagger-ui-lite#alpha && PORT=8081 node example.js","    3. open a browser to http://127.0.0.1:8081 and play with the web-demo","    4. edit this script to suit your needs","*/","","","","/* istanbul instrument in package swagger_ui */","/* istanbul ignore next */","/* jslint utility2:true */","(function (globalThis) {","    \"use strict\";","    var consoleError;","    var local;","    // init globalThis","    (function () {","        try {","            globalThis = Function(\"return this\")(); // jslint ignore:line","        } catch (ignore) {}","    }());","    globalThis.globalThis = globalThis;","    // init local","    local = {};","    // init isBrowser","    local.isBrowser = (","        typeof window === \"object\"","        && window === globalThis","        && typeof window.XMLHttpRequest === \"function\"","        && window.document","        && typeof window.document.querySelectorAll === \"function\"","    );","    globalThis.globalLocal = local;","    // init function","    local.assertThrow = function (passed, message) {","    /*","     * this function will throw the error <message> if <passed> is falsy","     */","        var error;","        if (passed) {","            return;","        }","        error = (","            // ternary-operator","            (","                message","                && typeof message.message === \"string\"","                && typeof message.stack === \"string\"","            )","            // if message is an error-object, then leave it as is","            ? message","            : new Error(","                typeof message === \"string\"","                // if message is a string, then leave it as is","                ? message","                // else JSON.stringify message","                : JSON.stringify(message, null, 4)","            )","        );","        throw error;","    };","    local.functionOrNop = function (fnc) {","    /*","     * this function will if <fnc> exists,","     * them return <fnc>,","     * else return <nop>","     */","        return fnc || local.nop;","    };","    local.identity = function (value) {","    /*","     * this function will return <value>","     */","        return value;","    };","    local.nop = function () {","    /*","     * this function will do nothing","     */","        return;","    };","    // init debug_inline","    if (!globalThis[\"debug\\u0049nline\"]) {","        consoleError = console.error;","        globalThis[\"debug\\u0049nline\"] = function () {","        /*","         * this function will both print <arguments> to stderr","         * and return <arguments>[0]","         */","            var argList;","            argList = Array.from(arguments); // jslint ignore:line","            // debug arguments","            globalThis[\"debug\\u0049nlineArguments\"] = argList;","            consoleError(\"\\n\\ndebug\\u0049nline\");","            consoleError.apply(console, argList);","            consoleError(\"\\n\");","            // return arg0 for inspection","            return argList[0];","        };","    }","}(this));","","","","(function (local) {","\"use strict\";","","","","// run shared js-env code - init-before","(function () {","// init local","local = (","    globalThis.utility2_rollup","    || globalThis.utility2_swagger_ui","    || globalThis.utility2_moduleExports",");","// init exports","globalThis.local = local;","}());","","","","/* istanbul ignore next */","// run browser js-env code - init-test","(function () {","if (!local.isBrowser) {","    return;","}","}());","","","","/* istanbul ignore next */","// run node js-env code - init-test","(function () {","if (local.isBrowser) {","    return;","}","// init exports","module.exports = local;","// require builtins","local.assert = require(\"assert\");","local.buffer = require(\"buffer\");","local.child_process = require(\"child_process\");","local.cluster = require(\"cluster\");","local.crypto = require(\"crypto\");","local.dgram = require(\"dgram\");","local.dns = require(\"dns\");","local.domain = require(\"domain\");","local.events = require(\"events\");","local.fs = require(\"fs\");","local.http = require(\"http\");","local.https = require(\"https\");","local.net = require(\"net\");","local.os = require(\"os\");","local.path = require(\"path\");","local.querystring = require(\"querystring\");","local.readline = require(\"readline\");","local.repl = require(\"repl\");","local.stream = require(\"stream\");","local.string_decoder = require(\"string_decoder\");","local.timers = require(\"timers\");","local.tls = require(\"tls\");","local.tty = require(\"tty\");","local.url = require(\"url\");","local.util = require(\"util\");","local.vm = require(\"vm\");","local.zlib = require(\"zlib\");","/* validateLineSortedReset */","// init assets","local.assetsDict = local.assetsDict || {};","[","    \"assets.index.template.html\",","    \"assets.swgg.swagger.json\",","    \"assets.swgg.swagger.server.json\"","].forEach(function (file) {","    file = \"/\" + file;","    local.assetsDict[file] = local.assetsDict[file] || \"\";","    if (local.fs.existsSync(local.__dirname + file)) {","        local.assetsDict[file] = local.fs.readFileSync(","            local.__dirname + file,","            \"utf8\"","        );","    }","});","/* validateLineSortedReset */","/* jslint ignore:start */","local.assetsDict[\"/assets.swagger_ui.js\"] =","    local.assetsDict[\"/assets.swagger_ui.js\"] ||","    local.fs.readFileSync(local.__dirname + \"/lib.swagger_ui.js\", \"utf8\"",").replace((/^#!\\//), \"// \");","/* jslint ignore:end */","/* validateLineSortedReset */","local.assetsDict[\"/\"] = local.assetsDict[\"/assets.index.template.html\"]",".replace((","    /\\{\\{env\\.(\\w+?)\\}\\}/g","), function (match0, match1) {","    switch (match1) {","    case \"npm_package_description\":","        return \"the greatest app in the world!\";","    case \"npm_package_name\":","        return \"swagger-ui-lite\";","    case \"npm_package_nameLib\":","        return \"swagger_ui\";","    case \"npm_package_version\":","        return \"0.0.1\";","    default:","        return match0;","    }","});","local.assetsDict[\"/assets.example.html\"] = local.assetsDict[\"/\"];","local.assetsDict[\"/index.html\"] = local.assetsDict[\"/\"];","// init cli","if (module !== require.main || globalThis.utility2_rollup) {","    return;","}","/* validateLineSortedReset */","local.assetsDict[\"/assets.example.js\"] = (","    local.assetsDict[\"/assets.example.js\"]","    || local.fs.readFileSync(__filename, \"utf8\")",");","local.assetsDict[\"/favicon.ico\"] = local.assetsDict[\"/favicon.ico\"] || \"\";","// if $npm_config_timeout_exit exists,","// then exit this process after $npm_config_timeout_exit ms","if (Number(process.env.npm_config_timeout_exit)) {","    setTimeout(process.exit, Number(process.env.npm_config_timeout_exit));","}","// start server","if (globalThis.utility2_serverHttp1) {","    return;","}","process.env.PORT = process.env.PORT || \"8081\";","console.error(\"server starting on port \" + process.env.PORT);","local.http.createServer(function (request, response) {","    request.urlParsed = local.url.parse(request.url);","    if (local.assetsDict[request.urlParsed.pathname] !== undefined) {","        response.end(local.assetsDict[request.urlParsed.pathname]);","        return;","    }","    response.statusCode = 404;","    response.end();","}).listen(process.env.PORT);","}());","","","","}());"],"l":{"121":2,"123":2,"124":2,"126":2,"127":2,"128":2,"131":2,"133":2,"135":2,"142":2,"144":2,"148":1,"149":1,"150":1,"152":1,"169":1,"171":2,"177":1,"179":2,"183":1,"185":2,"189":1,"192":2,"193":1,"194":1,"199":1,"200":1,"202":1,"203":1,"204":1,"205":1,"207":1,"214":2,"220":2,"222":2,"228":2,"235":2,"236":2,"237":1,"245":1,"246":1,"247":1,"250":1,"252":1,"253":1,"254":1,"255":1,"256":1,"257":1,"258":1,"259":1,"260":1,"261":1,"262":1,"263":1,"264":1,"265":1,"266":1,"267":1,"268":1,"269":1,"270":1,"271":1,"272":1,"273":1,"274":1,"275":1,"276":1,"277":1,"278":1,"281":1,"282":1,"287":3,"288":3,"289":3,"290":1,"298":1,"304":1,"308":1,"310":1,"312":1,"314":1,"316":1,"318":1,"321":1,"322":1,"324":1,"325":1,"328":1,"332":1,"335":1,"336":1,"339":1,"340":1,"342":1,"343":1,"344":1,"345":1,"346":1,"347":1,"348":1,"350":1,"351":1}}}