{"/home/travis/build/kaizhu256/node-swagger-ui-lite/test.js":{"path":"/home/travis/build/kaizhu256/node-swagger-ui-lite/test.js","s":{"1":2,"2":2,"3":2,"4":2,"5":2,"6":2,"7":2,"8":2,"9":0,"10":0,"11":0,"12":0,"13":0,"14":0,"15":0,"16":0,"17":0,"18":2,"19":2,"20":2,"21":2,"22":2,"23":0,"24":0,"25":0,"26":0,"27":0,"28":2,"29":0,"30":2,"31":0,"32":2,"33":0,"34":2,"35":1,"36":1,"37":1,"38":1,"39":1,"40":1,"41":1,"42":1,"43":1,"44":1,"45":1,"46":1,"47":1,"48":1,"49":1,"50":1,"51":1,"52":1,"53":1,"54":1,"55":1,"56":1,"57":1,"58":1,"59":1,"60":1,"61":1,"62":2,"63":2,"64":2,"65":2,"66":2,"67":2,"68":2,"69":2,"70":1,"71":1,"72":1,"73":1,"74":1,"75":1,"76":1,"77":1,"78":1,"79":1,"80":1,"81":1,"82":1,"83":1,"84":1,"85":7,"86":1,"87":1,"88":1,"89":12,"90":11,"91":1,"92":1,"93":1,"94":42,"95":26,"96":1,"97":1,"98":1,"99":1,"100":1,"101":1,"102":1,"103":2,"104":2,"105":1,"106":1,"107":1,"108":1,"109":1,"110":1,"111":1},"b":{"1":[0,2],"2":[2,1,1,1,1],"3":[0,0],"4":[0,0],"5":[0,0,0],"6":[0,0],"7":[0,0],"8":[1,1],"9":[2,1],"10":[1,1],"11":[11,1],"12":[26,16],"13":[1,1]},"f":{"1":2,"2":2,"3":0,"4":0,"5":0,"6":0,"7":0,"8":2,"9":2,"10":2,"11":2,"12":1,"13":1,"14":7,"15":12,"16":42,"17":2},"fnMap":{"1":{"name":"(anonymous_1)","line":4,"loc":{"start":{"line":4,"column":1},"end":{"line":4,"column":23}},"skip":true},"2":{"name":"(anonymous_2)","line":9,"loc":{"start":{"line":9,"column":5},"end":{"line":9,"column":17}},"skip":true},"3":{"name":"(anonymous_3)","line":18,"loc":{"start":{"line":18,"column":41},"end":{"line":18,"column":53}},"skip":true},"4":{"name":"(anonymous_4)","line":47,"loc":{"start":{"line":47,"column":24},"end":{"line":47,"column":51}},"skip":true},"5":{"name":"(anonymous_5)","line":74,"loc":{"start":{"line":74,"column":26},"end":{"line":74,"column":41}},"skip":true},"6":{"name":"(anonymous_6)","line":82,"loc":{"start":{"line":82,"column":21},"end":{"line":82,"column":38}},"skip":true},"7":{"name":"(anonymous_7)","line":88,"loc":{"start":{"line":88,"column":16},"end":{"line":88,"column":28}},"skip":true},"8":{"name":"(anonymous_8)","line":128,"loc":{"start":{"line":128,"column":1},"end":{"line":128,"column":18}}},"9":{"name":"(anonymous_9)","line":134,"loc":{"start":{"line":134,"column":1},"end":{"line":134,"column":13}}},"10":{"name":"(anonymous_10)","line":145,"loc":{"start":{"line":145,"column":1},"end":{"line":145,"column":13}}},"11":{"name":"(anonymous_11)","line":146,"loc":{"start":{"line":146,"column":41},"end":{"line":146,"column":69}}},"12":{"name":"(anonymous_12)","line":156,"loc":{"start":{"line":156,"column":27},"end":{"line":156,"column":39}}},"13":{"name":"(anonymous_13)","line":161,"loc":{"start":{"line":161,"column":16},"end":{"line":161,"column":33}}},"14":{"name":"(anonymous_14)","line":179,"loc":{"start":{"line":179,"column":22},"end":{"line":179,"column":37}}},"15":{"name":"(anonymous_15)","line":219,"loc":{"start":{"line":219,"column":11},"end":{"line":219,"column":29}}},"16":{"name":"(anonymous_16)","line":226,"loc":{"start":{"line":226,"column":45},"end":{"line":226,"column":60}}},"17":{"name":"(anonymous_17)","line":245,"loc":{"start":{"line":245,"column":38},"end":{"line":245,"column":66}}}},"statementMap":{"1":{"start":{"line":4,"column":0},"end":{"line":124,"column":9},"skip":true},"2":{"start":{"line":6,"column":4},"end":{"line":6,"column":21},"skip":true},"3":{"start":{"line":7,"column":4},"end":{"line":7,"column":14},"skip":true},"4":{"start":{"line":9,"column":4},"end":{"line":13,"column":9},"skip":true},"5":{"start":{"line":10,"column":8},"end":{"line":12,"column":27},"skip":true},"6":{"start":{"line":11,"column":12},"end":{"line":11,"column":51},"skip":true},"7":{"start":{"line":14,"column":4},"end":{"line":14,"column":39},"skip":true},"8":{"start":{"line":16,"column":4},"end":{"line":33,"column":5},"skip":true},"9":{"start":{"line":17,"column":8},"end":{"line":17,"column":37},"skip":true},"10":{"start":{"line":18,"column":8},"end":{"line":32,"column":10},"skip":true},"11":{"start":{"line":23,"column":12},"end":{"line":23,"column":24},"skip":true},"12":{"start":{"line":24,"column":12},"end":{"line":24,"column":44},"skip":true},"13":{"start":{"line":26,"column":12},"end":{"line":26,"column":62},"skip":true},"14":{"start":{"line":27,"column":12},"end":{"line":27,"column":49},"skip":true},"15":{"start":{"line":28,"column":12},"end":{"line":28,"column":49},"skip":true},"16":{"start":{"line":29,"column":12},"end":{"line":29,"column":31},"skip":true},"17":{"start":{"line":31,"column":12},"end":{"line":31,"column":30},"skip":true},"18":{"start":{"line":35,"column":4},"end":{"line":35,"column":15},"skip":true},"19":{"start":{"line":36,"column":4},"end":{"line":36,"column":24},"skip":true},"20":{"start":{"line":37,"column":4},"end":{"line":37,"column":35},"skip":true},"21":{"start":{"line":39,"column":4},"end":{"line":45,"column":6},"skip":true},"22":{"start":{"line":47,"column":4},"end":{"line":73,"column":6},"skip":true},"23":{"start":{"line":51,"column":8},"end":{"line":51,"column":18},"skip":true},"24":{"start":{"line":52,"column":8},"end":{"line":54,"column":9},"skip":true},"25":{"start":{"line":53,"column":12},"end":{"line":53,"column":19},"skip":true},"26":{"start":{"line":55,"column":8},"end":{"line":71,"column":10},"skip":true},"27":{"start":{"line":72,"column":8},"end":{"line":72,"column":20},"skip":true},"28":{"start":{"line":74,"column":4},"end":{"line":81,"column":6},"skip":true},"29":{"start":{"line":80,"column":8},"end":{"line":80,"column":32},"skip":true},"30":{"start":{"line":82,"column":4},"end":{"line":87,"column":6},"skip":true},"31":{"start":{"line":86,"column":8},"end":{"line":86,"column":21},"skip":true},"32":{"start":{"line":88,"column":4},"end":{"line":93,"column":6},"skip":true},"33":{"start":{"line":92,"column":8},"end":{"line":92,"column":15},"skip":true},"34":{"start":{"line":95,"column":4},"end":{"line":123,"column":5},"skip":true},"35":{"start":{"line":96,"column":8},"end":{"line":96,"column":41},"skip":true},"36":{"start":{"line":97,"column":8},"end":{"line":97,"column":41},"skip":true},"37":{"start":{"line":98,"column":8},"end":{"line":98,"column":55},"skip":true},"38":{"start":{"line":99,"column":8},"end":{"line":99,"column":43},"skip":true},"39":{"start":{"line":100,"column":8},"end":{"line":100,"column":41},"skip":true},"40":{"start":{"line":101,"column":8},"end":{"line":101,"column":39},"skip":true},"41":{"start":{"line":102,"column":8},"end":{"line":102,"column":35},"skip":true},"42":{"start":{"line":103,"column":8},"end":{"line":103,"column":41},"skip":true},"43":{"start":{"line":104,"column":8},"end":{"line":104,"column":41},"skip":true},"44":{"start":{"line":105,"column":8},"end":{"line":105,"column":33},"skip":true},"45":{"start":{"line":106,"column":8},"end":{"line":106,"column":37},"skip":true},"46":{"start":{"line":107,"column":8},"end":{"line":107,"column":39},"skip":true},"47":{"start":{"line":108,"column":8},"end":{"line":108,"column":35},"skip":true},"48":{"start":{"line":109,"column":8},"end":{"line":109,"column":33},"skip":true},"49":{"start":{"line":110,"column":8},"end":{"line":110,"column":37},"skip":true},"50":{"start":{"line":111,"column":8},"end":{"line":111,"column":51},"skip":true},"51":{"start":{"line":112,"column":8},"end":{"line":112,"column":45},"skip":true},"52":{"start":{"line":113,"column":8},"end":{"line":113,"column":37},"skip":true},"53":{"start":{"line":114,"column":8},"end":{"line":114,"column":41},"skip":true},"54":{"start":{"line":115,"column":8},"end":{"line":115,"column":57},"skip":true},"55":{"start":{"line":116,"column":8},"end":{"line":116,"column":41},"skip":true},"56":{"start":{"line":117,"column":8},"end":{"line":117,"column":35},"skip":true},"57":{"start":{"line":118,"column":8},"end":{"line":118,"column":35},"skip":true},"58":{"start":{"line":119,"column":8},"end":{"line":119,"column":35},"skip":true},"59":{"start":{"line":120,"column":8},"end":{"line":120,"column":37},"skip":true},"60":{"start":{"line":121,"column":8},"end":{"line":121,"column":33},"skip":true},"61":{"start":{"line":122,"column":8},"end":{"line":122,"column":37},"skip":true},"62":{"start":{"line":128,"column":0},"end":{"line":274,"column":5}},"63":{"start":{"line":134,"column":0},"end":{"line":140,"column":5}},"64":{"start":{"line":136,"column":0},"end":{"line":136,"column":69}},"65":{"start":{"line":137,"column":0},"end":{"line":137,"column":25}},"66":{"start":{"line":139,"column":0},"end":{"line":139,"column":28}},"67":{"start":{"line":145,"column":0},"end":{"line":270,"column":5}},"68":{"start":{"line":146,"column":4},"end":{"line":243,"column":6}},"69":{"start":{"line":150,"column":8},"end":{"line":153,"column":9}},"70":{"start":{"line":151,"column":12},"end":{"line":151,"column":35}},"71":{"start":{"line":152,"column":12},"end":{"line":152,"column":19}},"72":{"start":{"line":154,"column":8},"end":{"line":154,"column":21}},"73":{"start":{"line":155,"column":8},"end":{"line":155,"column":64}},"74":{"start":{"line":156,"column":8},"end":{"line":183,"column":10}},"75":{"start":{"line":157,"column":12},"end":{"line":157,"column":18}},"76":{"start":{"line":158,"column":12},"end":{"line":158,"column":25}},"77":{"start":{"line":159,"column":12},"end":{"line":159,"column":27}},"78":{"start":{"line":160,"column":12},"end":{"line":160,"column":23}},"79":{"start":{"line":161,"column":12},"end":{"line":166,"column":14}},"80":{"start":{"line":165,"column":16},"end":{"line":165,"column":29}},"81":{"start":{"line":167,"column":12},"end":{"line":167,"column":25}},"82":{"start":{"line":168,"column":12},"end":{"line":168,"column":27}},"83":{"start":{"line":170,"column":12},"end":{"line":170,"column":44}},"84":{"start":{"line":171,"column":12},"end":{"line":181,"column":15}},"85":{"start":{"line":180,"column":16},"end":{"line":180,"column":27}},"86":{"start":{"line":182,"column":12},"end":{"line":182,"column":32}},"87":{"start":{"line":185,"column":8},"end":{"line":185,"column":27}},"88":{"start":{"line":186,"column":8},"end":{"line":224,"column":12}},"89":{"start":{"line":220,"column":12},"end":{"line":222,"column":13}},"90":{"start":{"line":221,"column":16},"end":{"line":221,"column":26}},"91":{"start":{"line":223,"column":12},"end":{"line":223,"column":26}},"92":{"start":{"line":225,"column":8},"end":{"line":225,"column":65}},"93":{"start":{"line":226,"column":8},"end":{"line":230,"column":11}},"94":{"start":{"line":227,"column":12},"end":{"line":229,"column":13}},"95":{"start":{"line":228,"column":16},"end":{"line":228,"column":44}},"96":{"start":{"line":231,"column":8},"end":{"line":231,"column":42}},"97":{"start":{"line":232,"column":8},"end":{"line":232,"column":44}},"98":{"start":{"line":233,"column":8},"end":{"line":233,"column":40}},"99":{"start":{"line":234,"column":8},"end":{"line":234,"column":42}},"100":{"start":{"line":235,"column":8},"end":{"line":235,"column":33}},"101":{"start":{"line":236,"column":8},"end":{"line":241,"column":10}},"102":{"start":{"line":242,"column":8},"end":{"line":242,"column":44}},"103":{"start":{"line":245,"column":4},"end":{"line":269,"column":6}},"104":{"start":{"line":249,"column":8},"end":{"line":252,"column":9}},"105":{"start":{"line":250,"column":12},"end":{"line":250,"column":35}},"106":{"start":{"line":251,"column":12},"end":{"line":251,"column":19}},"107":{"start":{"line":253,"column":8},"end":{"line":253,"column":72}},"108":{"start":{"line":254,"column":8},"end":{"line":254,"column":69}},"109":{"start":{"line":255,"column":8},"end":{"line":255,"column":70}},"110":{"start":{"line":256,"column":8},"end":{"line":267,"column":10}},"111":{"start":{"line":268,"column":8},"end":{"line":268,"column":41}}},"branchMap":{"1":{"line":16,"type":"if","locations":[{"start":{"line":16,"column":4},"end":{"line":16,"column":4},"skip":true},{"start":{"line":16,"column":4},"end":{"line":16,"column":4},"skip":true}]},"2":{"line":40,"type":"binary-expr","locations":[{"start":{"line":40,"column":8},"end":{"line":40,"column":34},"skip":true},{"start":{"line":41,"column":11},"end":{"line":41,"column":32},"skip":true},{"start":{"line":42,"column":11},"end":{"line":42,"column":54},"skip":true},{"start":{"line":43,"column":11},"end":{"line":43,"column":26},"skip":true},{"start":{"line":44,"column":11},"end":{"line":44,"column":65},"skip":true}]},"3":{"line":52,"type":"if","locations":[{"start":{"line":52,"column":8},"end":{"line":52,"column":8},"skip":true},{"start":{"line":52,"column":8},"end":{"line":52,"column":8},"skip":true}]},"4":{"line":57,"type":"cond-expr","locations":[{"start":{"line":63,"column":14},"end":{"line":63,"column":21},"skip":true},{"start":{"line":64,"column":14},"end":{"line":70,"column":13},"skip":true}]},"5":{"line":58,"type":"binary-expr","locations":[{"start":{"line":58,"column":16},"end":{"line":58,"column":23},"skip":true},{"start":{"line":59,"column":19},"end":{"line":59,"column":54},"skip":true},{"start":{"line":60,"column":19},"end":{"line":60,"column":52},"skip":true}]},"6":{"line":65,"type":"cond-expr","locations":[{"start":{"line":67,"column":18},"end":{"line":67,"column":25},"skip":true},{"start":{"line":69,"column":18},"end":{"line":69,"column":50},"skip":true}]},"7":{"line":80,"type":"binary-expr","locations":[{"start":{"line":80,"column":15},"end":{"line":80,"column":18},"skip":true},{"start":{"line":80,"column":22},"end":{"line":80,"column":31},"skip":true}]},"8":{"line":95,"type":"if","locations":[{"start":{"line":95,"column":4},"end":{"line":95,"column":4},"skip":true},{"start":{"line":95,"column":4},"end":{"line":95,"column":4},"skip":true}]},"9":{"line":136,"type":"binary-expr","locations":[{"start":{"line":136,"column":9},"end":{"line":136,"column":28}},{"start":{"line":136,"column":32},"end":{"line":136,"column":51}}]},"10":{"line":150,"type":"if","locations":[{"start":{"line":150,"column":8},"end":{"line":150,"column":8}},{"start":{"line":150,"column":8},"end":{"line":150,"column":8}}]},"11":{"line":220,"type":"if","locations":[{"start":{"line":220,"column":12},"end":{"line":220,"column":12}},{"start":{"line":220,"column":12},"end":{"line":220,"column":12}}]},"12":{"line":227,"type":"if","locations":[{"start":{"line":227,"column":12},"end":{"line":227,"column":12}},{"start":{"line":227,"column":12},"end":{"line":227,"column":12}}]},"13":{"line":249,"type":"if","locations":[{"start":{"line":249,"column":8},"end":{"line":249,"column":8}},{"start":{"line":249,"column":8},"end":{"line":249,"column":8}}]}},"code":["/* istanbul instrument in package swagger_ui */","/* istanbul ignore next */","/* jslint utility2:true */","(function (globalThis) {","    \"use strict\";","    var consoleError;","    var local;","    // init globalThis","    (function () {","        try {","            globalThis = Function(\"return this\")(); // jslint ignore:line","        } catch (ignore) {}","    }());","    globalThis.globalThis = globalThis;","    // init debug_inline","    if (!globalThis[\"debug\\u0049nline\"]) {","        consoleError = console.error;","        globalThis[\"debug\\u0049nline\"] = function () {","        /*","         * this function will both print <arguments> to stderr","         * and return <arguments>[0]","         */","            var argList;","            argList = Array.from(arguments); // jslint ignore:line","            // debug arguments","            globalThis[\"debug\\u0049nlineArguments\"] = argList;","            consoleError(\"\\n\\ndebug\\u0049nline\");","            consoleError.apply(console, argList);","            consoleError(\"\\n\");","            // return arg0 for inspection","            return argList[0];","        };","    }","    // init local","    local = {};","    local.local = local;","    globalThis.globalLocal = local;","    // init isBrowser","    local.isBrowser = (","        typeof window === \"object\"","        && window === globalThis","        && typeof window.XMLHttpRequest === \"function\"","        && window.document","        && typeof window.document.querySelectorAll === \"function\"","    );","    // init function","    local.assertThrow = function (passed, message) {","    /*","     * this function will throw the error <message> if <passed> is falsy","     */","        var error;","        if (passed) {","            return;","        }","        error = (","            // ternary-condition","            (","                message","                && typeof message.message === \"string\"","                && typeof message.stack === \"string\"","            )","            // if message is an error-object, then leave it as is","            ? message","            : new Error(","                typeof message === \"string\"","                // if message is a string, then leave it as is","                ? message","                // else JSON.stringify message","                : JSON.stringify(message, null, 4)","            )","        );","        throw error;","    };","    local.functionOrNop = function (fnc) {","    /*","     * this function will if <fnc> exists,","     * them return <fnc>,","     * else return <nop>","     */","        return fnc || local.nop;","    };","    local.identity = function (value) {","    /*","     * this function will return <value>","     */","        return value;","    };","    local.nop = function () {","    /*","     * this function will do nothing","     */","        return;","    };","    // require builtin","    if (!local.isBrowser) {","        local.assert = require(\"assert\");","        local.buffer = require(\"buffer\");","        local.child_process = require(\"child_process\");","        local.cluster = require(\"cluster\");","        local.crypto = require(\"crypto\");","        local.dgram = require(\"dgram\");","        local.dns = require(\"dns\");","        local.domain = require(\"domain\");","        local.events = require(\"events\");","        local.fs = require(\"fs\");","        local.http = require(\"http\");","        local.https = require(\"https\");","        local.net = require(\"net\");","        local.os = require(\"os\");","        local.path = require(\"path\");","        local.querystring = require(\"querystring\");","        local.readline = require(\"readline\");","        local.repl = require(\"repl\");","        local.stream = require(\"stream\");","        local.string_decoder = require(\"string_decoder\");","        local.timers = require(\"timers\");","        local.tls = require(\"tls\");","        local.tty = require(\"tty\");","        local.url = require(\"url\");","        local.util = require(\"util\");","        local.vm = require(\"vm\");","        local.zlib = require(\"zlib\");","    }","}(this));","","","","(function (local) {","\"use strict\";","","","","// run shared js-env code - init-before","(function () {","// init local","local = (globalThis.utility2 || require(\"utility2\")).requireReadme();","globalThis.local = local;","// init test","local.testRunDefault(local);","}());","","","","// run shared js-env code - function","(function () {","    local.testCase_buildApidoc_default = function (options, onError) {","    /*","     * this function will test buildApidoc's default handling-behavior-behavior","     */","        if (local.isBrowser) {","            onError(null, options);","            return;","        }","        options = {};","        options.global = local.objectSetDefault({}, globalThis);","        options.polyfill = function () {","            var $;","            var Backbone;","            var Handlebars;","            var window;","            $ = function (value) {","            /*","             * this function will return <value>","             */","                return value;","            };","            Backbone = $;","            Handlebars = $;","            // jslint-hack","            $(Backbone, Handlebars, window);","            [","                \"Collection\",","                \"Model\",","                \"Router\",","                \"View\",","                \"extend\",","                \"registerHelper\",","                \"template\"","            ].forEach(function (key) {","                $[key] = $;","            });","            window = globalThis;","        };","        // coverage-hack","        options.polyfill();","        local.vm.runInThisContext(local.jslintAndPrint(","/* jslint ignore:start */","'\\","/*jslint\\n\\","    node: true\\n\\","*/\\n\\","\"use strict\";\\n\\","var $;\\n\\","var Backbone;\\n\\","var Handlebars;\\n\\","var window;\\n\\","$ = Backbone = Handlebars = function (arg0) {\\n\\","    return arg0;\\n\\","};\\n\\","// jslint-hack\\n\\","$(Backbone, Handlebars, window);\\n\\","[\\n\\","    \"Collection\",\\n\\","    \"Model\",\\n\\","    \"Router\",\\n\\","    \"View\",\\n\\","    \"extend\",\\n\\","    \"registerHelper\",\\n\\","    \"template\"\\n\\","].forEach(function (key) {\\n\\","    $[key] = $;\\n\\","});\\n\\","window = global;\\n\\","', 'polyfill.js'","/* jslint ignore:end */","        ) + local.fs.readFileSync(\"assets.swagger_ui.rollup.js\", \"utf8\")","        .replace((","            /^\\/\\/\\u0020init\\u0020lib\\u0020[\\S\\s]*?\\n\\n\\n\\n/gm","        ), function (match0) {","            if (match0.indexOf(\"init lib swagger\") < 0) {","                return \"\";","            }","            return match0;","        }));","        options.exports = local.objectSetDefault({}, globalThis);","        Object.keys(options.exports).forEach(function (key) {","            if (options.exports[key] === options.global[key]) {","                delete options.exports[key];","            }","        });","        delete options.exports.$.Backbone;","        delete options.exports.$.Handlebars;","        delete options.exports.Backbone;","        delete options.exports.Handlebars;","        delete options.exports.$;","        options.moduleDict = {","            exampleFileList: [\"assets.swagger_ui.rollup.js\"],","            swagger_ui: {","                exports: options.exports","            }","        };","        local.buildApidoc(options, onError);","    };","","    local.testCase_buildApp_default = function (options, onError) {","    /*","     * this function will test buildApp's default handling-behavior-behavior","     */","        if (local.isBrowser) {","            onError(null, options);","            return;","        }","        local.testCase_buildReadme_default(options, local.onErrorThrow);","        local.testCase_buildLib_default(options, local.onErrorThrow);","        local.testCase_buildTest_default(options, local.onErrorThrow);","        options = {","            assetsList: [{","                file: \"/assets.swagger_ui.html\",","                url: \"/assets.swagger_ui.html\"","            }, {","                file: \"/assets.swagger_ui.petstore.json\",","                url: \"/assets.swagger_ui.petstore.json\"","            }, {","                file: \"/assets.swagger_ui.rollup.js\",","                url: \"/assets.swagger_ui.rollup.js\"","            }]","        };","        local.buildApp(options, onError);","    };","}());","","","","}());",""],"l":{"4":2,"6":2,"7":2,"9":2,"10":2,"11":2,"14":2,"16":2,"17":1,"18":1,"23":1,"24":1,"26":1,"27":1,"28":1,"29":1,"31":1,"35":2,"36":2,"37":2,"39":2,"47":2,"51":1,"52":1,"53":1,"55":1,"72":1,"74":2,"80":1,"82":2,"86":1,"88":2,"92":1,"95":2,"96":1,"97":1,"98":1,"99":1,"100":1,"101":1,"102":1,"103":1,"104":1,"105":1,"106":1,"107":1,"108":1,"109":1,"110":1,"111":1,"112":1,"113":1,"114":1,"115":1,"116":1,"117":1,"118":1,"119":1,"120":1,"121":1,"122":1,"128":2,"134":2,"136":2,"137":2,"139":2,"145":2,"146":2,"150":2,"151":1,"152":1,"154":1,"155":1,"156":1,"157":1,"158":1,"159":1,"160":1,"161":1,"165":1,"167":1,"168":1,"170":1,"171":1,"180":7,"182":1,"185":1,"186":1,"220":12,"221":11,"223":1,"225":1,"226":1,"227":42,"228":26,"231":1,"232":1,"233":1,"234":1,"235":1,"236":1,"242":1,"245":2,"249":2,"250":1,"251":1,"253":1,"254":1,"255":1,"256":1,"268":1}},"/home/travis/build/kaizhu256/node-swagger-ui-lite/lib.swagger_ui.js":{"path":"/home/travis/build/kaizhu256/node-swagger-ui-lite/lib.swagger_ui.js","s":{"1":1,"2":1,"3":1,"4":1,"5":1,"6":1,"7":1,"8":1,"9":0,"10":0,"11":0,"12":0,"13":0,"14":0,"15":0,"16":0,"17":0,"18":1,"19":1,"20":1,"21":1,"22":1,"23":0,"24":0,"25":0,"26":0,"27":0,"28":1,"29":0,"30":1,"31":0,"32":1,"33":0,"34":1,"35":1,"36":1,"37":1,"38":1,"39":1,"40":1,"41":1,"42":1,"43":1,"44":1,"45":1,"46":1,"47":1,"48":1,"49":1,"50":1,"51":1,"52":1,"53":1,"54":1,"55":1,"56":1,"57":1,"58":1,"59":1,"60":1,"61":1,"62":1,"63":1,"64":1,"65":1,"66":0,"67":1,"68":1,"69":1,"70":1,"71":1,"72":1,"73":0,"74":1,"75":1,"76":15,"77":15,"78":3,"79":1},"b":{"1":[0,1],"2":[1,0,0,0,0],"3":[0,0],"4":[0,0],"5":[0,0,0],"6":[0,0],"7":[0,0],"8":[1,0],"9":[1,1],"10":[0,1],"11":[0,1],"12":[1,1],"13":[3,12],"14":[3,3]},"f":{"1":1,"2":1,"3":0,"4":0,"5":0,"6":0,"7":0,"8":1,"9":1,"10":1,"11":15},"fnMap":{"1":{"name":"(anonymous_1)","line":14,"loc":{"start":{"line":14,"column":1},"end":{"line":14,"column":23}},"skip":true},"2":{"name":"(anonymous_2)","line":19,"loc":{"start":{"line":19,"column":5},"end":{"line":19,"column":17}},"skip":true},"3":{"name":"(anonymous_3)","line":28,"loc":{"start":{"line":28,"column":41},"end":{"line":28,"column":53}},"skip":true},"4":{"name":"(anonymous_4)","line":57,"loc":{"start":{"line":57,"column":24},"end":{"line":57,"column":51}},"skip":true},"5":{"name":"(anonymous_5)","line":84,"loc":{"start":{"line":84,"column":26},"end":{"line":84,"column":41}},"skip":true},"6":{"name":"(anonymous_6)","line":92,"loc":{"start":{"line":92,"column":21},"end":{"line":92,"column":38}},"skip":true},"7":{"name":"(anonymous_7)","line":98,"loc":{"start":{"line":98,"column":16},"end":{"line":98,"column":28}},"skip":true},"8":{"name":"(anonymous_8)","line":138,"loc":{"start":{"line":138,"column":1},"end":{"line":138,"column":18}}},"9":{"name":"(anonymous_9)","line":145,"loc":{"start":{"line":145,"column":1},"end":{"line":145,"column":13}},"skip":true},"10":{"name":"(anonymous_10)","line":173,"loc":{"start":{"line":173,"column":1},"end":{"line":173,"column":13}},"skip":true},"11":{"name":"(anonymous_11)","line":179,"loc":{"start":{"line":179,"column":50},"end":{"line":179,"column":66}},"skip":true}},"statementMap":{"1":{"start":{"line":14,"column":0},"end":{"line":134,"column":9},"skip":true},"2":{"start":{"line":16,"column":4},"end":{"line":16,"column":21},"skip":true},"3":{"start":{"line":17,"column":4},"end":{"line":17,"column":14},"skip":true},"4":{"start":{"line":19,"column":4},"end":{"line":23,"column":9},"skip":true},"5":{"start":{"line":20,"column":8},"end":{"line":22,"column":27},"skip":true},"6":{"start":{"line":21,"column":12},"end":{"line":21,"column":51},"skip":true},"7":{"start":{"line":24,"column":4},"end":{"line":24,"column":39},"skip":true},"8":{"start":{"line":26,"column":4},"end":{"line":43,"column":5},"skip":true},"9":{"start":{"line":27,"column":8},"end":{"line":27,"column":37},"skip":true},"10":{"start":{"line":28,"column":8},"end":{"line":42,"column":10},"skip":true},"11":{"start":{"line":33,"column":12},"end":{"line":33,"column":24},"skip":true},"12":{"start":{"line":34,"column":12},"end":{"line":34,"column":44},"skip":true},"13":{"start":{"line":36,"column":12},"end":{"line":36,"column":62},"skip":true},"14":{"start":{"line":37,"column":12},"end":{"line":37,"column":49},"skip":true},"15":{"start":{"line":38,"column":12},"end":{"line":38,"column":49},"skip":true},"16":{"start":{"line":39,"column":12},"end":{"line":39,"column":31},"skip":true},"17":{"start":{"line":41,"column":12},"end":{"line":41,"column":30},"skip":true},"18":{"start":{"line":45,"column":4},"end":{"line":45,"column":15},"skip":true},"19":{"start":{"line":46,"column":4},"end":{"line":46,"column":24},"skip":true},"20":{"start":{"line":47,"column":4},"end":{"line":47,"column":35},"skip":true},"21":{"start":{"line":49,"column":4},"end":{"line":55,"column":6},"skip":true},"22":{"start":{"line":57,"column":4},"end":{"line":83,"column":6},"skip":true},"23":{"start":{"line":61,"column":8},"end":{"line":61,"column":18},"skip":true},"24":{"start":{"line":62,"column":8},"end":{"line":64,"column":9},"skip":true},"25":{"start":{"line":63,"column":12},"end":{"line":63,"column":19},"skip":true},"26":{"start":{"line":65,"column":8},"end":{"line":81,"column":10},"skip":true},"27":{"start":{"line":82,"column":8},"end":{"line":82,"column":20},"skip":true},"28":{"start":{"line":84,"column":4},"end":{"line":91,"column":6},"skip":true},"29":{"start":{"line":90,"column":8},"end":{"line":90,"column":32},"skip":true},"30":{"start":{"line":92,"column":4},"end":{"line":97,"column":6},"skip":true},"31":{"start":{"line":96,"column":8},"end":{"line":96,"column":21},"skip":true},"32":{"start":{"line":98,"column":4},"end":{"line":103,"column":6},"skip":true},"33":{"start":{"line":102,"column":8},"end":{"line":102,"column":15},"skip":true},"34":{"start":{"line":105,"column":4},"end":{"line":133,"column":5},"skip":true},"35":{"start":{"line":106,"column":8},"end":{"line":106,"column":41},"skip":true},"36":{"start":{"line":107,"column":8},"end":{"line":107,"column":41},"skip":true},"37":{"start":{"line":108,"column":8},"end":{"line":108,"column":55},"skip":true},"38":{"start":{"line":109,"column":8},"end":{"line":109,"column":43},"skip":true},"39":{"start":{"line":110,"column":8},"end":{"line":110,"column":41},"skip":true},"40":{"start":{"line":111,"column":8},"end":{"line":111,"column":39},"skip":true},"41":{"start":{"line":112,"column":8},"end":{"line":112,"column":35},"skip":true},"42":{"start":{"line":113,"column":8},"end":{"line":113,"column":41},"skip":true},"43":{"start":{"line":114,"column":8},"end":{"line":114,"column":41},"skip":true},"44":{"start":{"line":115,"column":8},"end":{"line":115,"column":33},"skip":true},"45":{"start":{"line":116,"column":8},"end":{"line":116,"column":37},"skip":true},"46":{"start":{"line":117,"column":8},"end":{"line":117,"column":39},"skip":true},"47":{"start":{"line":118,"column":8},"end":{"line":118,"column":35},"skip":true},"48":{"start":{"line":119,"column":8},"end":{"line":119,"column":33},"skip":true},"49":{"start":{"line":120,"column":8},"end":{"line":120,"column":37},"skip":true},"50":{"start":{"line":121,"column":8},"end":{"line":121,"column":51},"skip":true},"51":{"start":{"line":122,"column":8},"end":{"line":122,"column":45},"skip":true},"52":{"start":{"line":123,"column":8},"end":{"line":123,"column":37},"skip":true},"53":{"start":{"line":124,"column":8},"end":{"line":124,"column":41},"skip":true},"54":{"start":{"line":125,"column":8},"end":{"line":125,"column":57},"skip":true},"55":{"start":{"line":126,"column":8},"end":{"line":126,"column":41},"skip":true},"56":{"start":{"line":127,"column":8},"end":{"line":127,"column":35},"skip":true},"57":{"start":{"line":128,"column":8},"end":{"line":128,"column":35},"skip":true},"58":{"start":{"line":129,"column":8},"end":{"line":129,"column":35},"skip":true},"59":{"start":{"line":130,"column":8},"end":{"line":130,"column":37},"skip":true},"60":{"start":{"line":131,"column":8},"end":{"line":131,"column":33},"skip":true},"61":{"start":{"line":132,"column":8},"end":{"line":132,"column":37},"skip":true},"62":{"start":{"line":138,"column":0},"end":{"line":194,"column":5}},"63":{"start":{"line":145,"column":0},"end":{"line":167,"column":5},"skip":true},"64":{"start":{"line":147,"column":0},"end":{"line":152,"column":2},"skip":true},"65":{"start":{"line":154,"column":0},"end":{"line":159,"column":1},"skip":true},"66":{"start":{"line":155,"column":4},"end":{"line":155,"column":43},"skip":true},"67":{"start":{"line":157,"column":4},"end":{"line":157,"column":27},"skip":true},"68":{"start":{"line":158,"column":4},"end":{"line":158,"column":41},"skip":true},"69":{"start":{"line":161,"column":0},"end":{"line":161,"column":25},"skip":true},"70":{"start":{"line":166,"column":0},"end":{"line":166,"column":7},"skip":true},"71":{"start":{"line":173,"column":0},"end":{"line":190,"column":5},"skip":true},"72":{"start":{"line":174,"column":4},"end":{"line":176,"column":5},"skip":true},"73":{"start":{"line":175,"column":8},"end":{"line":175,"column":15},"skip":true},"74":{"start":{"line":178,"column":4},"end":{"line":178,"column":46},"skip":true},"75":{"start":{"line":179,"column":4},"end":{"line":186,"column":7},"skip":true},"76":{"start":{"line":180,"column":8},"end":{"line":180,"column":26},"skip":true},"77":{"start":{"line":181,"column":8},"end":{"line":185,"column":9},"skip":true},"78":{"start":{"line":182,"column":12},"end":{"line":184,"column":14},"skip":true},"79":{"start":{"line":187,"column":4},"end":{"line":189,"column":6},"skip":true}},"branchMap":{"1":{"line":26,"type":"if","locations":[{"start":{"line":26,"column":4},"end":{"line":26,"column":4},"skip":true},{"start":{"line":26,"column":4},"end":{"line":26,"column":4},"skip":true}]},"2":{"line":50,"type":"binary-expr","locations":[{"start":{"line":50,"column":8},"end":{"line":50,"column":34},"skip":true},{"start":{"line":51,"column":11},"end":{"line":51,"column":32},"skip":true},{"start":{"line":52,"column":11},"end":{"line":52,"column":54},"skip":true},{"start":{"line":53,"column":11},"end":{"line":53,"column":26},"skip":true},{"start":{"line":54,"column":11},"end":{"line":54,"column":65},"skip":true}]},"3":{"line":62,"type":"if","locations":[{"start":{"line":62,"column":8},"end":{"line":62,"column":8},"skip":true},{"start":{"line":62,"column":8},"end":{"line":62,"column":8},"skip":true}]},"4":{"line":67,"type":"cond-expr","locations":[{"start":{"line":73,"column":14},"end":{"line":73,"column":21},"skip":true},{"start":{"line":74,"column":14},"end":{"line":80,"column":13},"skip":true}]},"5":{"line":68,"type":"binary-expr","locations":[{"start":{"line":68,"column":16},"end":{"line":68,"column":23},"skip":true},{"start":{"line":69,"column":19},"end":{"line":69,"column":54},"skip":true},{"start":{"line":70,"column":19},"end":{"line":70,"column":52},"skip":true}]},"6":{"line":75,"type":"cond-expr","locations":[{"start":{"line":77,"column":18},"end":{"line":77,"column":25},"skip":true},{"start":{"line":79,"column":18},"end":{"line":79,"column":50},"skip":true}]},"7":{"line":90,"type":"binary-expr","locations":[{"start":{"line":90,"column":15},"end":{"line":90,"column":18},"skip":true},{"start":{"line":90,"column":22},"end":{"line":90,"column":31},"skip":true}]},"8":{"line":105,"type":"if","locations":[{"start":{"line":105,"column":4},"end":{"line":105,"column":4},"skip":true},{"start":{"line":105,"column":4},"end":{"line":105,"column":4},"skip":true}]},"9":{"line":148,"type":"binary-expr","locations":[{"start":{"line":148,"column":4},"end":{"line":148,"column":30},"skip":true},{"start":{"line":151,"column":7},"end":{"line":151,"column":29},"skip":true}]},"10":{"line":154,"type":"if","locations":[{"start":{"line":154,"column":0},"end":{"line":154,"column":0},"skip":true},{"start":{"line":154,"column":0},"end":{"line":154,"column":0},"skip":true}]},"11":{"line":174,"type":"if","locations":[{"start":{"line":174,"column":4},"end":{"line":174,"column":4},"skip":true},{"start":{"line":174,"column":4},"end":{"line":174,"column":4},"skip":true}]},"12":{"line":178,"type":"binary-expr","locations":[{"start":{"line":178,"column":23},"end":{"line":178,"column":39},"skip":true},{"start":{"line":178,"column":43},"end":{"line":178,"column":45},"skip":true}]},"13":{"line":181,"type":"if","locations":[{"start":{"line":181,"column":8},"end":{"line":181,"column":8},"skip":true},{"start":{"line":181,"column":8},"end":{"line":181,"column":8},"skip":true}]},"14":{"line":183,"type":"binary-expr","locations":[{"start":{"line":183,"column":16},"end":{"line":183,"column":38},"skip":true},{"start":{"line":183,"column":42},"end":{"line":183,"column":95},"skip":true}]}},"code":["//#!/usr/bin/env node","/*"," * lib.swagger_ui.js (2018.8.11)"," * https://github.com/kaizhu256/node-swagger-ui-lite"," * this zero-dependency package will provide a rollup, single-script version of the swagger-ui client (v2.1.5), with a working web-demo"," *"," */","","","","/* istanbul instrument in package swagger_ui */","/* istanbul ignore next */","/* jslint utility2:true */","(function (globalThis) {","    \"use strict\";","    var consoleError;","    var local;","    // init globalThis","    (function () {","        try {","            globalThis = Function(\"return this\")(); // jslint ignore:line","        } catch (ignore) {}","    }());","    globalThis.globalThis = globalThis;","    // init debug_inline","    if (!globalThis[\"debug\\u0049nline\"]) {","        consoleError = console.error;","        globalThis[\"debug\\u0049nline\"] = function () {","        /*","         * this function will both print <arguments> to stderr","         * and return <arguments>[0]","         */","            var argList;","            argList = Array.from(arguments); // jslint ignore:line","            // debug arguments","            globalThis[\"debug\\u0049nlineArguments\"] = argList;","            consoleError(\"\\n\\ndebug\\u0049nline\");","            consoleError.apply(console, argList);","            consoleError(\"\\n\");","            // return arg0 for inspection","            return argList[0];","        };","    }","    // init local","    local = {};","    local.local = local;","    globalThis.globalLocal = local;","    // init isBrowser","    local.isBrowser = (","        typeof window === \"object\"","        && window === globalThis","        && typeof window.XMLHttpRequest === \"function\"","        && window.document","        && typeof window.document.querySelectorAll === \"function\"","    );","    // init function","    local.assertThrow = function (passed, message) {","    /*","     * this function will throw the error <message> if <passed> is falsy","     */","        var error;","        if (passed) {","            return;","        }","        error = (","            // ternary-condition","            (","                message","                && typeof message.message === \"string\"","                && typeof message.stack === \"string\"","            )","            // if message is an error-object, then leave it as is","            ? message","            : new Error(","                typeof message === \"string\"","                // if message is a string, then leave it as is","                ? message","                // else JSON.stringify message","                : JSON.stringify(message, null, 4)","            )","        );","        throw error;","    };","    local.functionOrNop = function (fnc) {","    /*","     * this function will if <fnc> exists,","     * them return <fnc>,","     * else return <nop>","     */","        return fnc || local.nop;","    };","    local.identity = function (value) {","    /*","     * this function will return <value>","     */","        return value;","    };","    local.nop = function () {","    /*","     * this function will do nothing","     */","        return;","    };","    // require builtin","    if (!local.isBrowser) {","        local.assert = require(\"assert\");","        local.buffer = require(\"buffer\");","        local.child_process = require(\"child_process\");","        local.cluster = require(\"cluster\");","        local.crypto = require(\"crypto\");","        local.dgram = require(\"dgram\");","        local.dns = require(\"dns\");","        local.domain = require(\"domain\");","        local.events = require(\"events\");","        local.fs = require(\"fs\");","        local.http = require(\"http\");","        local.https = require(\"https\");","        local.net = require(\"net\");","        local.os = require(\"os\");","        local.path = require(\"path\");","        local.querystring = require(\"querystring\");","        local.readline = require(\"readline\");","        local.repl = require(\"repl\");","        local.stream = require(\"stream\");","        local.string_decoder = require(\"string_decoder\");","        local.timers = require(\"timers\");","        local.tls = require(\"tls\");","        local.tty = require(\"tty\");","        local.url = require(\"url\");","        local.util = require(\"util\");","        local.vm = require(\"vm\");","        local.zlib = require(\"zlib\");","    }","}(this));","","","","(function (local) {","\"use strict\";","","","","/* istanbul ignore next */","// run shared js-env code - init-before","(function () {","// init local","local = (","    globalThis.utility2_rollup","    // || globalThis.utility2_rollup_old","    // || require(\"./assets.utility2.rollup.js\")","    || globalThis.globalLocal",");","// init exports","if (local.isBrowser) {","    globalThis.utility2_swagger_ui = local;","} else {","    module.exports = local;","    module.exports.__dirname = __dirname;","}","// init lib main","local.swagger_ui = local;","","","","/* validateLineSortedReset */","return;","}());","","","","// run node js-env code - init-after","/* istanbul ignore next */","(function () {","    if (local.isBrowser) {","        return;","    }","    // init assets","    local.assetsDict = local.assetsDict || {};","    local.fs.readdirSync(local.__dirname).forEach(function (file) {","        file = \"/\" + file;","        if (file.indexOf(\"/assets.\") === 0) {","            local.assetsDict[file] = (","                local.assetsDict[file] || local.fs.readFileSync(local.__dirname + file, \"utf8\")","            );","        }","    });","    local.assetsDict[\"/assets.swagger_ui.html\"] = (","        local.assetsDict[\"/assets.index.template.html\"]","    );","}());","","","","}());",""],"l":{"14":1,"16":1,"17":1,"19":1,"20":1,"21":1,"24":1,"26":1,"27":1,"28":1,"33":1,"34":1,"36":1,"37":1,"38":1,"39":1,"41":1,"45":1,"46":1,"47":1,"49":1,"57":1,"61":1,"62":1,"63":1,"65":1,"82":1,"84":1,"90":1,"92":1,"96":1,"98":1,"102":1,"105":1,"106":1,"107":1,"108":1,"109":1,"110":1,"111":1,"112":1,"113":1,"114":1,"115":1,"116":1,"117":1,"118":1,"119":1,"120":1,"121":1,"122":1,"123":1,"124":1,"125":1,"126":1,"127":1,"128":1,"129":1,"130":1,"131":1,"132":1,"138":1,"145":1,"147":1,"154":1,"155":1,"157":1,"158":1,"161":1,"166":1,"173":1,"174":1,"175":1,"178":1,"179":1,"180":15,"181":15,"182":3,"187":1}},"/home/travis/build/kaizhu256/node-swagger-ui-lite/example.js":{"path":"/home/travis/build/kaizhu256/node-swagger-ui-lite/example.js","s":{"1":2,"2":2,"3":2,"4":2,"5":2,"6":2,"7":2,"8":2,"9":0,"10":0,"11":0,"12":0,"13":0,"14":0,"15":0,"16":0,"17":0,"18":2,"19":2,"20":2,"21":2,"22":2,"23":0,"24":0,"25":0,"26":0,"27":0,"28":2,"29":0,"30":2,"31":0,"32":2,"33":0,"34":2,"35":1,"36":1,"37":1,"38":1,"39":1,"40":1,"41":1,"42":1,"43":1,"44":1,"45":1,"46":1,"47":1,"48":1,"49":1,"50":1,"51":1,"52":1,"53":1,"54":1,"55":1,"56":1,"57":1,"58":1,"59":1,"60":1,"61":1,"62":2,"63":2,"64":2,"65":2,"66":2,"67":2,"68":1,"69":1,"70":1,"71":0,"72":1,"73":1,"74":1,"75":3,"76":3,"77":3,"78":1,"79":1,"80":1,"81":0,"82":0,"83":0,"84":0,"85":0,"86":0,"87":1,"88":1,"89":1,"90":1,"91":0,"92":0,"93":0,"94":0,"95":0,"96":0,"97":0,"98":0,"99":0,"100":0,"101":0,"102":0,"103":0,"104":0,"105":0},"b":{"1":[0,2],"2":[2,1,1,1,1],"3":[0,0],"4":[0,0],"5":[0,0,0],"6":[0,0],"7":[0,0],"8":[1,1],"9":[2,2,2],"10":[1,0],"11":[0,1],"12":[1,0],"13":[3,2],"14":[1,2],"15":[1,1],"16":[0,0,0,0,0],"17":[1,0],"18":[1,0],"19":[0,0],"20":[0,0],"21":[0,0],"22":[0,0],"23":[0,0],"24":[0,0]},"f":{"1":2,"2":2,"3":0,"4":0,"5":0,"6":0,"7":0,"8":2,"9":2,"10":2,"11":1,"12":3,"13":0,"14":0},"fnMap":{"1":{"name":"(anonymous_1)","line":121,"loc":{"start":{"line":121,"column":1},"end":{"line":121,"column":23}},"skip":true},"2":{"name":"(anonymous_2)","line":126,"loc":{"start":{"line":126,"column":5},"end":{"line":126,"column":17}},"skip":true},"3":{"name":"(anonymous_3)","line":135,"loc":{"start":{"line":135,"column":41},"end":{"line":135,"column":53}},"skip":true},"4":{"name":"(anonymous_4)","line":164,"loc":{"start":{"line":164,"column":24},"end":{"line":164,"column":51}},"skip":true},"5":{"name":"(anonymous_5)","line":191,"loc":{"start":{"line":191,"column":26},"end":{"line":191,"column":41}},"skip":true},"6":{"name":"(anonymous_6)","line":199,"loc":{"start":{"line":199,"column":21},"end":{"line":199,"column":38}},"skip":true},"7":{"name":"(anonymous_7)","line":205,"loc":{"start":{"line":205,"column":16},"end":{"line":205,"column":28}},"skip":true},"8":{"name":"(anonymous_8)","line":245,"loc":{"start":{"line":245,"column":1},"end":{"line":245,"column":18}}},"9":{"name":"(anonymous_9)","line":251,"loc":{"start":{"line":251,"column":1},"end":{"line":251,"column":13}}},"10":{"name":"(anonymous_10)","line":266,"loc":{"start":{"line":266,"column":1},"end":{"line":266,"column":13}},"skip":true},"11":{"name":"(anonymous_11)","line":276,"loc":{"start":{"line":276,"column":1},"end":{"line":276,"column":13}},"skip":true},"12":{"name":"(anonymous_12)","line":289,"loc":{"start":{"line":289,"column":10},"end":{"line":289,"column":26}},"skip":true},"13":{"name":"(anonymous_13)","line":310,"loc":{"start":{"line":310,"column":3},"end":{"line":310,"column":29}},"skip":true},"14":{"name":"(anonymous_14)","line":347,"loc":{"start":{"line":347,"column":24},"end":{"line":347,"column":53}},"skip":true}},"statementMap":{"1":{"start":{"line":121,"column":0},"end":{"line":241,"column":9},"skip":true},"2":{"start":{"line":123,"column":4},"end":{"line":123,"column":21},"skip":true},"3":{"start":{"line":124,"column":4},"end":{"line":124,"column":14},"skip":true},"4":{"start":{"line":126,"column":4},"end":{"line":130,"column":9},"skip":true},"5":{"start":{"line":127,"column":8},"end":{"line":129,"column":27},"skip":true},"6":{"start":{"line":128,"column":12},"end":{"line":128,"column":51},"skip":true},"7":{"start":{"line":131,"column":4},"end":{"line":131,"column":39},"skip":true},"8":{"start":{"line":133,"column":4},"end":{"line":150,"column":5},"skip":true},"9":{"start":{"line":134,"column":8},"end":{"line":134,"column":37},"skip":true},"10":{"start":{"line":135,"column":8},"end":{"line":149,"column":10},"skip":true},"11":{"start":{"line":140,"column":12},"end":{"line":140,"column":24},"skip":true},"12":{"start":{"line":141,"column":12},"end":{"line":141,"column":44},"skip":true},"13":{"start":{"line":143,"column":12},"end":{"line":143,"column":62},"skip":true},"14":{"start":{"line":144,"column":12},"end":{"line":144,"column":49},"skip":true},"15":{"start":{"line":145,"column":12},"end":{"line":145,"column":49},"skip":true},"16":{"start":{"line":146,"column":12},"end":{"line":146,"column":31},"skip":true},"17":{"start":{"line":148,"column":12},"end":{"line":148,"column":30},"skip":true},"18":{"start":{"line":152,"column":4},"end":{"line":152,"column":15},"skip":true},"19":{"start":{"line":153,"column":4},"end":{"line":153,"column":24},"skip":true},"20":{"start":{"line":154,"column":4},"end":{"line":154,"column":35},"skip":true},"21":{"start":{"line":156,"column":4},"end":{"line":162,"column":6},"skip":true},"22":{"start":{"line":164,"column":4},"end":{"line":190,"column":6},"skip":true},"23":{"start":{"line":168,"column":8},"end":{"line":168,"column":18},"skip":true},"24":{"start":{"line":169,"column":8},"end":{"line":171,"column":9},"skip":true},"25":{"start":{"line":170,"column":12},"end":{"line":170,"column":19},"skip":true},"26":{"start":{"line":172,"column":8},"end":{"line":188,"column":10},"skip":true},"27":{"start":{"line":189,"column":8},"end":{"line":189,"column":20},"skip":true},"28":{"start":{"line":191,"column":4},"end":{"line":198,"column":6},"skip":true},"29":{"start":{"line":197,"column":8},"end":{"line":197,"column":32},"skip":true},"30":{"start":{"line":199,"column":4},"end":{"line":204,"column":6},"skip":true},"31":{"start":{"line":203,"column":8},"end":{"line":203,"column":21},"skip":true},"32":{"start":{"line":205,"column":4},"end":{"line":210,"column":6},"skip":true},"33":{"start":{"line":209,"column":8},"end":{"line":209,"column":15},"skip":true},"34":{"start":{"line":212,"column":4},"end":{"line":240,"column":5},"skip":true},"35":{"start":{"line":213,"column":8},"end":{"line":213,"column":41},"skip":true},"36":{"start":{"line":214,"column":8},"end":{"line":214,"column":41},"skip":true},"37":{"start":{"line":215,"column":8},"end":{"line":215,"column":55},"skip":true},"38":{"start":{"line":216,"column":8},"end":{"line":216,"column":43},"skip":true},"39":{"start":{"line":217,"column":8},"end":{"line":217,"column":41},"skip":true},"40":{"start":{"line":218,"column":8},"end":{"line":218,"column":39},"skip":true},"41":{"start":{"line":219,"column":8},"end":{"line":219,"column":35},"skip":true},"42":{"start":{"line":220,"column":8},"end":{"line":220,"column":41},"skip":true},"43":{"start":{"line":221,"column":8},"end":{"line":221,"column":41},"skip":true},"44":{"start":{"line":222,"column":8},"end":{"line":222,"column":33},"skip":true},"45":{"start":{"line":223,"column":8},"end":{"line":223,"column":37},"skip":true},"46":{"start":{"line":224,"column":8},"end":{"line":224,"column":39},"skip":true},"47":{"start":{"line":225,"column":8},"end":{"line":225,"column":35},"skip":true},"48":{"start":{"line":226,"column":8},"end":{"line":226,"column":33},"skip":true},"49":{"start":{"line":227,"column":8},"end":{"line":227,"column":37},"skip":true},"50":{"start":{"line":228,"column":8},"end":{"line":228,"column":51},"skip":true},"51":{"start":{"line":229,"column":8},"end":{"line":229,"column":45},"skip":true},"52":{"start":{"line":230,"column":8},"end":{"line":230,"column":37},"skip":true},"53":{"start":{"line":231,"column":8},"end":{"line":231,"column":41},"skip":true},"54":{"start":{"line":232,"column":8},"end":{"line":232,"column":57},"skip":true},"55":{"start":{"line":233,"column":8},"end":{"line":233,"column":41},"skip":true},"56":{"start":{"line":234,"column":8},"end":{"line":234,"column":35},"skip":true},"57":{"start":{"line":235,"column":8},"end":{"line":235,"column":35},"skip":true},"58":{"start":{"line":236,"column":8},"end":{"line":236,"column":35},"skip":true},"59":{"start":{"line":237,"column":8},"end":{"line":237,"column":37},"skip":true},"60":{"start":{"line":238,"column":8},"end":{"line":238,"column":33},"skip":true},"61":{"start":{"line":239,"column":8},"end":{"line":239,"column":37},"skip":true},"62":{"start":{"line":245,"column":0},"end":{"line":360,"column":5}},"63":{"start":{"line":251,"column":0},"end":{"line":260,"column":5}},"64":{"start":{"line":253,"column":0},"end":{"line":257,"column":2}},"65":{"start":{"line":259,"column":0},"end":{"line":259,"column":25}},"66":{"start":{"line":266,"column":0},"end":{"line":270,"column":5},"skip":true},"67":{"start":{"line":267,"column":0},"end":{"line":269,"column":1},"skip":true},"68":{"start":{"line":268,"column":4},"end":{"line":268,"column":11},"skip":true},"69":{"start":{"line":276,"column":0},"end":{"line":356,"column":5},"skip":true},"70":{"start":{"line":277,"column":0},"end":{"line":279,"column":1},"skip":true},"71":{"start":{"line":278,"column":4},"end":{"line":278,"column":11},"skip":true},"72":{"start":{"line":281,"column":0},"end":{"line":281,"column":23},"skip":true},"73":{"start":{"line":284,"column":0},"end":{"line":284,"column":42},"skip":true},"74":{"start":{"line":285,"column":0},"end":{"line":298,"column":3},"skip":true},"75":{"start":{"line":290,"column":4},"end":{"line":290,"column":22},"skip":true},"76":{"start":{"line":291,"column":4},"end":{"line":291,"column":58},"skip":true},"77":{"start":{"line":292,"column":4},"end":{"line":297,"column":5},"skip":true},"78":{"start":{"line":293,"column":8},"end":{"line":296,"column":10},"skip":true},"79":{"start":{"line":301,"column":0},"end":{"line":304,"column":28},"skip":true},"80":{"start":{"line":307,"column":0},"end":{"line":323,"column":3},"skip":true},"81":{"start":{"line":311,"column":4},"end":{"line":322,"column":5},"skip":true},"82":{"start":{"line":313,"column":8},"end":{"line":313,"column":48},"skip":true},"83":{"start":{"line":315,"column":8},"end":{"line":315,"column":33},"skip":true},"84":{"start":{"line":317,"column":8},"end":{"line":317,"column":28},"skip":true},"85":{"start":{"line":319,"column":8},"end":{"line":319,"column":23},"skip":true},"86":{"start":{"line":321,"column":8},"end":{"line":321,"column":22},"skip":true},"87":{"start":{"line":324,"column":0},"end":{"line":324,"column":65},"skip":true},"88":{"start":{"line":325,"column":0},"end":{"line":325,"column":56},"skip":true},"89":{"start":{"line":327,"column":0},"end":{"line":329,"column":1},"skip":true},"90":{"start":{"line":328,"column":4},"end":{"line":328,"column":11},"skip":true},"91":{"start":{"line":331,"column":0},"end":{"line":334,"column":2},"skip":true},"92":{"start":{"line":335,"column":0},"end":{"line":335,"column":74},"skip":true},"93":{"start":{"line":338,"column":0},"end":{"line":340,"column":1},"skip":true},"94":{"start":{"line":339,"column":4},"end":{"line":339,"column":74},"skip":true},"95":{"start":{"line":342,"column":0},"end":{"line":344,"column":1},"skip":true},"96":{"start":{"line":343,"column":4},"end":{"line":343,"column":11},"skip":true},"97":{"start":{"line":345,"column":0},"end":{"line":345,"column":46},"skip":true},"98":{"start":{"line":346,"column":0},"end":{"line":346,"column":61},"skip":true},"99":{"start":{"line":347,"column":0},"end":{"line":355,"column":28},"skip":true},"100":{"start":{"line":348,"column":4},"end":{"line":348,"column":53},"skip":true},"101":{"start":{"line":349,"column":4},"end":{"line":352,"column":5},"skip":true},"102":{"start":{"line":350,"column":8},"end":{"line":350,"column":67},"skip":true},"103":{"start":{"line":351,"column":8},"end":{"line":351,"column":15},"skip":true},"104":{"start":{"line":353,"column":4},"end":{"line":353,"column":30},"skip":true},"105":{"start":{"line":354,"column":4},"end":{"line":354,"column":19},"skip":true}},"branchMap":{"1":{"line":133,"type":"if","locations":[{"start":{"line":133,"column":4},"end":{"line":133,"column":4},"skip":true},{"start":{"line":133,"column":4},"end":{"line":133,"column":4},"skip":true}]},"2":{"line":157,"type":"binary-expr","locations":[{"start":{"line":157,"column":8},"end":{"line":157,"column":34},"skip":true},{"start":{"line":158,"column":11},"end":{"line":158,"column":32},"skip":true},{"start":{"line":159,"column":11},"end":{"line":159,"column":54},"skip":true},{"start":{"line":160,"column":11},"end":{"line":160,"column":26},"skip":true},{"start":{"line":161,"column":11},"end":{"line":161,"column":65},"skip":true}]},"3":{"line":169,"type":"if","locations":[{"start":{"line":169,"column":8},"end":{"line":169,"column":8},"skip":true},{"start":{"line":169,"column":8},"end":{"line":169,"column":8},"skip":true}]},"4":{"line":174,"type":"cond-expr","locations":[{"start":{"line":180,"column":14},"end":{"line":180,"column":21},"skip":true},{"start":{"line":181,"column":14},"end":{"line":187,"column":13},"skip":true}]},"5":{"line":175,"type":"binary-expr","locations":[{"start":{"line":175,"column":16},"end":{"line":175,"column":23},"skip":true},{"start":{"line":176,"column":19},"end":{"line":176,"column":54},"skip":true},{"start":{"line":177,"column":19},"end":{"line":177,"column":52},"skip":true}]},"6":{"line":182,"type":"cond-expr","locations":[{"start":{"line":184,"column":18},"end":{"line":184,"column":25},"skip":true},{"start":{"line":186,"column":18},"end":{"line":186,"column":50},"skip":true}]},"7":{"line":197,"type":"binary-expr","locations":[{"start":{"line":197,"column":15},"end":{"line":197,"column":18},"skip":true},{"start":{"line":197,"column":22},"end":{"line":197,"column":31},"skip":true}]},"8":{"line":212,"type":"if","locations":[{"start":{"line":212,"column":4},"end":{"line":212,"column":4},"skip":true},{"start":{"line":212,"column":4},"end":{"line":212,"column":4},"skip":true}]},"9":{"line":254,"type":"binary-expr","locations":[{"start":{"line":254,"column":4},"end":{"line":254,"column":30}},{"start":{"line":255,"column":7},"end":{"line":255,"column":37}},{"start":{"line":256,"column":7},"end":{"line":256,"column":40}}]},"10":{"line":267,"type":"if","locations":[{"start":{"line":267,"column":0},"end":{"line":267,"column":0},"skip":true},{"start":{"line":267,"column":0},"end":{"line":267,"column":0},"skip":true}]},"11":{"line":277,"type":"if","locations":[{"start":{"line":277,"column":0},"end":{"line":277,"column":0},"skip":true},{"start":{"line":277,"column":0},"end":{"line":277,"column":0},"skip":true}]},"12":{"line":284,"type":"binary-expr","locations":[{"start":{"line":284,"column":19},"end":{"line":284,"column":35},"skip":true},{"start":{"line":284,"column":39},"end":{"line":284,"column":41},"skip":true}]},"13":{"line":291,"type":"binary-expr","locations":[{"start":{"line":291,"column":29},"end":{"line":291,"column":51},"skip":true},{"start":{"line":291,"column":55},"end":{"line":291,"column":57},"skip":true}]},"14":{"line":292,"type":"if","locations":[{"start":{"line":292,"column":4},"end":{"line":292,"column":4},"skip":true},{"start":{"line":292,"column":4},"end":{"line":292,"column":4},"skip":true}]},"15":{"line":302,"type":"binary-expr","locations":[{"start":{"line":302,"column":4},"end":{"line":302,"column":45},"skip":true},{"start":{"line":303,"column":4},"end":{"line":304,"column":27},"skip":true}]},"16":{"line":311,"type":"switch","locations":[{"start":{"line":312,"column":4},"end":{"line":313,"column":48},"skip":true},{"start":{"line":314,"column":4},"end":{"line":315,"column":33},"skip":true},{"start":{"line":316,"column":4},"end":{"line":317,"column":28},"skip":true},{"start":{"line":318,"column":4},"end":{"line":319,"column":23},"skip":true},{"start":{"line":320,"column":4},"end":{"line":321,"column":22},"skip":true}]},"17":{"line":327,"type":"if","locations":[{"start":{"line":327,"column":0},"end":{"line":327,"column":0},"skip":true},{"start":{"line":327,"column":0},"end":{"line":327,"column":0},"skip":true}]},"18":{"line":327,"type":"binary-expr","locations":[{"start":{"line":327,"column":4},"end":{"line":327,"column":27},"skip":true},{"start":{"line":327,"column":31},"end":{"line":327,"column":57},"skip":true}]},"19":{"line":332,"type":"binary-expr","locations":[{"start":{"line":332,"column":4},"end":{"line":332,"column":42},"skip":true},{"start":{"line":333,"column":7},"end":{"line":333,"column":48},"skip":true}]},"20":{"line":335,"type":"binary-expr","locations":[{"start":{"line":335,"column":35},"end":{"line":335,"column":67},"skip":true},{"start":{"line":335,"column":71},"end":{"line":335,"column":73},"skip":true}]},"21":{"line":338,"type":"if","locations":[{"start":{"line":338,"column":0},"end":{"line":338,"column":0},"skip":true},{"start":{"line":338,"column":0},"end":{"line":338,"column":0},"skip":true}]},"22":{"line":342,"type":"if","locations":[{"start":{"line":342,"column":0},"end":{"line":342,"column":0},"skip":true},{"start":{"line":342,"column":0},"end":{"line":342,"column":0},"skip":true}]},"23":{"line":345,"type":"binary-expr","locations":[{"start":{"line":345,"column":19},"end":{"line":345,"column":35},"skip":true},{"start":{"line":345,"column":39},"end":{"line":345,"column":45},"skip":true}]},"24":{"line":349,"type":"if","locations":[{"start":{"line":349,"column":4},"end":{"line":349,"column":4},"skip":true},{"start":{"line":349,"column":4},"end":{"line":349,"column":4},"skip":true}]}},"code":["","","","","","","","","","","","","","","","","","","","","","","","","","","","","","","","","","","","","","","","","","","","","","","","","","","","","","","","","","","","","","","","","","","","","","","","","","","","","","","","","","","","","","","","","","","","","","","","","","","","","","","/*","example.js","","this script will run a web-demo of swagger-ui-lite","","instruction","    1. save this script as example.js","    2. run the shell-command:","        $ npm install kaizhu256/node-swagger-ui-lite#alpha && PORT=8081 node example.js","    3. open a browser to http://127.0.0.1:8081 and play with the web-demo","    4. edit this script to suit your needs","*/","","","","/* istanbul instrument in package swagger_ui */","/* istanbul ignore next */","/* jslint utility2:true */","(function (globalThis) {","    \"use strict\";","    var consoleError;","    var local;","    // init globalThis","    (function () {","        try {","            globalThis = Function(\"return this\")(); // jslint ignore:line","        } catch (ignore) {}","    }());","    globalThis.globalThis = globalThis;","    // init debug_inline","    if (!globalThis[\"debug\\u0049nline\"]) {","        consoleError = console.error;","        globalThis[\"debug\\u0049nline\"] = function () {","        /*","         * this function will both print <arguments> to stderr","         * and return <arguments>[0]","         */","            var argList;","            argList = Array.from(arguments); // jslint ignore:line","            // debug arguments","            globalThis[\"debug\\u0049nlineArguments\"] = argList;","            consoleError(\"\\n\\ndebug\\u0049nline\");","            consoleError.apply(console, argList);","            consoleError(\"\\n\");","            // return arg0 for inspection","            return argList[0];","        };","    }","    // init local","    local = {};","    local.local = local;","    globalThis.globalLocal = local;","    // init isBrowser","    local.isBrowser = (","        typeof window === \"object\"","        && window === globalThis","        && typeof window.XMLHttpRequest === \"function\"","        && window.document","        && typeof window.document.querySelectorAll === \"function\"","    );","    // init function","    local.assertThrow = function (passed, message) {","    /*","     * this function will throw the error <message> if <passed> is falsy","     */","        var error;","        if (passed) {","            return;","        }","        error = (","            // ternary-condition","            (","                message","                && typeof message.message === \"string\"","                && typeof message.stack === \"string\"","            )","            // if message is an error-object, then leave it as is","            ? message","            : new Error(","                typeof message === \"string\"","                // if message is a string, then leave it as is","                ? message","                // else JSON.stringify message","                : JSON.stringify(message, null, 4)","            )","        );","        throw error;","    };","    local.functionOrNop = function (fnc) {","    /*","     * this function will if <fnc> exists,","     * them return <fnc>,","     * else return <nop>","     */","        return fnc || local.nop;","    };","    local.identity = function (value) {","    /*","     * this function will return <value>","     */","        return value;","    };","    local.nop = function () {","    /*","     * this function will do nothing","     */","        return;","    };","    // require builtin","    if (!local.isBrowser) {","        local.assert = require(\"assert\");","        local.buffer = require(\"buffer\");","        local.child_process = require(\"child_process\");","        local.cluster = require(\"cluster\");","        local.crypto = require(\"crypto\");","        local.dgram = require(\"dgram\");","        local.dns = require(\"dns\");","        local.domain = require(\"domain\");","        local.events = require(\"events\");","        local.fs = require(\"fs\");","        local.http = require(\"http\");","        local.https = require(\"https\");","        local.net = require(\"net\");","        local.os = require(\"os\");","        local.path = require(\"path\");","        local.querystring = require(\"querystring\");","        local.readline = require(\"readline\");","        local.repl = require(\"repl\");","        local.stream = require(\"stream\");","        local.string_decoder = require(\"string_decoder\");","        local.timers = require(\"timers\");","        local.tls = require(\"tls\");","        local.tty = require(\"tty\");","        local.url = require(\"url\");","        local.util = require(\"util\");","        local.vm = require(\"vm\");","        local.zlib = require(\"zlib\");","    }","}(this));","","","","(function (local) {","\"use strict\";","","","","// run shared js-env code - init-before","(function () {","// init local","local = (","    globalThis.utility2_rollup","    || globalThis.utility2_swagger_ui","    || globalThis.utility2_moduleExports",");","// init exports","globalThis.local = local;","}());","","","","/* istanbul ignore next */","// run browser js-env code - init-test","(function () {","if (!local.isBrowser) {","    return;","}","}());","","","","/* istanbul ignore next */","// run node js-env code - init-test","(function () {","if (local.isBrowser) {","    return;","}","// init exports","module.exports = local;","/* validateLineSortedReset */","// init assets","local.assetsDict = local.assetsDict || {};","[","    \"assets.index.template.html\",","    \"assets.swgg.swagger.json\",","    \"assets.swgg.swagger.server.json\"","].forEach(function (file) {","    file = \"/\" + file;","    local.assetsDict[file] = local.assetsDict[file] || \"\";","    if (local.fs.existsSync(local.__dirname + file)) {","        local.assetsDict[file] = local.fs.readFileSync(","            local.__dirname + file,","            \"utf8\"","        );","    }","});","/* validateLineSortedReset */","/* jslint ignore:start */","local.assetsDict[\"/assets.swagger_ui.js\"] =","    local.assetsDict[\"/assets.swagger_ui.js\"] ||","    local.fs.readFileSync(local.__dirname + \"/lib.swagger_ui.js\", \"utf8\"",").replace((/^#!\\//), \"// \");","/* jslint ignore:end */","/* validateLineSortedReset */","local.assetsDict[\"/\"] = local.assetsDict[\"/assets.index.template.html\"]",".replace((","    /\\{\\{env\\.(\\w+?)\\}\\}/g","), function (match0, match1) {","    switch (match1) {","    case \"npm_package_description\":","        return \"the greatest app in the world!\";","    case \"npm_package_name\":","        return \"swagger-ui-lite\";","    case \"npm_package_nameLib\":","        return \"swagger_ui\";","    case \"npm_package_version\":","        return \"0.0.1\";","    default:","        return match0;","    }","});","local.assetsDict[\"/assets.example.html\"] = local.assetsDict[\"/\"];","local.assetsDict[\"/index.html\"] = local.assetsDict[\"/\"];","// init cli","if (module !== require.main || globalThis.utility2_rollup) {","    return;","}","/* validateLineSortedReset */","local.assetsDict[\"/assets.example.js\"] = (","    local.assetsDict[\"/assets.example.js\"]","    || local.fs.readFileSync(__filename, \"utf8\")",");","local.assetsDict[\"/favicon.ico\"] = local.assetsDict[\"/favicon.ico\"] || \"\";","// if $npm_config_timeout_exit exists,","// then exit this process after $npm_config_timeout_exit ms","if (Number(process.env.npm_config_timeout_exit)) {","    setTimeout(process.exit, Number(process.env.npm_config_timeout_exit));","}","// start server","if (globalThis.utility2_serverHttp1) {","    return;","}","process.env.PORT = process.env.PORT || \"8081\";","console.error(\"server starting on port \" + process.env.PORT);","local.http.createServer(function (request, response) {","    request.urlParsed = local.url.parse(request.url);","    if (local.assetsDict[request.urlParsed.pathname] !== undefined) {","        response.end(local.assetsDict[request.urlParsed.pathname]);","        return;","    }","    response.statusCode = 404;","    response.end();","}).listen(process.env.PORT);","}());","","","","}());"],"l":{"121":2,"123":2,"124":2,"126":2,"127":2,"128":2,"131":2,"133":2,"134":1,"135":1,"140":1,"141":1,"143":1,"144":1,"145":1,"146":1,"148":1,"152":2,"153":2,"154":2,"156":2,"164":2,"168":1,"169":1,"170":1,"172":1,"189":1,"191":2,"197":1,"199":2,"203":1,"205":2,"209":1,"212":2,"213":1,"214":1,"215":1,"216":1,"217":1,"218":1,"219":1,"220":1,"221":1,"222":1,"223":1,"224":1,"225":1,"226":1,"227":1,"228":1,"229":1,"230":1,"231":1,"232":1,"233":1,"234":1,"235":1,"236":1,"237":1,"238":1,"239":1,"245":2,"251":2,"253":2,"259":2,"266":2,"267":2,"268":1,"276":1,"277":1,"278":1,"281":1,"284":1,"285":1,"290":3,"291":3,"292":3,"293":1,"301":1,"307":1,"311":1,"313":1,"315":1,"317":1,"319":1,"321":1,"324":1,"325":1,"327":1,"328":1,"331":1,"335":1,"338":1,"339":1,"342":1,"343":1,"345":1,"346":1,"347":1,"348":1,"349":1,"350":1,"351":1,"353":1,"354":1}}}