{"/home/travis/build/kaizhu256/node-swagger-ui-lite/test.js":{"path":"/home/travis/build/kaizhu256/node-swagger-ui-lite/test.js","s":{"1":2,"2":2,"3":2,"4":2,"5":2,"6":2,"7":2,"8":2,"9":2,"10":2,"11":2,"12":1,"13":1,"14":1,"15":1,"16":1,"17":1,"18":1,"19":1,"20":1,"21":1,"22":7,"23":1,"24":1,"25":1,"26":12,"27":11,"28":1,"29":1,"30":1,"31":36,"32":20,"33":1,"34":1,"35":1,"36":1,"37":1,"38":1,"39":1,"40":2,"41":2,"42":1,"43":1,"44":1,"45":1,"46":1,"47":1,"48":1,"49":1},"b":{"1":[2,1,1,1],"2":[1,1],"3":[2,1],"4":[1,1],"5":[11,1],"6":[20,16],"7":[1,1]},"f":{"1":2,"2":2,"3":2,"4":2,"5":1,"6":1,"7":7,"8":12,"9":36,"10":2},"fnMap":{"1":{"name":"(anonymous_1)","line":13,"loc":{"start":{"line":13,"column":1},"end":{"line":13,"column":13}}},"2":{"name":"(anonymous_2)","line":20,"loc":{"start":{"line":20,"column":5},"end":{"line":20,"column":17}}},"3":{"name":"(anonymous_3)","line":42,"loc":{"start":{"line":42,"column":5},"end":{"line":42,"column":17}}},"4":{"name":"(anonymous_4)","line":43,"loc":{"start":{"line":43,"column":45},"end":{"line":43,"column":73}}},"5":{"name":"(anonymous_5)","line":53,"loc":{"start":{"line":53,"column":31},"end":{"line":53,"column":43}}},"6":{"name":"(anonymous_6)","line":55,"loc":{"start":{"line":55,"column":44},"end":{"line":55,"column":60}}},"7":{"name":"(anonymous_7)","line":68,"loc":{"start":{"line":68,"column":26},"end":{"line":68,"column":41}}},"8":{"name":"(anonymous_8)","line":103,"loc":{"start":{"line":103,"column":68},"end":{"line":103,"column":86}}},"9":{"name":"(anonymous_9)","line":111,"loc":{"start":{"line":111,"column":49},"end":{"line":111,"column":64}}},"10":{"name":"(anonymous_10)","line":128,"loc":{"start":{"line":128,"column":42},"end":{"line":128,"column":70}}}},"statementMap":{"1":{"start":{"line":13,"column":0},"end":{"line":153,"column":5}},"2":{"start":{"line":15,"column":4},"end":{"line":15,"column":14}},"3":{"start":{"line":20,"column":4},"end":{"line":37,"column":9}},"4":{"start":{"line":22,"column":8},"end":{"line":22,"column":19}},"5":{"start":{"line":24,"column":8},"end":{"line":27,"column":67}},"6":{"start":{"line":29,"column":8},"end":{"line":31,"column":21}},"7":{"start":{"line":33,"column":8},"end":{"line":34,"column":49}},"8":{"start":{"line":36,"column":8},"end":{"line":36,"column":33}},"9":{"start":{"line":42,"column":4},"end":{"line":152,"column":9}},"10":{"start":{"line":43,"column":8},"end":{"line":126,"column":10}},"11":{"start":{"line":47,"column":12},"end":{"line":50,"column":13}},"12":{"start":{"line":48,"column":16},"end":{"line":48,"column":39}},"13":{"start":{"line":49,"column":16},"end":{"line":49,"column":23}},"14":{"start":{"line":51,"column":12},"end":{"line":51,"column":25}},"15":{"start":{"line":52,"column":12},"end":{"line":52,"column":70}},"16":{"start":{"line":53,"column":12},"end":{"line":72,"column":14}},"17":{"start":{"line":54,"column":16},"end":{"line":54,"column":52}},"18":{"start":{"line":55,"column":16},"end":{"line":57,"column":18}},"19":{"start":{"line":56,"column":20},"end":{"line":56,"column":32}},"20":{"start":{"line":59,"column":16},"end":{"line":59,"column":48}},"21":{"start":{"line":60,"column":16},"end":{"line":70,"column":19}},"22":{"start":{"line":69,"column":20},"end":{"line":69,"column":31}},"23":{"start":{"line":71,"column":16},"end":{"line":71,"column":32}},"24":{"start":{"line":74,"column":12},"end":{"line":74,"column":31}},"25":{"start":{"line":75,"column":12},"end":{"line":109,"column":18}},"26":{"start":{"line":104,"column":20},"end":{"line":106,"column":21}},"27":{"start":{"line":105,"column":24},"end":{"line":105,"column":34}},"28":{"start":{"line":107,"column":20},"end":{"line":107,"column":34}},"29":{"start":{"line":110,"column":12},"end":{"line":110,"column":71}},"30":{"start":{"line":111,"column":12},"end":{"line":115,"column":15}},"31":{"start":{"line":112,"column":16},"end":{"line":114,"column":17}},"32":{"start":{"line":113,"column":20},"end":{"line":113,"column":48}},"33":{"start":{"line":116,"column":12},"end":{"line":116,"column":46}},"34":{"start":{"line":117,"column":12},"end":{"line":117,"column":48}},"35":{"start":{"line":118,"column":12},"end":{"line":118,"column":44}},"36":{"start":{"line":119,"column":12},"end":{"line":119,"column":46}},"37":{"start":{"line":120,"column":12},"end":{"line":120,"column":37}},"38":{"start":{"line":121,"column":12},"end":{"line":124,"column":14}},"39":{"start":{"line":125,"column":12},"end":{"line":125,"column":48}},"40":{"start":{"line":128,"column":8},"end":{"line":151,"column":10}},"41":{"start":{"line":132,"column":12},"end":{"line":135,"column":13}},"42":{"start":{"line":133,"column":16},"end":{"line":133,"column":39}},"43":{"start":{"line":134,"column":16},"end":{"line":134,"column":23}},"44":{"start":{"line":136,"column":12},"end":{"line":136,"column":76}},"45":{"start":{"line":137,"column":12},"end":{"line":137,"column":73}},"46":{"start":{"line":138,"column":12},"end":{"line":138,"column":74}},"47":{"start":{"line":139,"column":12},"end":{"line":139,"column":79}},"48":{"start":{"line":140,"column":12},"end":{"line":149,"column":17}},"49":{"start":{"line":150,"column":12},"end":{"line":150,"column":45}}},"branchMap":{"1":{"line":24,"type":"binary-expr","locations":[{"start":{"line":24,"column":26},"end":{"line":24,"column":52}},{"start":{"line":25,"column":12},"end":{"line":25,"column":55}},{"start":{"line":26,"column":12},"end":{"line":26,"column":27}},{"start":{"line":27,"column":12},"end":{"line":27,"column":66}}]},"2":{"line":29,"type":"cond-expr","locations":[{"start":{"line":30,"column":14},"end":{"line":30,"column":20}},{"start":{"line":31,"column":14},"end":{"line":31,"column":20}}]},"3":{"line":33,"type":"binary-expr","locations":[{"start":{"line":33,"column":38},"end":{"line":33,"column":59}},{"start":{"line":34,"column":12},"end":{"line":34,"column":31}}]},"4":{"line":47,"type":"if","locations":[{"start":{"line":47,"column":12},"end":{"line":47,"column":12}},{"start":{"line":47,"column":12},"end":{"line":47,"column":12}}]},"5":{"line":104,"type":"if","locations":[{"start":{"line":104,"column":20},"end":{"line":104,"column":20}},{"start":{"line":104,"column":20},"end":{"line":104,"column":20}}]},"6":{"line":112,"type":"if","locations":[{"start":{"line":112,"column":16},"end":{"line":112,"column":16}},{"start":{"line":112,"column":16},"end":{"line":112,"column":16}}]},"7":{"line":132,"type":"if","locations":[{"start":{"line":132,"column":12},"end":{"line":132,"column":12}},{"start":{"line":132,"column":12},"end":{"line":132,"column":12}}]}},"code":["/* istanbul instrument in package swagger_ui */","/* jslint-utility2 */","/*jslint","    bitwise: true,","    browser: true,","    maxerr: 4,","    maxlen: 100,","    node: true,","    nomen: true,","    regexp: true,","    stupid: true","*/","(function () {","    'use strict';","    var local;","","","","    // run shared js-env code - init-before","    (function () {","        // init local","        local = {};","        // init isBrowser","        local.isBrowser = typeof window === \"object\" &&","            typeof window.XMLHttpRequest === \"function\" &&","            window.document &&","            typeof window.document.querySelectorAll === \"function\";","        // init global","        local.global = local.isBrowser","            ? window","            : global;","        // re-init local","        local = local.global.local = (local.global.utility2 ||","            require('utility2')).requireReadme();","        // init test","        local.testRunInit(local);","    }());","","","","    // run shared js-env code - function","    (function () {","        local.testCase_buildApidoc_default = function (options, onError) {","        /*","         * this function will test buildApidoc's default handling-behavior-behavior","         */","            if (local.isBrowser) {","                onError(null, options);","                return;","            }","            options = {};","            options.global = local.objectSetDefault({}, local.global);","            options.polyfill = function () {","                var $, Backbone, Handlebars, window;","                $ = Backbone = Handlebars = function (arg0) {","                    return arg0;","                };","                // jslint-hack","                $(Backbone, Handlebars, window);","                [","                    'Collection',","                    'Model',","                    'Router',","                    'View',","                    'extend',","                    'registerHelper',","                    'template'","                ].forEach(function (key) {","                    $[key] = $;","                });","                window = global;","            };","            // coverage-hack","            options.polyfill();","            local.vm.runInThisContext(local.jslintAndPrint(","/* jslint-ignore-begin */","'\\","/*jslint\\n\\","    node: true\\n\\","*/\\n\\","\"use strict\";\\n\\","var $, Backbone, Handlebars, window;\\n\\","$ = Backbone = Handlebars = function (arg0) {\\n\\","    return arg0;\\n\\","};\\n\\","// jslint-hack\\n\\","$(Backbone, Handlebars, window);\\n\\","[\\n\\","    \"Collection\",\\n\\","    \"Model\",\\n\\","    \"Router\",\\n\\","    \"View\",\\n\\","    \"extend\",\\n\\","    \"registerHelper\",\\n\\","    \"template\"\\n\\","].forEach(function (key) {\\n\\","    $[key] = $;\\n\\","});\\n\\","window = global;\\n\\","', 'polyfill.js'","/* jslint-ignore-end */","            ) + local.fs.readFileSync('assets.swagger_ui.rollup.js', 'utf8')","                    .replace((/^\\/\\/ init lib [\\S\\s]*?\\n\\n\\n\\n/gm), function (match0) {","                    if (match0.indexOf('init lib swagger') < 0) {","                        return '';","                    }","                    return match0;","                })","                );","            options.exports = local.objectSetDefault({}, local.global);","            Object.keys(options.exports).forEach(function (key) {","                if (options.exports[key] === options.global[key]) {","                    delete options.exports[key];","                }","            });","            delete options.exports.$.Backbone;","            delete options.exports.$.Handlebars;","            delete options.exports.Backbone;","            delete options.exports.Handlebars;","            delete options.exports.$;","            options.moduleDict = {","                exampleFileList: ['assets.swagger_ui.rollup.js'],","                swagger_ui: { exports: options.exports }","            };","            local.buildApidoc(options, onError);","        };","","        local.testCase_buildApp_default = function (options, onError) {","        /*","         * this function will test buildApp's default handling-behavior-behavior","         */","            if (local.isBrowser) {","                onError(null, options);","                return;","            }","            local.testCase_buildReadme_default(options, local.onErrorThrow);","            local.testCase_buildLib_default(options, local.onErrorThrow);","            local.testCase_buildTest_default(options, local.onErrorThrow);","            local.testCase_buildCustomOrg_default(options, local.onErrorThrow);","            options = { assetsList: [{","                file: '/assets.swagger_ui.html',","                url: '/assets.swagger_ui.html'","            }, {","                file: '/assets.swagger_ui.petstore.json',","                url: '/assets.swagger_ui.petstore.json'","            }, {","                file: '/assets.swagger_ui.rollup.js',","                url: '/assets.swagger_ui.rollup.js'","            }] };","            local.buildApp(options, onError);","        };","    }());","}());",""],"l":{"13":2,"15":2,"20":2,"22":2,"24":2,"29":2,"33":2,"36":2,"42":2,"43":2,"47":2,"48":1,"49":1,"51":1,"52":1,"53":1,"54":1,"55":1,"56":1,"59":1,"60":1,"69":7,"71":1,"74":1,"75":1,"104":12,"105":11,"107":1,"110":1,"111":1,"112":36,"113":20,"116":1,"117":1,"118":1,"119":1,"120":1,"121":1,"125":1,"128":2,"132":2,"133":1,"134":1,"136":1,"137":1,"138":1,"139":1,"140":1,"150":1}},"/home/travis/build/kaizhu256/node-swagger-ui-lite/lib.swagger_ui.js":{"path":"/home/travis/build/kaizhu256/node-swagger-ui-lite/lib.swagger_ui.js","s":{"1":2,"2":2,"3":2,"4":2,"5":2,"6":2,"7":2,"8":2,"9":2,"10":0,"11":0,"12":0,"13":0,"14":0,"15":0,"16":0,"17":2,"18":2,"19":2,"20":2,"21":2,"22":0,"23":2,"24":1,"25":1,"26":1,"27":1,"28":1,"29":1,"30":1,"31":1,"32":1,"33":1,"34":1,"35":1,"36":1,"37":1,"38":1,"39":1,"40":1,"41":1,"42":1,"43":1,"44":1,"45":1,"46":1,"47":1,"48":1,"49":1,"50":1,"51":1,"52":1,"53":1,"54":1,"55":1,"56":1,"57":1,"58":1,"59":2,"60":2,"61":2,"62":2,"63":1,"64":1,"65":1,"66":15,"67":15,"68":3,"69":1},"b":{"1":[2,1,1],"2":[2,0],"3":[2,1,1,1],"4":[1,1],"5":[2,2],"6":[1,1],"7":[1,1],"8":[1,1],"9":[3,12],"10":[3,3]},"f":{"1":2,"2":2,"3":2,"4":0,"5":0,"6":2,"7":15},"fnMap":{"1":{"name":"(anonymous_1)","line":13,"loc":{"start":{"line":13,"column":1},"end":{"line":13,"column":13}}},"2":{"name":"(anonymous_2)","line":21,"loc":{"start":{"line":21,"column":5},"end":{"line":21,"column":17}},"skip":true},"3":{"name":"(anonymous_3)","line":23,"loc":{"start":{"line":23,"column":9},"end":{"line":23,"column":21}},"skip":true},"4":{"name":"(anonymous_4)","line":31,"loc":{"start":{"line":31,"column":27},"end":{"line":31,"column":43}},"skip":true},"5":{"name":"(anonymous_5)","line":60,"loc":{"start":{"line":60,"column":20},"end":{"line":60,"column":32}},"skip":true},"6":{"name":"(anonymous_6)","line":120,"loc":{"start":{"line":120,"column":5},"end":{"line":120,"column":17}},"skip":true},"7":{"name":"(anonymous_7)","line":126,"loc":{"start":{"line":126,"column":54},"end":{"line":126,"column":70}},"skip":true}},"statementMap":{"1":{"start":{"line":13,"column":0},"end":{"line":136,"column":5}},"2":{"start":{"line":15,"column":4},"end":{"line":15,"column":14}},"3":{"start":{"line":21,"column":4},"end":{"line":114,"column":9},"skip":true},"4":{"start":{"line":23,"column":8},"end":{"line":43,"column":13},"skip":true},"5":{"start":{"line":24,"column":12},"end":{"line":24,"column":43},"skip":true},"6":{"start":{"line":25,"column":12},"end":{"line":25,"column":71},"skip":true},"7":{"start":{"line":26,"column":12},"end":{"line":26,"column":52},"skip":true},"8":{"start":{"line":27,"column":12},"end":{"line":29,"column":13},"skip":true},"9":{"start":{"line":28,"column":16},"end":{"line":28,"column":23},"skip":true},"10":{"start":{"line":30,"column":12},"end":{"line":30,"column":41},"skip":true},"11":{"start":{"line":31,"column":12},"end":{"line":42,"column":14},"skip":true},"12":{"start":{"line":36,"column":16},"end":{"line":36,"column":61},"skip":true},"13":{"start":{"line":37,"column":16},"end":{"line":37,"column":43},"skip":true},"14":{"start":{"line":38,"column":16},"end":{"line":38,"column":55},"skip":true},"15":{"start":{"line":39,"column":16},"end":{"line":39,"column":35},"skip":true},"16":{"start":{"line":41,"column":16},"end":{"line":41,"column":28},"skip":true},"17":{"start":{"line":45,"column":8},"end":{"line":45,"column":19},"skip":true},"18":{"start":{"line":47,"column":8},"end":{"line":50,"column":67},"skip":true},"19":{"start":{"line":52,"column":8},"end":{"line":54,"column":21},"skip":true},"20":{"start":{"line":56,"column":8},"end":{"line":58,"column":18},"skip":true},"21":{"start":{"line":60,"column":8},"end":{"line":65,"column":10},"skip":true},"22":{"start":{"line":64,"column":12},"end":{"line":64,"column":19},"skip":true},"23":{"start":{"line":67,"column":8},"end":{"line":106,"column":9},"skip":true},"24":{"start":{"line":68,"column":12},"end":{"line":68,"column":53},"skip":true},"25":{"start":{"line":72,"column":12},"end":{"line":72,"column":45},"skip":true},"26":{"start":{"line":73,"column":12},"end":{"line":73,"column":59},"skip":true},"27":{"start":{"line":74,"column":12},"end":{"line":74,"column":47},"skip":true},"28":{"start":{"line":75,"column":12},"end":{"line":75,"column":47},"skip":true},"29":{"start":{"line":76,"column":12},"end":{"line":76,"column":51},"skip":true},"30":{"start":{"line":77,"column":12},"end":{"line":77,"column":45},"skip":true},"31":{"start":{"line":78,"column":12},"end":{"line":78,"column":43},"skip":true},"32":{"start":{"line":79,"column":12},"end":{"line":79,"column":39},"skip":true},"33":{"start":{"line":80,"column":12},"end":{"line":80,"column":45},"skip":true},"34":{"start":{"line":81,"column":12},"end":{"line":81,"column":45},"skip":true},"35":{"start":{"line":82,"column":12},"end":{"line":82,"column":37},"skip":true},"36":{"start":{"line":83,"column":12},"end":{"line":83,"column":41},"skip":true},"37":{"start":{"line":84,"column":12},"end":{"line":84,"column":43},"skip":true},"38":{"start":{"line":85,"column":12},"end":{"line":85,"column":45},"skip":true},"39":{"start":{"line":86,"column":12},"end":{"line":86,"column":39},"skip":true},"40":{"start":{"line":87,"column":12},"end":{"line":87,"column":37},"skip":true},"41":{"start":{"line":88,"column":12},"end":{"line":88,"column":41},"skip":true},"42":{"start":{"line":89,"column":12},"end":{"line":89,"column":47},"skip":true},"43":{"start":{"line":90,"column":12},"end":{"line":90,"column":49},"skip":true},"44":{"start":{"line":91,"column":12},"end":{"line":91,"column":55},"skip":true},"45":{"start":{"line":92,"column":12},"end":{"line":92,"column":49},"skip":true},"46":{"start":{"line":93,"column":12},"end":{"line":93,"column":41},"skip":true},"47":{"start":{"line":94,"column":12},"end":{"line":94,"column":45},"skip":true},"48":{"start":{"line":95,"column":12},"end":{"line":95,"column":61},"skip":true},"49":{"start":{"line":96,"column":12},"end":{"line":96,"column":45},"skip":true},"50":{"start":{"line":97,"column":12},"end":{"line":97,"column":39},"skip":true},"51":{"start":{"line":98,"column":12},"end":{"line":98,"column":39},"skip":true},"52":{"start":{"line":99,"column":12},"end":{"line":99,"column":39},"skip":true},"53":{"start":{"line":100,"column":12},"end":{"line":100,"column":41},"skip":true},"54":{"start":{"line":101,"column":12},"end":{"line":101,"column":37},"skip":true},"55":{"start":{"line":102,"column":12},"end":{"line":102,"column":37},"skip":true},"56":{"start":{"line":103,"column":12},"end":{"line":103,"column":41},"skip":true},"57":{"start":{"line":104,"column":12},"end":{"line":104,"column":35},"skip":true},"58":{"start":{"line":105,"column":12},"end":{"line":105,"column":49},"skip":true},"59":{"start":{"line":108,"column":8},"end":{"line":108,"column":47},"skip":true},"60":{"start":{"line":113,"column":8},"end":{"line":113,"column":15},"skip":true},"61":{"start":{"line":120,"column":4},"end":{"line":135,"column":9},"skip":true},"62":{"start":{"line":121,"column":8},"end":{"line":123,"column":9},"skip":true},"63":{"start":{"line":122,"column":12},"end":{"line":122,"column":19},"skip":true},"64":{"start":{"line":125,"column":8},"end":{"line":125,"column":50},"skip":true},"65":{"start":{"line":126,"column":8},"end":{"line":132,"column":11},"skip":true},"66":{"start":{"line":127,"column":12},"end":{"line":127,"column":30},"skip":true},"67":{"start":{"line":128,"column":12},"end":{"line":131,"column":13},"skip":true},"68":{"start":{"line":129,"column":16},"end":{"line":130,"column":74},"skip":true},"69":{"start":{"line":133,"column":8},"end":{"line":134,"column":60},"skip":true}},"branchMap":{"1":{"line":25,"type":"binary-expr","locations":[{"start":{"line":25,"column":23},"end":{"line":25,"column":49},"skip":true},{"start":{"line":25,"column":53},"end":{"line":25,"column":59},"skip":true},{"start":{"line":25,"column":64},"end":{"line":25,"column":70},"skip":true}]},"2":{"line":27,"type":"if","locations":[{"start":{"line":27,"column":12},"end":{"line":27,"column":12},"skip":true},{"start":{"line":27,"column":12},"end":{"line":27,"column":12},"skip":true}]},"3":{"line":47,"type":"binary-expr","locations":[{"start":{"line":47,"column":26},"end":{"line":47,"column":52},"skip":true},{"start":{"line":48,"column":12},"end":{"line":48,"column":55},"skip":true},{"start":{"line":49,"column":12},"end":{"line":49,"column":27},"skip":true},{"start":{"line":50,"column":12},"end":{"line":50,"column":66},"skip":true}]},"4":{"line":52,"type":"cond-expr","locations":[{"start":{"line":53,"column":14},"end":{"line":53,"column":20},"skip":true},{"start":{"line":54,"column":14},"end":{"line":54,"column":20},"skip":true}]},"5":{"line":56,"type":"binary-expr","locations":[{"start":{"line":56,"column":16},"end":{"line":56,"column":44},"skip":true},{"start":{"line":58,"column":12},"end":{"line":58,"column":17},"skip":true}]},"6":{"line":67,"type":"if","locations":[{"start":{"line":67,"column":8},"end":{"line":67,"column":8},"skip":true},{"start":{"line":67,"column":8},"end":{"line":67,"column":8},"skip":true}]},"7":{"line":121,"type":"if","locations":[{"start":{"line":121,"column":8},"end":{"line":121,"column":8},"skip":true},{"start":{"line":121,"column":8},"end":{"line":121,"column":8},"skip":true}]},"8":{"line":125,"type":"binary-expr","locations":[{"start":{"line":125,"column":27},"end":{"line":125,"column":43},"skip":true},{"start":{"line":125,"column":47},"end":{"line":125,"column":49},"skip":true}]},"9":{"line":128,"type":"if","locations":[{"start":{"line":128,"column":12},"end":{"line":128,"column":12},"skip":true},{"start":{"line":128,"column":12},"end":{"line":128,"column":12},"skip":true}]},"10":{"line":129,"type":"binary-expr","locations":[{"start":{"line":129,"column":41},"end":{"line":129,"column":63},"skip":true},{"start":{"line":130,"column":20},"end":{"line":130,"column":73},"skip":true}]}},"code":["/* istanbul instrument in package swagger_ui */","/* jslint-utility2 */","/*jslint","    bitwise: true,","    browser: true,","    maxerr: 4,","    maxlen: 100,","    node: true,","    nomen: true,","    regexp: true,","    stupid: true","*/","(function () {","    'use strict';","    var local;","","","","    // run shared js-env code - init-before","    /* istanbul ignore next */","    (function () {","        // init debug_inline","        (function () {","            var consoleError, context, key;","            context = (typeof window === \"object\" && window) || global;","            key = \"debug_inline\".replace(\"_i\", \"I\");","            if (context[key]) {","                return;","            }","            consoleError = console.error;","            context[key] = function (arg0) {","            /*","             * this function will both print arg0 to stderr and return it","             */","                // debug arguments","                context[\"_\" + key + \"Arguments\"] = arguments;","                consoleError(\"\\n\\n\" + key);","                consoleError.apply(console, arguments);","                consoleError(\"\\n\");","                // return arg0 for inspection","                return arg0;","            };","        }());","        // init local","        local = {};","        // init isBrowser","        local.isBrowser = typeof window === \"object\" &&","            typeof window.XMLHttpRequest === \"function\" &&","            window.document &&","            typeof window.document.querySelectorAll === \"function\";","        // init global","        local.global = local.isBrowser","            ? window","            : global;","        // re-init local","        local = local.global.utility2_rollup ||","            // local.global.utility2_rollup_old || require('./assets.utility2.rollup.js') ||","            local;","        // init nop","        local.nop = function () {","        /*","         * this function will do nothing","         */","            return;","        };","        // init exports","        if (local.isBrowser) {","            local.global.utility2_swagger_ui = local;","        } else {","            // require builtins","            // local.assert = require('assert');","            local.buffer = require('buffer');","            local.child_process = require('child_process');","            local.cluster = require('cluster');","            local.console = require('console');","            local.constants = require('constants');","            local.crypto = require('crypto');","            local.dgram = require('dgram');","            local.dns = require('dns');","            local.domain = require('domain');","            local.events = require('events');","            local.fs = require('fs');","            local.http = require('http');","            local.https = require('https');","            local.module = require('module');","            local.net = require('net');","            local.os = require('os');","            local.path = require('path');","            local.process = require('process');","            local.punycode = require('punycode');","            local.querystring = require('querystring');","            local.readline = require('readline');","            local.repl = require('repl');","            local.stream = require('stream');","            local.string_decoder = require('string_decoder');","            local.timers = require('timers');","            local.tls = require('tls');","            local.tty = require('tty');","            local.url = require('url');","            local.util = require('util');","            local.v8 = require('v8');","            local.vm = require('vm');","            local.zlib = require('zlib');","            module.exports = local;","            module.exports.__dirname = __dirname;","        }","        // init lib main","        local.local = local.swagger_ui = local;","","","","        /* validateLineSortedReset */","        return;","    }());","","","","    // run node js-env code - init-after","    /* istanbul ignore next */","    (function () {","        if (local.isBrowser) {","            return;","        }","        // init assets","        local.assetsDict = local.assetsDict || {};","        local.fs.readdirSync(local.__dirname).forEach(function (file) {","            file = '/' + file;","            if (file.indexOf('/assets.') === 0) {","                local.assetsDict[file] = local.assetsDict[file] ||","                    local.fs.readFileSync(local.__dirname + file, 'utf8');","            }","        });","        local.assetsDict['/assets.swagger_ui.html'] =","            local.assetsDict['/assets.index.template.html'];","    }());","}());",""],"l":{"13":2,"15":2,"21":2,"23":2,"24":2,"25":2,"26":2,"27":2,"28":2,"30":1,"31":1,"36":1,"37":1,"38":1,"39":1,"41":1,"45":2,"47":2,"52":2,"56":2,"60":2,"64":1,"67":2,"68":1,"72":1,"73":1,"74":1,"75":1,"76":1,"77":1,"78":1,"79":1,"80":1,"81":1,"82":1,"83":1,"84":1,"85":1,"86":1,"87":1,"88":1,"89":1,"90":1,"91":1,"92":1,"93":1,"94":1,"95":1,"96":1,"97":1,"98":1,"99":1,"100":1,"101":1,"102":1,"103":1,"104":1,"105":1,"108":2,"113":2,"120":2,"121":2,"122":1,"125":1,"126":1,"127":15,"128":15,"129":3,"133":1}},"/home/travis/build/kaizhu256/node-swagger-ui-lite/example.js":{"path":"/home/travis/build/kaizhu256/node-swagger-ui-lite/example.js","s":{"1":2,"2":2,"3":2,"4":2,"5":2,"6":2,"7":2,"8":2,"9":2,"10":2,"11":1,"12":2,"13":2,"14":1,"15":1,"16":1,"17":1,"18":1,"19":1,"20":1,"21":1,"22":1,"23":1,"24":1,"25":1,"26":1,"27":1,"28":1,"29":1,"30":1,"31":1,"32":1,"33":1,"34":1,"35":1,"36":1,"37":1,"38":1,"39":1,"40":1,"41":1,"42":1,"43":1,"44":1,"45":1,"46":1,"47":1,"48":1,"49":1,"50":3,"51":3,"52":3,"53":1,"54":1,"55":1,"56":0,"57":0,"58":0,"59":0,"60":0,"61":0,"62":1,"63":1,"64":0,"65":0,"66":0,"67":0,"68":0,"69":0,"70":0,"71":0,"72":0,"73":0,"74":0,"75":0,"76":0,"77":0,"78":0},"b":{"1":[2,1,1,1],"2":[1,1],"3":[2,2],"4":[1,1],"5":[1,1],"6":[1,1],"7":[1,0],"8":[3,2],"9":[1,2],"10":[1,1],"11":[0,0,0,0,0],"12":[1,0],"13":[1,0],"14":[0,0],"15":[0,0],"16":[0,0],"17":[0,0],"18":[0,0],"19":[0,0]},"f":{"1":2,"2":2,"3":2,"4":2,"5":3,"6":0,"7":0},"fnMap":{"1":{"name":"(anonymous_1)","line":134,"loc":{"start":{"line":134,"column":1},"end":{"line":134,"column":13}}},"2":{"name":"(anonymous_2)","line":141,"loc":{"start":{"line":141,"column":5},"end":{"line":141,"column":17}}},"3":{"name":"(anonymous_3)","line":165,"loc":{"start":{"line":165,"column":5},"end":{"line":165,"column":17}},"skip":true},"4":{"name":"(anonymous_4)","line":175,"loc":{"start":{"line":175,"column":5},"end":{"line":175,"column":17}},"skip":true},"5":{"name":"(anonymous_5)","line":222,"loc":{"start":{"line":222,"column":18},"end":{"line":222,"column":34}},"skip":true},"6":{"name":"(anonymous_6)","line":244,"loc":{"start":{"line":244,"column":47},"end":{"line":244,"column":73}},"skip":true},"7":{"name":"(anonymous_7)","line":277,"loc":{"start":{"line":277,"column":32},"end":{"line":277,"column":61}},"skip":true}},"statementMap":{"1":{"start":{"line":134,"column":0},"end":{"line":287,"column":5}},"2":{"start":{"line":136,"column":4},"end":{"line":136,"column":14}},"3":{"start":{"line":141,"column":4},"end":{"line":159,"column":9}},"4":{"start":{"line":143,"column":8},"end":{"line":143,"column":19}},"5":{"start":{"line":145,"column":8},"end":{"line":148,"column":67}},"6":{"start":{"line":150,"column":8},"end":{"line":152,"column":21}},"7":{"start":{"line":154,"column":8},"end":{"line":156,"column":45}},"8":{"start":{"line":158,"column":8},"end":{"line":158,"column":35}},"9":{"start":{"line":165,"column":4},"end":{"line":169,"column":9},"skip":true},"10":{"start":{"line":166,"column":8},"end":{"line":168,"column":9},"skip":true},"11":{"start":{"line":167,"column":12},"end":{"line":167,"column":19},"skip":true},"12":{"start":{"line":175,"column":4},"end":{"line":286,"column":9},"skip":true},"13":{"start":{"line":176,"column":8},"end":{"line":178,"column":9},"skip":true},"14":{"start":{"line":177,"column":12},"end":{"line":177,"column":19},"skip":true},"15":{"start":{"line":180,"column":8},"end":{"line":180,"column":31},"skip":true},"16":{"start":{"line":183,"column":8},"end":{"line":183,"column":41},"skip":true},"17":{"start":{"line":184,"column":8},"end":{"line":184,"column":55},"skip":true},"18":{"start":{"line":185,"column":8},"end":{"line":185,"column":43},"skip":true},"19":{"start":{"line":186,"column":8},"end":{"line":186,"column":43},"skip":true},"20":{"start":{"line":187,"column":8},"end":{"line":187,"column":47},"skip":true},"21":{"start":{"line":188,"column":8},"end":{"line":188,"column":41},"skip":true},"22":{"start":{"line":189,"column":8},"end":{"line":189,"column":39},"skip":true},"23":{"start":{"line":190,"column":8},"end":{"line":190,"column":35},"skip":true},"24":{"start":{"line":191,"column":8},"end":{"line":191,"column":41},"skip":true},"25":{"start":{"line":192,"column":8},"end":{"line":192,"column":41},"skip":true},"26":{"start":{"line":193,"column":8},"end":{"line":193,"column":33},"skip":true},"27":{"start":{"line":194,"column":8},"end":{"line":194,"column":37},"skip":true},"28":{"start":{"line":195,"column":8},"end":{"line":195,"column":39},"skip":true},"29":{"start":{"line":196,"column":8},"end":{"line":196,"column":41},"skip":true},"30":{"start":{"line":197,"column":8},"end":{"line":197,"column":35},"skip":true},"31":{"start":{"line":198,"column":8},"end":{"line":198,"column":33},"skip":true},"32":{"start":{"line":199,"column":8},"end":{"line":199,"column":37},"skip":true},"33":{"start":{"line":200,"column":8},"end":{"line":200,"column":43},"skip":true},"34":{"start":{"line":201,"column":8},"end":{"line":201,"column":45},"skip":true},"35":{"start":{"line":202,"column":8},"end":{"line":202,"column":51},"skip":true},"36":{"start":{"line":203,"column":8},"end":{"line":203,"column":45},"skip":true},"37":{"start":{"line":204,"column":8},"end":{"line":204,"column":37},"skip":true},"38":{"start":{"line":205,"column":8},"end":{"line":205,"column":41},"skip":true},"39":{"start":{"line":206,"column":8},"end":{"line":206,"column":57},"skip":true},"40":{"start":{"line":207,"column":8},"end":{"line":207,"column":41},"skip":true},"41":{"start":{"line":208,"column":8},"end":{"line":208,"column":35},"skip":true},"42":{"start":{"line":209,"column":8},"end":{"line":209,"column":35},"skip":true},"43":{"start":{"line":210,"column":8},"end":{"line":210,"column":35},"skip":true},"44":{"start":{"line":211,"column":8},"end":{"line":211,"column":37},"skip":true},"45":{"start":{"line":212,"column":8},"end":{"line":212,"column":33},"skip":true},"46":{"start":{"line":213,"column":8},"end":{"line":213,"column":33},"skip":true},"47":{"start":{"line":214,"column":8},"end":{"line":214,"column":37},"skip":true},"48":{"start":{"line":217,"column":8},"end":{"line":217,"column":50},"skip":true},"49":{"start":{"line":218,"column":8},"end":{"line":231,"column":11},"skip":true},"50":{"start":{"line":223,"column":12},"end":{"line":223,"column":30},"skip":true},"51":{"start":{"line":224,"column":12},"end":{"line":224,"column":66},"skip":true},"52":{"start":{"line":225,"column":12},"end":{"line":230,"column":13},"skip":true},"53":{"start":{"line":226,"column":16},"end":{"line":229,"column":18},"skip":true},"54":{"start":{"line":235,"column":8},"end":{"line":238,"column":36},"skip":true},"55":{"start":{"line":241,"column":8},"end":{"line":257,"column":15},"skip":true},"56":{"start":{"line":245,"column":16},"end":{"line":256,"column":17},"skip":true},"57":{"start":{"line":247,"column":20},"end":{"line":247,"column":60},"skip":true},"58":{"start":{"line":249,"column":20},"end":{"line":249,"column":45},"skip":true},"59":{"start":{"line":251,"column":20},"end":{"line":251,"column":40},"skip":true},"60":{"start":{"line":253,"column":20},"end":{"line":253,"column":35},"skip":true},"61":{"start":{"line":255,"column":20},"end":{"line":255,"column":34},"skip":true},"62":{"start":{"line":259,"column":8},"end":{"line":261,"column":9},"skip":true},"63":{"start":{"line":260,"column":12},"end":{"line":260,"column":19},"skip":true},"64":{"start":{"line":262,"column":8},"end":{"line":264,"column":54},"skip":true},"65":{"start":{"line":265,"column":8},"end":{"line":265,"column":82},"skip":true},"66":{"start":{"line":268,"column":8},"end":{"line":270,"column":9},"skip":true},"67":{"start":{"line":269,"column":12},"end":{"line":269,"column":82},"skip":true},"68":{"start":{"line":272,"column":8},"end":{"line":274,"column":9},"skip":true},"69":{"start":{"line":273,"column":12},"end":{"line":273,"column":19},"skip":true},"70":{"start":{"line":275,"column":8},"end":{"line":275,"column":54},"skip":true},"71":{"start":{"line":276,"column":8},"end":{"line":276,"column":69},"skip":true},"72":{"start":{"line":277,"column":8},"end":{"line":285,"column":36},"skip":true},"73":{"start":{"line":278,"column":12},"end":{"line":278,"column":61},"skip":true},"74":{"start":{"line":279,"column":12},"end":{"line":282,"column":13},"skip":true},"75":{"start":{"line":280,"column":16},"end":{"line":280,"column":75},"skip":true},"76":{"start":{"line":281,"column":16},"end":{"line":281,"column":23},"skip":true},"77":{"start":{"line":283,"column":12},"end":{"line":283,"column":38},"skip":true},"78":{"start":{"line":284,"column":12},"end":{"line":284,"column":27},"skip":true}},"branchMap":{"1":{"line":145,"type":"binary-expr","locations":[{"start":{"line":145,"column":26},"end":{"line":145,"column":52}},{"start":{"line":146,"column":12},"end":{"line":146,"column":55}},{"start":{"line":147,"column":12},"end":{"line":147,"column":27}},{"start":{"line":148,"column":12},"end":{"line":148,"column":66}}]},"2":{"line":150,"type":"cond-expr","locations":[{"start":{"line":151,"column":14},"end":{"line":151,"column":20}},{"start":{"line":152,"column":14},"end":{"line":152,"column":20}}]},"3":{"line":154,"type":"binary-expr","locations":[{"start":{"line":154,"column":16},"end":{"line":154,"column":44}},{"start":{"line":154,"column":49},"end":{"line":156,"column":43}}]},"4":{"line":154,"type":"cond-expr","locations":[{"start":{"line":155,"column":14},"end":{"line":155,"column":46}},{"start":{"line":156,"column":14},"end":{"line":156,"column":43}}]},"5":{"line":166,"type":"if","locations":[{"start":{"line":166,"column":8},"end":{"line":166,"column":8},"skip":true},{"start":{"line":166,"column":8},"end":{"line":166,"column":8},"skip":true}]},"6":{"line":176,"type":"if","locations":[{"start":{"line":176,"column":8},"end":{"line":176,"column":8},"skip":true},{"start":{"line":176,"column":8},"end":{"line":176,"column":8},"skip":true}]},"7":{"line":217,"type":"binary-expr","locations":[{"start":{"line":217,"column":27},"end":{"line":217,"column":43},"skip":true},{"start":{"line":217,"column":47},"end":{"line":217,"column":49},"skip":true}]},"8":{"line":224,"type":"binary-expr","locations":[{"start":{"line":224,"column":37},"end":{"line":224,"column":59},"skip":true},{"start":{"line":224,"column":63},"end":{"line":224,"column":65},"skip":true}]},"9":{"line":225,"type":"if","locations":[{"start":{"line":225,"column":12},"end":{"line":225,"column":12},"skip":true},{"start":{"line":225,"column":12},"end":{"line":225,"column":12},"skip":true}]},"10":{"line":236,"type":"binary-expr","locations":[{"start":{"line":236,"column":12},"end":{"line":236,"column":53},"skip":true},{"start":{"line":237,"column":12},"end":{"line":238,"column":35},"skip":true}]},"11":{"line":245,"type":"switch","locations":[{"start":{"line":246,"column":16},"end":{"line":247,"column":60},"skip":true},{"start":{"line":248,"column":16},"end":{"line":249,"column":45},"skip":true},{"start":{"line":250,"column":16},"end":{"line":251,"column":40},"skip":true},{"start":{"line":252,"column":16},"end":{"line":253,"column":35},"skip":true},{"start":{"line":254,"column":16},"end":{"line":255,"column":34},"skip":true}]},"12":{"line":259,"type":"if","locations":[{"start":{"line":259,"column":8},"end":{"line":259,"column":8},"skip":true},{"start":{"line":259,"column":8},"end":{"line":259,"column":8},"skip":true}]},"13":{"line":259,"type":"binary-expr","locations":[{"start":{"line":259,"column":12},"end":{"line":259,"column":35},"skip":true},{"start":{"line":259,"column":39},"end":{"line":259,"column":67},"skip":true}]},"14":{"line":263,"type":"binary-expr","locations":[{"start":{"line":263,"column":12},"end":{"line":263,"column":50},"skip":true},{"start":{"line":264,"column":12},"end":{"line":264,"column":53},"skip":true}]},"15":{"line":265,"type":"binary-expr","locations":[{"start":{"line":265,"column":43},"end":{"line":265,"column":75},"skip":true},{"start":{"line":265,"column":79},"end":{"line":265,"column":81},"skip":true}]},"16":{"line":268,"type":"if","locations":[{"start":{"line":268,"column":8},"end":{"line":268,"column":8},"skip":true},{"start":{"line":268,"column":8},"end":{"line":268,"column":8},"skip":true}]},"17":{"line":272,"type":"if","locations":[{"start":{"line":272,"column":8},"end":{"line":272,"column":8},"skip":true},{"start":{"line":272,"column":8},"end":{"line":272,"column":8},"skip":true}]},"18":{"line":275,"type":"binary-expr","locations":[{"start":{"line":275,"column":27},"end":{"line":275,"column":43},"skip":true},{"start":{"line":275,"column":47},"end":{"line":275,"column":53},"skip":true}]},"19":{"line":279,"type":"if","locations":[{"start":{"line":279,"column":12},"end":{"line":279,"column":12},"skip":true},{"start":{"line":279,"column":12},"end":{"line":279,"column":12},"skip":true}]}},"code":["","","","","","","","","","","","","","","","","","","","","","","","","","","","","","","","","","","","","","","","","","","","","","","","","","","","","","","","","","","","","","","","","","","","","","","","","","","","","","","","","","","","","","","","","","","","","","","","","","","","","","","","","","","/*","example.js","","this script will run a web-demo of swagger-ui-lite","","instruction","    1. save this script as example.js","    2. run the shell command:","        $ npm install swagger-ui-lite && PORT=8081 node example.js","    3. open a browser to http://127.0.0.1:8081 and play with the web-demo","    4. edit this script to suit your needs","*/","","","","/* istanbul instrument in package swagger_ui */","/* jslint-utility2 */","/*jslint","    bitwise: true,","    browser: true,","    maxerr: 4,","    maxlen: 100,","    node: true,","    nomen: true,","    regexp: true,","    stupid: true","*/","(function () {","    'use strict';","    var local;","","","","    // run shared js-env code - init-before","    (function () {","        // init local","        local = {};","        // init isBrowser","        local.isBrowser = typeof window === \"object\" &&","            typeof window.XMLHttpRequest === \"function\" &&","            window.document &&","            typeof window.document.querySelectorAll === \"function\";","        // init global","        local.global = local.isBrowser","            ? window","            : global;","        // re-init local","        local = local.global.utility2_rollup || (local.isBrowser","            ? local.global.utility2_swagger_ui","            : global.utility2_moduleExports);","        // init exports","        local.global.local = local;","    }());","","","","    // run browser js-env code - init-test","    /* istanbul ignore next */","    (function () {","        if (!local.isBrowser) {","            return;","        }","    }());","","","","    // run node js-env code - init-test","    /* istanbul ignore next */","    (function () {","        if (local.isBrowser) {","            return;","        }","        // init exports","        module.exports = local;","        // require builtins","        // local.assert = require('assert');","        local.buffer = require('buffer');","        local.child_process = require('child_process');","        local.cluster = require('cluster');","        local.console = require('console');","        local.constants = require('constants');","        local.crypto = require('crypto');","        local.dgram = require('dgram');","        local.dns = require('dns');","        local.domain = require('domain');","        local.events = require('events');","        local.fs = require('fs');","        local.http = require('http');","        local.https = require('https');","        local.module = require('module');","        local.net = require('net');","        local.os = require('os');","        local.path = require('path');","        local.process = require('process');","        local.punycode = require('punycode');","        local.querystring = require('querystring');","        local.readline = require('readline');","        local.repl = require('repl');","        local.stream = require('stream');","        local.string_decoder = require('string_decoder');","        local.timers = require('timers');","        local.tls = require('tls');","        local.tty = require('tty');","        local.url = require('url');","        local.util = require('util');","        local.v8 = require('v8');","        local.vm = require('vm');","        local.zlib = require('zlib');","        /* validateLineSortedReset */","        // init assets","        local.assetsDict = local.assetsDict || {};","        [","            'assets.index.template.html',","            'assets.swgg.swagger.json',","            'assets.swgg.swagger.server.json'","        ].forEach(function (file) {","            file = '/' + file;","            local.assetsDict[file] = local.assetsDict[file] || '';","            if (local.fs.existsSync(local.__dirname + file)) {","                local.assetsDict[file] = local.fs.readFileSync(","                    local.__dirname + file,","                    'utf8'","                );","            }","        });","        /* validateLineSortedReset */","        /* jslint-ignore-begin */","        // bug-workaround - long $npm_package_buildCustomOrg","        local.assetsDict['/assets.swagger_ui.js'] =","            local.assetsDict['/assets.swagger_ui.js'] ||","            local.fs.readFileSync(local.__dirname + '/lib.swagger_ui.js', 'utf8'","        ).replace((/^#!\\//), '// ');","        /* jslint-ignore-end */","        /* validateLineSortedReset */","        local.assetsDict['/'] =","            local.assetsDict['/assets.example.html'] =","            local.assetsDict['/assets.index.template.html']","            .replace((/\\{\\{env\\.(\\w+?)\\}\\}/g), function (match0, match1) {","                switch (match1) {","                case 'npm_package_description':","                    return 'the greatest app in the world!';","                case 'npm_package_name':","                    return 'swagger-ui-lite';","                case 'npm_package_nameLib':","                    return 'swagger_ui';","                case 'npm_package_version':","                    return '0.0.1';","                default:","                    return match0;","                }","            });","        // init cli","        if (module !== require.main || local.global.utility2_rollup) {","            return;","        }","        local.assetsDict['/assets.example.js'] =","            local.assetsDict['/assets.example.js'] ||","            local.fs.readFileSync(__filename, 'utf8');","        local.assetsDict['/favicon.ico'] = local.assetsDict['/favicon.ico'] || '';","        // if $npm_config_timeout_exit exists,","        // then exit this process after $npm_config_timeout_exit ms","        if (Number(process.env.npm_config_timeout_exit)) {","            setTimeout(process.exit, Number(process.env.npm_config_timeout_exit));","        }","        // start server","        if (local.global.utility2_serverHttp1) {","            return;","        }","        process.env.PORT = process.env.PORT || '8081';","        console.error('server starting on port ' + process.env.PORT);","        local.http.createServer(function (request, response) {","            request.urlParsed = local.url.parse(request.url);","            if (local.assetsDict[request.urlParsed.pathname] !== undefined) {","                response.end(local.assetsDict[request.urlParsed.pathname]);","                return;","            }","            response.statusCode = 404;","            response.end();","        }).listen(process.env.PORT);","    }());","}());"],"l":{"134":2,"136":2,"141":2,"143":2,"145":2,"150":2,"154":2,"158":2,"165":2,"166":2,"167":1,"175":2,"176":2,"177":1,"180":1,"183":1,"184":1,"185":1,"186":1,"187":1,"188":1,"189":1,"190":1,"191":1,"192":1,"193":1,"194":1,"195":1,"196":1,"197":1,"198":1,"199":1,"200":1,"201":1,"202":1,"203":1,"204":1,"205":1,"206":1,"207":1,"208":1,"209":1,"210":1,"211":1,"212":1,"213":1,"214":1,"217":1,"218":1,"223":3,"224":3,"225":3,"226":1,"235":1,"241":1,"245":1,"247":1,"249":1,"251":1,"253":1,"255":1,"259":1,"260":1,"262":1,"265":1,"268":1,"269":1,"272":1,"273":1,"275":1,"276":1,"277":1,"278":1,"279":1,"280":1,"281":1,"283":1,"284":1}}}