{"/home/travis/build/kaizhu256/node-swagger-ui-lite/test.js":{"path":"/home/travis/build/kaizhu256/node-swagger-ui-lite/test.js","s":{"1":2,"2":2,"3":2,"4":2,"5":2,"6":2,"7":2,"8":1,"9":2,"10":2,"11":2,"12":2,"13":2,"14":2,"15":1,"16":1,"17":1,"18":1,"19":1,"20":1,"21":1,"22":1,"23":1,"24":1,"25":7,"26":1,"27":1,"28":1,"29":12,"30":11,"31":1,"32":1,"33":1,"34":41,"35":25,"36":1,"37":1,"38":1,"39":1,"40":1,"41":1,"42":1,"43":2,"44":2,"45":1,"46":1,"47":1,"48":1,"49":1,"50":1,"51":1,"52":1},"b":{"1":[2,1,1,1],"2":[1,1,1,1],"3":[1,1],"4":[2,1],"5":[1,1],"6":[11,1],"7":[25,16],"8":[1,1]},"f":{"1":2,"2":2,"3":2,"4":2,"5":2,"6":1,"7":1,"8":7,"9":12,"10":41,"11":2},"fnMap":{"1":{"name":"(anonymous_1)","line":13,"loc":{"start":{"line":13,"column":1},"end":{"line":13,"column":13}}},"2":{"name":"(anonymous_2)","line":20,"loc":{"start":{"line":20,"column":5},"end":{"line":20,"column":17}}},"3":{"name":"(anonymous_3)","line":24,"loc":{"start":{"line":24,"column":24},"end":{"line":24,"column":36}}},"4":{"name":"(anonymous_4)","line":51,"loc":{"start":{"line":51,"column":5},"end":{"line":51,"column":17}}},"5":{"name":"(anonymous_5)","line":52,"loc":{"start":{"line":52,"column":45},"end":{"line":52,"column":73}}},"6":{"name":"(anonymous_6)","line":62,"loc":{"start":{"line":62,"column":31},"end":{"line":62,"column":43}}},"7":{"name":"(anonymous_7)","line":64,"loc":{"start":{"line":64,"column":44},"end":{"line":64,"column":60}}},"8":{"name":"(anonymous_8)","line":77,"loc":{"start":{"line":77,"column":26},"end":{"line":77,"column":41}}},"9":{"name":"(anonymous_9)","line":112,"loc":{"start":{"line":112,"column":68},"end":{"line":112,"column":86}}},"10":{"name":"(anonymous_10)","line":120,"loc":{"start":{"line":120,"column":49},"end":{"line":120,"column":64}}},"11":{"name":"(anonymous_11)","line":137,"loc":{"start":{"line":137,"column":42},"end":{"line":137,"column":70}}}},"statementMap":{"1":{"start":{"line":13,"column":0},"end":{"line":162,"column":5}},"2":{"start":{"line":15,"column":4},"end":{"line":15,"column":14}},"3":{"start":{"line":20,"column":4},"end":{"line":46,"column":9}},"4":{"start":{"line":22,"column":8},"end":{"line":22,"column":19}},"5":{"start":{"line":24,"column":8},"end":{"line":36,"column":13}},"6":{"start":{"line":25,"column":12},"end":{"line":35,"column":13}},"7":{"start":{"line":26,"column":16},"end":{"line":29,"column":30}},"8":{"start":{"line":31,"column":16},"end":{"line":34,"column":27}},"9":{"start":{"line":38,"column":8},"end":{"line":40,"column":21}},"10":{"start":{"line":42,"column":8},"end":{"line":43,"column":49}},"11":{"start":{"line":45,"column":8},"end":{"line":45,"column":33}},"12":{"start":{"line":51,"column":4},"end":{"line":161,"column":9}},"13":{"start":{"line":52,"column":8},"end":{"line":135,"column":10}},"14":{"start":{"line":56,"column":12},"end":{"line":59,"column":13}},"15":{"start":{"line":57,"column":16},"end":{"line":57,"column":39}},"16":{"start":{"line":58,"column":16},"end":{"line":58,"column":23}},"17":{"start":{"line":60,"column":12},"end":{"line":60,"column":25}},"18":{"start":{"line":61,"column":12},"end":{"line":61,"column":70}},"19":{"start":{"line":62,"column":12},"end":{"line":81,"column":14}},"20":{"start":{"line":63,"column":16},"end":{"line":63,"column":52}},"21":{"start":{"line":64,"column":16},"end":{"line":66,"column":18}},"22":{"start":{"line":65,"column":20},"end":{"line":65,"column":32}},"23":{"start":{"line":68,"column":16},"end":{"line":68,"column":48}},"24":{"start":{"line":69,"column":16},"end":{"line":79,"column":19}},"25":{"start":{"line":78,"column":20},"end":{"line":78,"column":31}},"26":{"start":{"line":80,"column":16},"end":{"line":80,"column":32}},"27":{"start":{"line":83,"column":12},"end":{"line":83,"column":31}},"28":{"start":{"line":84,"column":12},"end":{"line":118,"column":18}},"29":{"start":{"line":113,"column":20},"end":{"line":115,"column":21}},"30":{"start":{"line":114,"column":24},"end":{"line":114,"column":34}},"31":{"start":{"line":116,"column":20},"end":{"line":116,"column":34}},"32":{"start":{"line":119,"column":12},"end":{"line":119,"column":71}},"33":{"start":{"line":120,"column":12},"end":{"line":124,"column":15}},"34":{"start":{"line":121,"column":16},"end":{"line":123,"column":17}},"35":{"start":{"line":122,"column":20},"end":{"line":122,"column":48}},"36":{"start":{"line":125,"column":12},"end":{"line":125,"column":46}},"37":{"start":{"line":126,"column":12},"end":{"line":126,"column":48}},"38":{"start":{"line":127,"column":12},"end":{"line":127,"column":44}},"39":{"start":{"line":128,"column":12},"end":{"line":128,"column":46}},"40":{"start":{"line":129,"column":12},"end":{"line":129,"column":37}},"41":{"start":{"line":130,"column":12},"end":{"line":133,"column":14}},"42":{"start":{"line":134,"column":12},"end":{"line":134,"column":48}},"43":{"start":{"line":137,"column":8},"end":{"line":160,"column":10}},"44":{"start":{"line":141,"column":12},"end":{"line":144,"column":13}},"45":{"start":{"line":142,"column":16},"end":{"line":142,"column":39}},"46":{"start":{"line":143,"column":16},"end":{"line":143,"column":23}},"47":{"start":{"line":145,"column":12},"end":{"line":145,"column":76}},"48":{"start":{"line":146,"column":12},"end":{"line":146,"column":73}},"49":{"start":{"line":147,"column":12},"end":{"line":147,"column":74}},"50":{"start":{"line":148,"column":12},"end":{"line":148,"column":79}},"51":{"start":{"line":149,"column":12},"end":{"line":158,"column":17}},"52":{"start":{"line":159,"column":12},"end":{"line":159,"column":45}}},"branchMap":{"1":{"line":26,"type":"binary-expr","locations":[{"start":{"line":26,"column":23},"end":{"line":26,"column":62}},{"start":{"line":27,"column":20},"end":{"line":27,"column":70}},{"start":{"line":28,"column":20},"end":{"line":28,"column":71}},{"start":{"line":29,"column":20},"end":{"line":29,"column":29}}]},"2":{"line":31,"type":"binary-expr","locations":[{"start":{"line":31,"column":23},"end":{"line":31,"column":37}},{"start":{"line":32,"column":20},"end":{"line":32,"column":61}},{"start":{"line":33,"column":20},"end":{"line":33,"column":70}},{"start":{"line":34,"column":20},"end":{"line":34,"column":26}}]},"3":{"line":38,"type":"cond-expr","locations":[{"start":{"line":39,"column":14},"end":{"line":39,"column":20}},{"start":{"line":40,"column":14},"end":{"line":40,"column":20}}]},"4":{"line":42,"type":"binary-expr","locations":[{"start":{"line":42,"column":38},"end":{"line":42,"column":59}},{"start":{"line":43,"column":12},"end":{"line":43,"column":31}}]},"5":{"line":56,"type":"if","locations":[{"start":{"line":56,"column":12},"end":{"line":56,"column":12}},{"start":{"line":56,"column":12},"end":{"line":56,"column":12}}]},"6":{"line":113,"type":"if","locations":[{"start":{"line":113,"column":20},"end":{"line":113,"column":20}},{"start":{"line":113,"column":20},"end":{"line":113,"column":20}}]},"7":{"line":121,"type":"if","locations":[{"start":{"line":121,"column":16},"end":{"line":121,"column":16}},{"start":{"line":121,"column":16},"end":{"line":121,"column":16}}]},"8":{"line":141,"type":"if","locations":[{"start":{"line":141,"column":12},"end":{"line":141,"column":12}},{"start":{"line":141,"column":12},"end":{"line":141,"column":12}}]}},"code":["/* istanbul instrument in package swagger_ui */","/* jslint-utility2 */","/*jslint","    bitwise: true,","    browser: true,","    maxerr: 4,","    maxlen: 100,","    node: true,","    nomen: true,","    regexp: true,","    stupid: true","*/","(function () {","    'use strict';","    var local;","","","","    // run shared js-env code - init-before","    (function () {","        // init local","        local = {};","        // init modeJs","        local.modeJs = (function () {","            try {","                return typeof navigator.userAgent === 'string' &&","                    typeof document.querySelector('body') === 'object' &&","                    typeof XMLHttpRequest.prototype.open === 'function' &&","                    'browser';","            } catch (errorCaughtBrowser) {","                return module.exports &&","                    typeof process.versions.node === 'string' &&","                    typeof require('http').createServer === 'function' &&","                    'node';","            }","        }());","        // init global","        local.global = local.modeJs === 'browser'","            ? window","            : global;","        // re-init local","        local = local.global.local = (local.global.utility2 ||","            require('utility2')).requireReadme();","        // init test","        local.testRunInit(local);","    }());","","","","    // run shared js-env code - function","    (function () {","        local.testCase_buildApidoc_default = function (options, onError) {","        /*","         * this function will test buildApidoc's default handling-behavior-behavior","         */","            if (local.modeJs !== 'node') {","                onError(null, options);","                return;","            }","            options = {};","            options.global = local.objectSetDefault({}, local.global);","            options.polyfill = function () {","                var $, Backbone, Handlebars, window;","                $ = Backbone = Handlebars = function (arg0) {","                    return arg0;","                };","                // jslint-hack","                $(Backbone, Handlebars, window);","                [","                    'Collection',","                    'Model',","                    'Router',","                    'View',","                    'extend',","                    'registerHelper',","                    'template'","                ].forEach(function (key) {","                    $[key] = $;","                });","                window = global;","            };","            // coverage-hack","            options.polyfill();","            local.vm.runInThisContext(local.jslintAndPrint(","/* jslint-ignore-begin */","'\\","/*jslint\\n\\","    node: true\\n\\","*/\\n\\","\"use strict\";\\n\\","var $, Backbone, Handlebars, window;\\n\\","$ = Backbone = Handlebars = function (arg0) {\\n\\","    return arg0;\\n\\","};\\n\\","// jslint-hack\\n\\","$(Backbone, Handlebars, window);\\n\\","[\\n\\","    \"Collection\",\\n\\","    \"Model\",\\n\\","    \"Router\",\\n\\","    \"View\",\\n\\","    \"extend\",\\n\\","    \"registerHelper\",\\n\\","    \"template\"\\n\\","].forEach(function (key) {\\n\\","    $[key] = $;\\n\\","});\\n\\","window = global;\\n\\","', 'polyfill.js'","/* jslint-ignore-end */","            ) + local.fs.readFileSync('assets.swagger_ui.rollup.js', 'utf8')","                    .replace((/^\\/\\/ init lib [\\S\\s]*?\\n\\n\\n\\n/gm), function (match0) {","                    if (match0.indexOf('init lib swagger') < 0) {","                        return '';","                    }","                    return match0;","                })","                );","            options.exports = local.objectSetDefault({}, local.global);","            Object.keys(options.exports).forEach(function (key) {","                if (options.exports[key] === options.global[key]) {","                    delete options.exports[key];","                }","            });","            delete options.exports.$.Backbone;","            delete options.exports.$.Handlebars;","            delete options.exports.Backbone;","            delete options.exports.Handlebars;","            delete options.exports.$;","            options.moduleDict = {","                exampleFileList: ['assets.swagger_ui.rollup.js'],","                swagger_ui: { exports: options.exports }","            };","            local.buildApidoc(options, onError);","        };","","        local.testCase_buildApp_default = function (options, onError) {","        /*","         * this function will test buildApp's default handling-behavior-behavior","         */","            if (local.modeJs !== 'node') {","                onError(null, options);","                return;","            }","            local.testCase_buildReadme_default(options, local.onErrorThrow);","            local.testCase_buildLib_default(options, local.onErrorThrow);","            local.testCase_buildTest_default(options, local.onErrorThrow);","            local.testCase_buildCustomOrg_default(options, local.onErrorThrow);","            options = { assetsList: [{","                file: '/assets.swagger_ui.html',","                url: '/assets.swagger_ui.html'","            }, {","                file: '/assets.swagger_ui.petstore.json',","                url: '/assets.swagger_ui.petstore.json'","            }, {","                file: '/assets.swagger_ui.rollup.js',","                url: '/assets.swagger_ui.rollup.js'","            }] };","            local.buildApp(options, onError);","        };","    }());","}());",""],"l":{"13":2,"15":2,"20":2,"22":2,"24":2,"25":2,"26":2,"31":1,"38":2,"42":2,"45":2,"51":2,"52":2,"56":2,"57":1,"58":1,"60":1,"61":1,"62":1,"63":1,"64":1,"65":1,"68":1,"69":1,"78":7,"80":1,"83":1,"84":1,"113":12,"114":11,"116":1,"119":1,"120":1,"121":41,"122":25,"125":1,"126":1,"127":1,"128":1,"129":1,"130":1,"134":1,"137":2,"141":2,"142":1,"143":1,"145":1,"146":1,"147":1,"148":1,"149":1,"159":1}},"/home/travis/build/kaizhu256/node-swagger-ui-lite/lib.swagger_ui.js":{"path":"/home/travis/build/kaizhu256/node-swagger-ui-lite/lib.swagger_ui.js","s":{"1":2,"2":2,"3":2,"4":2,"5":2,"6":2,"7":2,"8":1,"9":2,"10":2,"11":2,"12":0,"13":0,"14":2,"15":1,"16":1,"17":1,"18":1,"19":1,"20":1,"21":1,"22":1,"23":1,"24":1,"25":1,"26":1,"27":1,"28":1,"29":1,"30":1,"31":1,"32":1,"33":1,"34":1,"35":1,"36":1,"37":1,"38":1,"39":1,"40":1,"41":1,"42":1,"43":1,"44":1,"45":1,"46":1,"47":1,"48":1,"49":1,"50":2,"51":2,"52":1,"53":1,"54":14,"55":14,"56":3,"57":1,"58":1},"b":{"1":[2,1,1,1],"2":[1,1,1,1],"3":[1,1],"4":[2,2],"5":[0,2],"6":[0,0,0],"7":[1,1],"8":[1],"9":[1,1],"10":[3,11],"11":[3,3]},"f":{"1":2,"2":2,"3":2,"4":14},"fnMap":{"1":{"name":"(anonymous_1)","line":13,"loc":{"start":{"line":13,"column":1},"end":{"line":13,"column":13}}},"2":{"name":"(anonymous_2)","line":20,"loc":{"start":{"line":20,"column":5},"end":{"line":20,"column":17}}},"3":{"name":"(anonymous_3)","line":24,"loc":{"start":{"line":24,"column":24},"end":{"line":24,"column":36}}},"4":{"name":"(anonymous_4)","line":104,"loc":{"start":{"line":104,"column":54},"end":{"line":104,"column":70}},"skip":true}},"statementMap":{"1":{"start":{"line":13,"column":0},"end":{"line":115,"column":5}},"2":{"start":{"line":15,"column":4},"end":{"line":15,"column":14}},"3":{"start":{"line":20,"column":4},"end":{"line":94,"column":9}},"4":{"start":{"line":22,"column":8},"end":{"line":22,"column":19}},"5":{"start":{"line":24,"column":8},"end":{"line":36,"column":13}},"6":{"start":{"line":25,"column":12},"end":{"line":35,"column":13}},"7":{"start":{"line":26,"column":16},"end":{"line":29,"column":30}},"8":{"start":{"line":31,"column":16},"end":{"line":34,"column":27}},"9":{"start":{"line":38,"column":8},"end":{"line":40,"column":21}},"10":{"start":{"line":42,"column":8},"end":{"line":42,"column":54}},"11":{"start":{"line":44,"column":8},"end":{"line":49,"column":9},"skip":true},"12":{"start":{"line":45,"column":12},"end":{"line":47,"column":55},"skip":true},"13":{"start":{"line":48,"column":12},"end":{"line":48,"column":28},"skip":true},"14":{"start":{"line":51,"column":8},"end":{"line":91,"column":9}},"15":{"start":{"line":52,"column":12},"end":{"line":52,"column":53}},"16":{"start":{"line":56,"column":12},"end":{"line":56,"column":45}},"17":{"start":{"line":57,"column":12},"end":{"line":57,"column":59}},"18":{"start":{"line":58,"column":12},"end":{"line":58,"column":47}},"19":{"start":{"line":59,"column":12},"end":{"line":59,"column":47}},"20":{"start":{"line":60,"column":12},"end":{"line":60,"column":51}},"21":{"start":{"line":61,"column":12},"end":{"line":61,"column":45}},"22":{"start":{"line":62,"column":12},"end":{"line":62,"column":43}},"23":{"start":{"line":63,"column":12},"end":{"line":63,"column":39}},"24":{"start":{"line":64,"column":12},"end":{"line":64,"column":45}},"25":{"start":{"line":65,"column":12},"end":{"line":65,"column":45}},"26":{"start":{"line":66,"column":12},"end":{"line":66,"column":37}},"27":{"start":{"line":67,"column":12},"end":{"line":67,"column":41}},"28":{"start":{"line":68,"column":12},"end":{"line":68,"column":43}},"29":{"start":{"line":69,"column":12},"end":{"line":69,"column":45}},"30":{"start":{"line":70,"column":12},"end":{"line":70,"column":39}},"31":{"start":{"line":71,"column":12},"end":{"line":71,"column":37}},"32":{"start":{"line":72,"column":12},"end":{"line":72,"column":41}},"33":{"start":{"line":73,"column":12},"end":{"line":73,"column":47}},"34":{"start":{"line":74,"column":12},"end":{"line":74,"column":49}},"35":{"start":{"line":75,"column":12},"end":{"line":75,"column":55}},"36":{"start":{"line":76,"column":12},"end":{"line":76,"column":49}},"37":{"start":{"line":77,"column":12},"end":{"line":77,"column":41}},"38":{"start":{"line":78,"column":12},"end":{"line":78,"column":45}},"39":{"start":{"line":79,"column":12},"end":{"line":79,"column":61}},"40":{"start":{"line":80,"column":12},"end":{"line":80,"column":45}},"41":{"start":{"line":81,"column":12},"end":{"line":81,"column":39}},"42":{"start":{"line":82,"column":12},"end":{"line":82,"column":39}},"43":{"start":{"line":83,"column":12},"end":{"line":83,"column":39}},"44":{"start":{"line":84,"column":12},"end":{"line":84,"column":41}},"45":{"start":{"line":85,"column":12},"end":{"line":85,"column":37}},"46":{"start":{"line":86,"column":12},"end":{"line":86,"column":37}},"47":{"start":{"line":87,"column":12},"end":{"line":87,"column":41}},"48":{"start":{"line":89,"column":12},"end":{"line":89,"column":35}},"49":{"start":{"line":90,"column":12},"end":{"line":90,"column":49}},"50":{"start":{"line":93,"column":8},"end":{"line":93,"column":47}},"51":{"start":{"line":95,"column":4},"end":{"line":114,"column":5}},"52":{"start":{"line":103,"column":8},"end":{"line":103,"column":50},"skip":true},"53":{"start":{"line":104,"column":8},"end":{"line":110,"column":11},"skip":true},"54":{"start":{"line":105,"column":12},"end":{"line":105,"column":30},"skip":true},"55":{"start":{"line":106,"column":12},"end":{"line":109,"column":13},"skip":true},"56":{"start":{"line":107,"column":16},"end":{"line":108,"column":74},"skip":true},"57":{"start":{"line":111,"column":8},"end":{"line":112,"column":60},"skip":true},"58":{"start":{"line":113,"column":8},"end":{"line":113,"column":14},"skip":true}},"branchMap":{"1":{"line":26,"type":"binary-expr","locations":[{"start":{"line":26,"column":23},"end":{"line":26,"column":62}},{"start":{"line":27,"column":20},"end":{"line":27,"column":70}},{"start":{"line":28,"column":20},"end":{"line":28,"column":71}},{"start":{"line":29,"column":20},"end":{"line":29,"column":29}}]},"2":{"line":31,"type":"binary-expr","locations":[{"start":{"line":31,"column":23},"end":{"line":31,"column":37}},{"start":{"line":32,"column":20},"end":{"line":32,"column":61}},{"start":{"line":33,"column":20},"end":{"line":33,"column":70}},{"start":{"line":34,"column":20},"end":{"line":34,"column":26}}]},"3":{"line":38,"type":"cond-expr","locations":[{"start":{"line":39,"column":14},"end":{"line":39,"column":20}},{"start":{"line":40,"column":14},"end":{"line":40,"column":20}}]},"4":{"line":42,"type":"binary-expr","locations":[{"start":{"line":42,"column":16},"end":{"line":42,"column":44}},{"start":{"line":42,"column":48},"end":{"line":42,"column":53}}]},"5":{"line":44,"type":"if","locations":[{"start":{"line":44,"column":8},"end":{"line":44,"column":8},"skip":true},{"start":{"line":44,"column":8},"end":{"line":44,"column":8},"skip":true}]},"6":{"line":45,"type":"binary-expr","locations":[{"start":{"line":45,"column":20},"end":{"line":45,"column":48},"skip":true},{"start":{"line":46,"column":16},"end":{"line":46,"column":48},"skip":true},{"start":{"line":47,"column":16},"end":{"line":47,"column":54},"skip":true}]},"7":{"line":51,"type":"if","locations":[{"start":{"line":51,"column":8},"end":{"line":51,"column":8}},{"start":{"line":51,"column":8},"end":{"line":51,"column":8}}]},"8":{"line":95,"type":"switch","locations":[{"start":{"line":101,"column":4},"end":{"line":113,"column":14},"skip":true}]},"9":{"line":103,"type":"binary-expr","locations":[{"start":{"line":103,"column":27},"end":{"line":103,"column":43},"skip":true},{"start":{"line":103,"column":47},"end":{"line":103,"column":49},"skip":true}]},"10":{"line":106,"type":"if","locations":[{"start":{"line":106,"column":12},"end":{"line":106,"column":12},"skip":true},{"start":{"line":106,"column":12},"end":{"line":106,"column":12},"skip":true}]},"11":{"line":107,"type":"binary-expr","locations":[{"start":{"line":107,"column":41},"end":{"line":107,"column":63},"skip":true},{"start":{"line":108,"column":20},"end":{"line":108,"column":73},"skip":true}]}},"code":["/* istanbul instrument in package swagger_ui */","/* jslint-utility2 */","/*jslint","    bitwise: true,","    browser: true,","    maxerr: 4,","    maxlen: 100,","    node: true,","    nomen: true,","    regexp: true,","    stupid: true","*/","(function () {","    'use strict';","    var local;","","","","    // run shared js-env code - init-before","    (function () {","        // init local","        local = {};","        // init modeJs","        local.modeJs = (function () {","            try {","                return typeof navigator.userAgent === 'string' &&","                    typeof document.querySelector('body') === 'object' &&","                    typeof XMLHttpRequest.prototype.open === 'function' &&","                    'browser';","            } catch (errorCaughtBrowser) {","                return module.exports &&","                    typeof process.versions.node === 'string' &&","                    typeof require('http').createServer === 'function' &&","                    'node';","            }","        }());","        // init global","        local.global = local.modeJs === 'browser'","            ? window","            : global;","        // init utility2_rollup","        local = local.global.utility2_rollup || local;","        /* istanbul ignore next */","        if (!local) {","            local = local.global.utility2_rollup ||","                local.global.utility2_rollup_old ||","                require('./assets.utility2.rollup.js');","            local.fs = null;","        }","        // init exports","        if (local.modeJs === 'browser') {","            local.global.utility2_swagger_ui = local;","        } else {","            // require builtins","            // local.assert = require('assert');","            local.buffer = require('buffer');","            local.child_process = require('child_process');","            local.cluster = require('cluster');","            local.console = require('console');","            local.constants = require('constants');","            local.crypto = require('crypto');","            local.dgram = require('dgram');","            local.dns = require('dns');","            local.domain = require('domain');","            local.events = require('events');","            local.fs = require('fs');","            local.http = require('http');","            local.https = require('https');","            local.module = require('module');","            local.net = require('net');","            local.os = require('os');","            local.path = require('path');","            local.process = require('process');","            local.punycode = require('punycode');","            local.querystring = require('querystring');","            local.readline = require('readline');","            local.repl = require('repl');","            local.stream = require('stream');","            local.string_decoder = require('string_decoder');","            local.timers = require('timers');","            local.tls = require('tls');","            local.tty = require('tty');","            local.url = require('url');","            local.util = require('util');","            local.v8 = require('v8');","            local.vm = require('vm');","            local.zlib = require('zlib');","/* validateLineSortedReset */","            module.exports = local;","            module.exports.__dirname = __dirname;","        }","        // init lib","        local.local = local.swagger_ui = local;","    }());","    switch (local.modeJs) {","","","","    // run node js-env code - init-after","    /* istanbul ignore next */","    case 'node':","        // init assets","        local.assetsDict = local.assetsDict || {};","        local.fs.readdirSync(local.__dirname).forEach(function (file) {","            file = '/' + file;","            if (file.indexOf('/assets.') === 0) {","                local.assetsDict[file] = local.assetsDict[file] ||","                    local.fs.readFileSync(local.__dirname + file, 'utf8');","            }","        });","        local.assetsDict['/assets.swagger_ui.html'] =","            local.assetsDict['/assets.index.template.html'];","        break;","    }","}());",""],"l":{"13":2,"15":2,"20":2,"22":2,"24":2,"25":2,"26":2,"31":1,"38":2,"42":2,"44":2,"45":1,"48":1,"51":2,"52":1,"56":1,"57":1,"58":1,"59":1,"60":1,"61":1,"62":1,"63":1,"64":1,"65":1,"66":1,"67":1,"68":1,"69":1,"70":1,"71":1,"72":1,"73":1,"74":1,"75":1,"76":1,"77":1,"78":1,"79":1,"80":1,"81":1,"82":1,"83":1,"84":1,"85":1,"86":1,"87":1,"89":1,"90":1,"93":2,"95":2,"103":1,"104":1,"105":14,"106":14,"107":3,"111":1,"113":1}},"/home/travis/build/kaizhu256/node-swagger-ui-lite/example.js":{"path":"/home/travis/build/kaizhu256/node-swagger-ui-lite/example.js","s":{"1":2,"2":2,"3":2,"4":2,"5":2,"6":2,"7":2,"8":1,"9":2,"10":2,"11":2,"12":2,"13":1,"14":1,"15":1,"16":1,"17":1,"18":1,"19":1,"20":1,"21":1,"22":1,"23":1,"24":1,"25":1,"26":1,"27":1,"28":1,"29":1,"30":1,"31":1,"32":1,"33":1,"34":1,"35":1,"36":1,"37":1,"38":1,"39":1,"40":1,"41":1,"42":1,"43":1,"44":1,"45":1,"46":1,"47":1,"48":1,"49":4,"50":4,"51":4,"52":1,"53":1,"54":1,"55":0,"56":0,"57":0,"58":0,"59":0,"60":0,"61":1,"62":1,"63":0,"64":0,"65":0,"66":0,"67":0,"68":0,"69":0,"70":0,"71":0,"72":0,"73":0,"74":0,"75":0,"76":0,"77":0,"78":0},"b":{"1":[2,1,1,1],"2":[1,1,1,1],"3":[1,1],"4":[2,2],"5":[1,1],"6":[1,1],"7":[1,0],"8":[4,3],"9":[1,3],"10":[1,1],"11":[0,0,0,0,0],"12":[1,0],"13":[1,0],"14":[0,0],"15":[0,0],"16":[0,0],"17":[0,0],"18":[0,0],"19":[0,0]},"f":{"1":2,"2":2,"3":2,"4":4,"5":0,"6":0},"fnMap":{"1":{"name":"(anonymous_1)","line":133,"loc":{"start":{"line":133,"column":1},"end":{"line":133,"column":13}}},"2":{"name":"(anonymous_2)","line":140,"loc":{"start":{"line":140,"column":5},"end":{"line":140,"column":17}}},"3":{"name":"(anonymous_3)","line":144,"loc":{"start":{"line":144,"column":24},"end":{"line":144,"column":36}}},"4":{"name":"(anonymous_4)","line":226,"loc":{"start":{"line":226,"column":18},"end":{"line":226,"column":34}},"skip":true},"5":{"name":"(anonymous_5)","line":250,"loc":{"start":{"line":250,"column":47},"end":{"line":250,"column":73}},"skip":true},"6":{"name":"(anonymous_6)","line":283,"loc":{"start":{"line":283,"column":32},"end":{"line":283,"column":61}},"skip":true}},"statementMap":{"1":{"start":{"line":133,"column":0},"end":{"line":294,"column":5}},"2":{"start":{"line":135,"column":4},"end":{"line":135,"column":14}},"3":{"start":{"line":140,"column":4},"end":{"line":167,"column":9}},"4":{"start":{"line":142,"column":8},"end":{"line":142,"column":19}},"5":{"start":{"line":144,"column":8},"end":{"line":156,"column":13}},"6":{"start":{"line":145,"column":12},"end":{"line":155,"column":13}},"7":{"start":{"line":146,"column":16},"end":{"line":149,"column":30}},"8":{"start":{"line":151,"column":16},"end":{"line":154,"column":27}},"9":{"start":{"line":158,"column":8},"end":{"line":160,"column":21}},"10":{"start":{"line":162,"column":8},"end":{"line":164,"column":45}},"11":{"start":{"line":166,"column":8},"end":{"line":166,"column":35}},"12":{"start":{"line":168,"column":4},"end":{"line":293,"column":5}},"13":{"start":{"line":175,"column":8},"end":{"line":175,"column":14},"skip":true},"14":{"start":{"line":183,"column":8},"end":{"line":183,"column":31},"skip":true},"15":{"start":{"line":186,"column":8},"end":{"line":186,"column":41},"skip":true},"16":{"start":{"line":187,"column":8},"end":{"line":187,"column":55},"skip":true},"17":{"start":{"line":188,"column":8},"end":{"line":188,"column":43},"skip":true},"18":{"start":{"line":189,"column":8},"end":{"line":189,"column":43},"skip":true},"19":{"start":{"line":190,"column":8},"end":{"line":190,"column":47},"skip":true},"20":{"start":{"line":191,"column":8},"end":{"line":191,"column":41},"skip":true},"21":{"start":{"line":192,"column":8},"end":{"line":192,"column":39},"skip":true},"22":{"start":{"line":193,"column":8},"end":{"line":193,"column":35},"skip":true},"23":{"start":{"line":194,"column":8},"end":{"line":194,"column":41},"skip":true},"24":{"start":{"line":195,"column":8},"end":{"line":195,"column":41},"skip":true},"25":{"start":{"line":196,"column":8},"end":{"line":196,"column":33},"skip":true},"26":{"start":{"line":197,"column":8},"end":{"line":197,"column":37},"skip":true},"27":{"start":{"line":198,"column":8},"end":{"line":198,"column":39},"skip":true},"28":{"start":{"line":199,"column":8},"end":{"line":199,"column":41},"skip":true},"29":{"start":{"line":200,"column":8},"end":{"line":200,"column":35},"skip":true},"30":{"start":{"line":201,"column":8},"end":{"line":201,"column":33},"skip":true},"31":{"start":{"line":202,"column":8},"end":{"line":202,"column":37},"skip":true},"32":{"start":{"line":203,"column":8},"end":{"line":203,"column":43},"skip":true},"33":{"start":{"line":204,"column":8},"end":{"line":204,"column":45},"skip":true},"34":{"start":{"line":205,"column":8},"end":{"line":205,"column":51},"skip":true},"35":{"start":{"line":206,"column":8},"end":{"line":206,"column":45},"skip":true},"36":{"start":{"line":207,"column":8},"end":{"line":207,"column":37},"skip":true},"37":{"start":{"line":208,"column":8},"end":{"line":208,"column":41},"skip":true},"38":{"start":{"line":209,"column":8},"end":{"line":209,"column":57},"skip":true},"39":{"start":{"line":210,"column":8},"end":{"line":210,"column":41},"skip":true},"40":{"start":{"line":211,"column":8},"end":{"line":211,"column":35},"skip":true},"41":{"start":{"line":212,"column":8},"end":{"line":212,"column":35},"skip":true},"42":{"start":{"line":213,"column":8},"end":{"line":213,"column":35},"skip":true},"43":{"start":{"line":214,"column":8},"end":{"line":214,"column":37},"skip":true},"44":{"start":{"line":215,"column":8},"end":{"line":215,"column":33},"skip":true},"45":{"start":{"line":216,"column":8},"end":{"line":216,"column":33},"skip":true},"46":{"start":{"line":217,"column":8},"end":{"line":217,"column":37},"skip":true},"47":{"start":{"line":220,"column":8},"end":{"line":220,"column":50},"skip":true},"48":{"start":{"line":221,"column":8},"end":{"line":235,"column":11},"skip":true},"49":{"start":{"line":227,"column":12},"end":{"line":227,"column":30},"skip":true},"50":{"start":{"line":228,"column":12},"end":{"line":228,"column":66},"skip":true},"51":{"start":{"line":229,"column":12},"end":{"line":234,"column":13},"skip":true},"52":{"start":{"line":230,"column":16},"end":{"line":233,"column":18},"skip":true},"53":{"start":{"line":239,"column":8},"end":{"line":244,"column":37},"skip":true},"54":{"start":{"line":247,"column":8},"end":{"line":263,"column":15},"skip":true},"55":{"start":{"line":251,"column":16},"end":{"line":262,"column":17},"skip":true},"56":{"start":{"line":253,"column":20},"end":{"line":253,"column":60},"skip":true},"57":{"start":{"line":255,"column":20},"end":{"line":255,"column":45},"skip":true},"58":{"start":{"line":257,"column":20},"end":{"line":257,"column":40},"skip":true},"59":{"start":{"line":259,"column":20},"end":{"line":259,"column":35},"skip":true},"60":{"start":{"line":261,"column":20},"end":{"line":261,"column":34},"skip":true},"61":{"start":{"line":265,"column":8},"end":{"line":267,"column":9},"skip":true},"62":{"start":{"line":266,"column":12},"end":{"line":266,"column":18},"skip":true},"63":{"start":{"line":268,"column":8},"end":{"line":270,"column":54},"skip":true},"64":{"start":{"line":271,"column":8},"end":{"line":271,"column":82},"skip":true},"65":{"start":{"line":274,"column":8},"end":{"line":276,"column":9},"skip":true},"66":{"start":{"line":275,"column":12},"end":{"line":275,"column":82},"skip":true},"67":{"start":{"line":278,"column":8},"end":{"line":280,"column":9},"skip":true},"68":{"start":{"line":279,"column":12},"end":{"line":279,"column":18},"skip":true},"69":{"start":{"line":281,"column":8},"end":{"line":281,"column":54},"skip":true},"70":{"start":{"line":282,"column":8},"end":{"line":282,"column":69},"skip":true},"71":{"start":{"line":283,"column":8},"end":{"line":291,"column":36},"skip":true},"72":{"start":{"line":284,"column":12},"end":{"line":284,"column":61},"skip":true},"73":{"start":{"line":285,"column":12},"end":{"line":288,"column":13},"skip":true},"74":{"start":{"line":286,"column":16},"end":{"line":286,"column":75},"skip":true},"75":{"start":{"line":287,"column":16},"end":{"line":287,"column":23},"skip":true},"76":{"start":{"line":289,"column":12},"end":{"line":289,"column":38},"skip":true},"77":{"start":{"line":290,"column":12},"end":{"line":290,"column":27},"skip":true},"78":{"start":{"line":292,"column":8},"end":{"line":292,"column":14},"skip":true}},"branchMap":{"1":{"line":146,"type":"binary-expr","locations":[{"start":{"line":146,"column":23},"end":{"line":146,"column":62}},{"start":{"line":147,"column":20},"end":{"line":147,"column":70}},{"start":{"line":148,"column":20},"end":{"line":148,"column":71}},{"start":{"line":149,"column":20},"end":{"line":149,"column":29}}]},"2":{"line":151,"type":"binary-expr","locations":[{"start":{"line":151,"column":23},"end":{"line":151,"column":37}},{"start":{"line":152,"column":20},"end":{"line":152,"column":61}},{"start":{"line":153,"column":20},"end":{"line":153,"column":70}},{"start":{"line":154,"column":20},"end":{"line":154,"column":26}}]},"3":{"line":158,"type":"cond-expr","locations":[{"start":{"line":159,"column":14},"end":{"line":159,"column":20}},{"start":{"line":160,"column":14},"end":{"line":160,"column":20}}]},"4":{"line":162,"type":"binary-expr","locations":[{"start":{"line":162,"column":16},"end":{"line":162,"column":44}},{"start":{"line":162,"column":49},"end":{"line":164,"column":43}}]},"5":{"line":162,"type":"cond-expr","locations":[{"start":{"line":163,"column":14},"end":{"line":163,"column":46}},{"start":{"line":164,"column":14},"end":{"line":164,"column":43}}]},"6":{"line":168,"type":"switch","locations":[{"start":{"line":174,"column":4},"end":{"line":175,"column":14},"skip":true},{"start":{"line":181,"column":4},"end":{"line":292,"column":14},"skip":true}]},"7":{"line":220,"type":"binary-expr","locations":[{"start":{"line":220,"column":27},"end":{"line":220,"column":43},"skip":true},{"start":{"line":220,"column":47},"end":{"line":220,"column":49},"skip":true}]},"8":{"line":228,"type":"binary-expr","locations":[{"start":{"line":228,"column":37},"end":{"line":228,"column":59},"skip":true},{"start":{"line":228,"column":63},"end":{"line":228,"column":65},"skip":true}]},"9":{"line":229,"type":"if","locations":[{"start":{"line":229,"column":12},"end":{"line":229,"column":12},"skip":true},{"start":{"line":229,"column":12},"end":{"line":229,"column":12},"skip":true}]},"10":{"line":240,"type":"binary-expr","locations":[{"start":{"line":240,"column":12},"end":{"line":240,"column":53},"skip":true},{"start":{"line":241,"column":12},"end":{"line":244,"column":36},"skip":true}]},"11":{"line":251,"type":"switch","locations":[{"start":{"line":252,"column":16},"end":{"line":253,"column":60},"skip":true},{"start":{"line":254,"column":16},"end":{"line":255,"column":45},"skip":true},{"start":{"line":256,"column":16},"end":{"line":257,"column":40},"skip":true},{"start":{"line":258,"column":16},"end":{"line":259,"column":35},"skip":true},{"start":{"line":260,"column":16},"end":{"line":261,"column":34},"skip":true}]},"12":{"line":265,"type":"if","locations":[{"start":{"line":265,"column":8},"end":{"line":265,"column":8},"skip":true},{"start":{"line":265,"column":8},"end":{"line":265,"column":8},"skip":true}]},"13":{"line":265,"type":"binary-expr","locations":[{"start":{"line":265,"column":12},"end":{"line":265,"column":35},"skip":true},{"start":{"line":265,"column":39},"end":{"line":265,"column":67},"skip":true}]},"14":{"line":269,"type":"binary-expr","locations":[{"start":{"line":269,"column":12},"end":{"line":269,"column":50},"skip":true},{"start":{"line":270,"column":12},"end":{"line":270,"column":53},"skip":true}]},"15":{"line":271,"type":"binary-expr","locations":[{"start":{"line":271,"column":43},"end":{"line":271,"column":75},"skip":true},{"start":{"line":271,"column":79},"end":{"line":271,"column":81},"skip":true}]},"16":{"line":274,"type":"if","locations":[{"start":{"line":274,"column":8},"end":{"line":274,"column":8},"skip":true},{"start":{"line":274,"column":8},"end":{"line":274,"column":8},"skip":true}]},"17":{"line":278,"type":"if","locations":[{"start":{"line":278,"column":8},"end":{"line":278,"column":8},"skip":true},{"start":{"line":278,"column":8},"end":{"line":278,"column":8},"skip":true}]},"18":{"line":281,"type":"binary-expr","locations":[{"start":{"line":281,"column":27},"end":{"line":281,"column":43},"skip":true},{"start":{"line":281,"column":47},"end":{"line":281,"column":53},"skip":true}]},"19":{"line":285,"type":"if","locations":[{"start":{"line":285,"column":12},"end":{"line":285,"column":12},"skip":true},{"start":{"line":285,"column":12},"end":{"line":285,"column":12},"skip":true}]}},"code":["","","","","","","","","","","","","","","","","","","","","","","","","","","","","","","","","","","","","","","","","","","","","","","","","","","","","","","","","","","","","","","","","","","","","","","","","","","","","","","","","","","","","","","","","","","","","","","","","","","","","","","","","","/*","example.js","","this script will run a web-demo of swagger-ui-lite","","instruction","    1. save this script as example.js","    2. run the shell command:","        $ npm install swagger-ui-lite && PORT=8081 node example.js","    3. open a browser to http://127.0.0.1:8081 and play with the web-demo","    4. edit this script to suit your needs","*/","","","","/* istanbul instrument in package swagger_ui */","/* jslint-utility2 */","/*jslint","    bitwise: true,","    browser: true,","    maxerr: 4,","    maxlen: 100,","    node: true,","    nomen: true,","    regexp: true,","    stupid: true","*/","(function () {","    'use strict';","    var local;","","","","    // run shared js-env code - init-before","    (function () {","        // init local","        local = {};","        // init modeJs","        local.modeJs = (function () {","            try {","                return typeof navigator.userAgent === 'string' &&","                    typeof document.querySelector('body') === 'object' &&","                    typeof XMLHttpRequest.prototype.open === 'function' &&","                    'browser';","            } catch (errorCaughtBrowser) {","                return module.exports &&","                    typeof process.versions.node === 'string' &&","                    typeof require('http').createServer === 'function' &&","                    'node';","            }","        }());","        // init global","        local.global = local.modeJs === 'browser'","            ? window","            : global;","        // init utility2_rollup","        local = local.global.utility2_rollup || (local.modeJs === 'browser'","            ? local.global.utility2_swagger_ui","            : global.utility2_moduleExports);","        // init exports","        local.global.local = local;","    }());","    switch (local.modeJs) {","","","","    // run browser js-env code - init-test","    /* istanbul ignore next */","    case 'browser':","        break;","","","","    // run node js-env code - init-test","    /* istanbul ignore next */","    case 'node':","        // init exports","        module.exports = local;","        // require builtins","        // local.assert = require('assert');","        local.buffer = require('buffer');","        local.child_process = require('child_process');","        local.cluster = require('cluster');","        local.console = require('console');","        local.constants = require('constants');","        local.crypto = require('crypto');","        local.dgram = require('dgram');","        local.dns = require('dns');","        local.domain = require('domain');","        local.events = require('events');","        local.fs = require('fs');","        local.http = require('http');","        local.https = require('https');","        local.module = require('module');","        local.net = require('net');","        local.os = require('os');","        local.path = require('path');","        local.process = require('process');","        local.punycode = require('punycode');","        local.querystring = require('querystring');","        local.readline = require('readline');","        local.repl = require('repl');","        local.stream = require('stream');","        local.string_decoder = require('string_decoder');","        local.timers = require('timers');","        local.tls = require('tls');","        local.tty = require('tty');","        local.url = require('url');","        local.util = require('util');","        local.v8 = require('v8');","        local.vm = require('vm');","        local.zlib = require('zlib');","/* validateLineSortedReset */","        // init assets","        local.assetsDict = local.assetsDict || {};","        [","            'assets.index.css',","            'assets.index.template.html',","            'assets.swgg.swagger.json',","            'assets.swgg.swagger.server.json'","        ].forEach(function (file) {","            file = '/' + file;","            local.assetsDict[file] = local.assetsDict[file] || '';","            if (local.fs.existsSync(local.__dirname + file)) {","                local.assetsDict[file] = local.fs.readFileSync(","                    local.__dirname + file,","                    'utf8'","                );","            }","        });","/* validateLineSortedReset */","        // bug-workaround - long $npm_package_buildCustomOrg","        /* jslint-ignore-begin */","        local.assetsDict['/assets.swagger_ui.js'] =","            local.assetsDict['/assets.swagger_ui.js'] ||","            local.fs.readFileSync(","                local.__dirname + '/lib.swagger_ui.js',","                'utf8'","            ).replace((/^#!/), '//');","        /* jslint-ignore-end */","/* validateLineSortedReset */","        local.assetsDict['/'] =","            local.assetsDict['/assets.example.html'] =","            local.assetsDict['/assets.index.template.html']","            .replace((/\\{\\{env\\.(\\w+?)\\}\\}/g), function (match0, match1) {","                switch (match1) {","                case 'npm_package_description':","                    return 'the greatest app in the world!';","                case 'npm_package_name':","                    return 'swagger-ui-lite';","                case 'npm_package_nameLib':","                    return 'swagger_ui';","                case 'npm_package_version':","                    return '0.0.1';","                default:","                    return match0;","                }","            });","        // init cli","        if (module !== require.main || local.global.utility2_rollup) {","            break;","        }","        local.assetsDict['/assets.example.js'] =","            local.assetsDict['/assets.example.js'] ||","            local.fs.readFileSync(__filename, 'utf8');","        local.assetsDict['/favicon.ico'] = local.assetsDict['/favicon.ico'] || '';","        // if $npm_config_timeout_exit exists,","        // then exit this process after $npm_config_timeout_exit ms","        if (Number(process.env.npm_config_timeout_exit)) {","            setTimeout(process.exit, Number(process.env.npm_config_timeout_exit));","        }","        // start server","        if (local.global.utility2_serverHttp1) {","            break;","        }","        process.env.PORT = process.env.PORT || '8081';","        console.error('server starting on port ' + process.env.PORT);","        local.http.createServer(function (request, response) {","            request.urlParsed = local.url.parse(request.url);","            if (local.assetsDict[request.urlParsed.pathname] !== undefined) {","                response.end(local.assetsDict[request.urlParsed.pathname]);","                return;","            }","            response.statusCode = 404;","            response.end();","        }).listen(process.env.PORT);","        break;","    }","}());"],"l":{"133":2,"135":2,"140":2,"142":2,"144":2,"145":2,"146":2,"151":1,"158":2,"162":2,"166":2,"168":2,"175":1,"183":1,"186":1,"187":1,"188":1,"189":1,"190":1,"191":1,"192":1,"193":1,"194":1,"195":1,"196":1,"197":1,"198":1,"199":1,"200":1,"201":1,"202":1,"203":1,"204":1,"205":1,"206":1,"207":1,"208":1,"209":1,"210":1,"211":1,"212":1,"213":1,"214":1,"215":1,"216":1,"217":1,"220":1,"221":1,"227":4,"228":4,"229":4,"230":1,"239":1,"247":1,"251":1,"253":1,"255":1,"257":1,"259":1,"261":1,"265":1,"266":1,"268":1,"271":1,"274":1,"275":1,"278":1,"279":1,"281":1,"282":1,"283":1,"284":1,"285":1,"286":1,"287":1,"289":1,"290":1,"292":1}}}